[1.590s] Invoking command in '/home/sarten-imusa-420/Documents/ROS/ros2_camera_ws/src/rosboard': PYTHONPATH=/home/sarten-imusa-420/Documents/ROS/ros2_camera_ws/build/rosboard/prefix_override:/home/sarten-imusa-420/Documents/ROS/ros2_camera_ws/install/rosboard/lib/python3.10/site-packages:${PYTHONPATH} /usr/bin/python3 setup.py egg_info --egg-base ../../build/rosboard build --build-base /home/sarten-imusa-420/Documents/ROS/ros2_camera_ws/build/rosboard/build install --record /home/sarten-imusa-420/Documents/ROS/ros2_camera_ws/build/rosboard/install.log --single-version-externally-managed
[1.996s] running egg_info
[1.997s] writing ../../build/rosboard/rosboard.egg-info/PKG-INFO
[1.998s] writing dependency_links to ../../build/rosboard/rosboard.egg-info/dependency_links.txt
[1.998s] writing entry points to ../../build/rosboard/rosboard.egg-info/entry_points.txt
[1.999s] writing requirements to ../../build/rosboard/rosboard.egg-info/requires.txt
[1.999s] writing top-level names to ../../build/rosboard/rosboard.egg-info/top_level.txt
[2.008s] reading manifest file '../../build/rosboard/rosboard.egg-info/SOURCES.txt'
[2.009s] adding license file 'LICENSE'
[2.012s] writing manifest file '../../build/rosboard/rosboard.egg-info/SOURCES.txt'
[2.013s] running build
[2.013s] running build_py
[2.025s] running install
[2.026s] /usr/lib/python3/dist-packages/setuptools/command/install.py:34: SetuptoolsDeprecationWarning: setup.py install is deprecated. Use build and pip and other standards-based tools.
[2.026s]   warnings.warn(
[2.026s] running install_lib
[2.033s] running install_data
[2.034s] running install_egg_info
[2.040s] removing '/home/sarten-imusa-420/Documents/ROS/ros2_camera_ws/install/rosboard/lib/python3.10/site-packages/rosboard-1.2.1-py3.10.egg-info' (and everything under it)
[2.040s] Copying ../../build/rosboard/rosboard.egg-info to /home/sarten-imusa-420/Documents/ROS/ros2_camera_ws/install/rosboard/lib/python3.10/site-packages/rosboard-1.2.1-py3.10.egg-info
[2.041s] running install_scripts
[2.077s] Installing rosboard_node script to /home/sarten-imusa-420/Documents/ROS/ros2_camera_ws/install/rosboard/lib/rosboard
[2.080s] writing list of installed files to '/home/sarten-imusa-420/Documents/ROS/ros2_camera_ws/build/rosboard/install.log'
[2.160s] Invoked command in '/home/sarten-imusa-420/Documents/ROS/ros2_camera_ws/src/rosboard' returned '0': PYTHONPATH=/home/sarten-imusa-420/Documents/ROS/ros2_camera_ws/build/rosboard/prefix_override:/home/sarten-imusa-420/Documents/ROS/ros2_camera_ws/install/rosboard/lib/python3.10/site-packages:${PYTHONPATH} /usr/bin/python3 setup.py egg_info --egg-base ../../build/rosboard build --build-base /home/sarten-imusa-420/Documents/ROS/ros2_camera_ws/build/rosboard/build install --record /home/sarten-imusa-420/Documents/ROS/ros2_camera_ws/build/rosboard/install.log --single-version-externally-managed
