[1.708s] Invoking command in '/home/sarten-imusa-420/Documents/ROS/ros2_camera_ws/src/cam_stream': PYTHONPATH=/home/sarten-imusa-420/Documents/ROS/ros2_camera_ws/build/cam_stream/prefix_override:/home/sarten-imusa-420/Documents/ROS/ros2_camera_ws/install/cam_stream/lib/python3.10/site-packages:${PYTHONPATH} /usr/bin/python3 setup.py egg_info --egg-base ../../build/cam_stream build --build-base /home/sarten-imusa-420/Documents/ROS/ros2_camera_ws/build/cam_stream/build install --record /home/sarten-imusa-420/Documents/ROS/ros2_camera_ws/build/cam_stream/install.log --single-version-externally-managed
[2.133s] running egg_info
[2.134s] writing ../../build/cam_stream/cam_stream.egg-info/PKG-INFO
[2.135s] writing dependency_links to ../../build/cam_stream/cam_stream.egg-info/dependency_links.txt
[2.135s] writing entry points to ../../build/cam_stream/cam_stream.egg-info/entry_points.txt
[2.136s] writing requirements to ../../build/cam_stream/cam_stream.egg-info/requires.txt
[2.136s] writing top-level names to ../../build/cam_stream/cam_stream.egg-info/top_level.txt
[2.139s] reading manifest file '../../build/cam_stream/cam_stream.egg-info/SOURCES.txt'
[2.144s] writing manifest file '../../build/cam_stream/cam_stream.egg-info/SOURCES.txt'
[2.145s] running build
[2.145s] running build_py
[2.145s] copying cam_stream/driver_node.py -> /home/sarten-imusa-420/Documents/ROS/ros2_camera_ws/build/cam_stream/build/lib/cam_stream
[2.146s] running install
[2.146s] /usr/lib/python3/dist-packages/setuptools/command/install.py:34: SetuptoolsDeprecationWarning: setup.py install is deprecated. Use build and pip and other standards-based tools.
[2.146s]   warnings.warn(
[2.147s] running install_lib
[2.149s] copying /home/sarten-imusa-420/Documents/ROS/ros2_camera_ws/build/cam_stream/build/lib/cam_stream/driver_node.py -> /home/sarten-imusa-420/Documents/ROS/ros2_camera_ws/install/cam_stream/lib/python3.10/site-packages/cam_stream
[2.150s] byte-compiling /home/sarten-imusa-420/Documents/ROS/ros2_camera_ws/install/cam_stream/lib/python3.10/site-packages/cam_stream/driver_node.py to driver_node.cpython-310.pyc
[2.152s] running install_data
[2.154s] running install_egg_info
[2.157s] removing '/home/sarten-imusa-420/Documents/ROS/ros2_camera_ws/install/cam_stream/lib/python3.10/site-packages/cam_stream-0.0.0-py3.10.egg-info' (and everything under it)
[2.158s] Copying ../../build/cam_stream/cam_stream.egg-info to /home/sarten-imusa-420/Documents/ROS/ros2_camera_ws/install/cam_stream/lib/python3.10/site-packages/cam_stream-0.0.0-py3.10.egg-info
[2.160s] running install_scripts
[2.200s] Installing driver_node script to /home/sarten-imusa-420/Documents/ROS/ros2_camera_ws/install/cam_stream/lib/cam_stream
[2.200s] writing list of installed files to '/home/sarten-imusa-420/Documents/ROS/ros2_camera_ws/build/cam_stream/install.log'
[2.288s] Invoked command in '/home/sarten-imusa-420/Documents/ROS/ros2_camera_ws/src/cam_stream' returned '0': PYTHONPATH=/home/sarten-imusa-420/Documents/ROS/ros2_camera_ws/build/cam_stream/prefix_override:/home/sarten-imusa-420/Documents/ROS/ros2_camera_ws/install/cam_stream/lib/python3.10/site-packages:${PYTHONPATH} /usr/bin/python3 setup.py egg_info --egg-base ../../build/cam_stream build --build-base /home/sarten-imusa-420/Documents/ROS/ros2_camera_ws/build/cam_stream/build install --record /home/sarten-imusa-420/Documents/ROS/ros2_camera_ws/build/cam_stream/install.log --single-version-externally-managed
