running egg_info
creating ../../build/rosboard/rosboard.egg-info
writing ../../build/rosboard/rosboard.egg-info/PKG-INFO
writing dependency_links to ../../build/rosboard/rosboard.egg-info/dependency_links.txt
writing entry points to ../../build/rosboard/rosboard.egg-info/entry_points.txt
writing requirements to ../../build/rosboard/rosboard.egg-info/requires.txt
writing top-level names to ../../build/rosboard/rosboard.egg-info/top_level.txt
writing manifest file '../../build/rosboard/rosboard.egg-info/SOURCES.txt'
reading manifest file '../../build/rosboard/rosboard.egg-info/SOURCES.txt'
adding license file 'LICENSE'
writing manifest file '../../build/rosboard/rosboard.egg-info/SOURCES.txt'
running build
running build_py
creating /home/sarten-imusa-420/Documents/ROS/ros2_camera_ws/build/rosboard/build
creating /home/sarten-imusa-420/Documents/ROS/ros2_camera_ws/build/rosboard/build/lib
creating /home/sarten-imusa-420/Documents/ROS/ros2_camera_ws/build/rosboard/build/lib/rosboard
copying rosboard/cv_bridge.py -> /home/sarten-imusa-420/Documents/ROS/ros2_camera_ws/build/rosboard/build/lib/rosboard
copying rosboard/handlers.py -> /home/sarten-imusa-420/Documents/ROS/ros2_camera_ws/build/rosboard/build/lib/rosboard
copying rosboard/message_serialization.py -> /home/sarten-imusa-420/Documents/ROS/ros2_camera_ws/build/rosboard/build/lib/rosboard
copying rosboard/serialization.py -> /home/sarten-imusa-420/Documents/ROS/ros2_camera_ws/build/rosboard/build/lib/rosboard
copying rosboard/compression.py -> /home/sarten-imusa-420/Documents/ROS/ros2_camera_ws/build/rosboard/build/lib/rosboard
copying rosboard/__init__.py -> /home/sarten-imusa-420/Documents/ROS/ros2_camera_ws/build/rosboard/build/lib/rosboard
copying rosboard/rosboard.py -> /home/sarten-imusa-420/Documents/ROS/ros2_camera_ws/build/rosboard/build/lib/rosboard
creating /home/sarten-imusa-420/Documents/ROS/ros2_camera_ws/build/rosboard/build/lib/rosboard/subscribers
copying rosboard/subscribers/system_stats_subscriber.py -> /home/sarten-imusa-420/Documents/ROS/ros2_camera_ws/build/rosboard/build/lib/rosboard/subscribers
copying rosboard/subscribers/dummy_subscriber.py -> /home/sarten-imusa-420/Documents/ROS/ros2_camera_ws/build/rosboard/build/lib/rosboard/subscribers
copying rosboard/subscribers/dmesg_subscriber.py -> /home/sarten-imusa-420/Documents/ROS/ros2_camera_ws/build/rosboard/build/lib/rosboard/subscribers
copying rosboard/subscribers/processes_subscriber.py -> /home/sarten-imusa-420/Documents/ROS/ros2_camera_ws/build/rosboard/build/lib/rosboard/subscribers
copying rosboard/subscribers/__init__.py -> /home/sarten-imusa-420/Documents/ROS/ros2_camera_ws/build/rosboard/build/lib/rosboard/subscribers
creating /home/sarten-imusa-420/Documents/ROS/ros2_camera_ws/build/rosboard/build/lib/rosboard/rospy2
copying rosboard/rospy2/constants.py -> /home/sarten-imusa-420/Documents/ROS/ros2_camera_ws/build/rosboard/build/lib/rosboard/rospy2
copying rosboard/rospy2/__init__.py -> /home/sarten-imusa-420/Documents/ROS/ros2_camera_ws/build/rosboard/build/lib/rosboard/rospy2
creating /home/sarten-imusa-420/Documents/ROS/ros2_camera_ws/build/rosboard/build/lib/rosboard/html
copying rosboard/html/index.html -> /home/sarten-imusa-420/Documents/ROS/ros2_camera_ws/build/rosboard/build/lib/rosboard/html
creating /home/sarten-imusa-420/Documents/ROS/ros2_camera_ws/build/rosboard/build/lib/rosboard/html/fonts
copying rosboard/html/fonts/titillium-web-v10-latin-700.svg -> /home/sarten-imusa-420/Documents/ROS/ros2_camera_ws/build/rosboard/build/lib/rosboard/html/fonts
copying rosboard/html/fonts/jetbrains-mono-v6-latin-300.woff -> /home/sarten-imusa-420/Documents/ROS/ros2_camera_ws/build/rosboard/build/lib/rosboard/html/fonts
copying rosboard/html/fonts/titillium-web-v10-latin-300.woff2 -> /home/sarten-imusa-420/Documents/ROS/ros2_camera_ws/build/rosboard/build/lib/rosboard/html/fonts
copying rosboard/html/fonts/jetbrains-mono-v6-latin-300.ttf -> /home/sarten-imusa-420/Documents/ROS/ros2_camera_ws/build/rosboard/build/lib/rosboard/html/fonts
copying rosboard/html/fonts/jetbrains-mono-v6-latin-700.woff2 -> /home/sarten-imusa-420/Documents/ROS/ros2_camera_ws/build/rosboard/build/lib/rosboard/html/fonts
copying rosboard/html/fonts/titillium-web-v10-latin-700.eot -> /home/sarten-imusa-420/Documents/ROS/ros2_camera_ws/build/rosboard/build/lib/rosboard/html/fonts
copying rosboard/html/fonts/MaterialIcons-Regular.svg -> /home/sarten-imusa-420/Documents/ROS/ros2_camera_ws/build/rosboard/build/lib/rosboard/html/fonts
copying rosboard/html/fonts/jetbrains-mono-v6-latin-700.woff -> /home/sarten-imusa-420/Documents/ROS/ros2_camera_ws/build/rosboard/build/lib/rosboard/html/fonts
copying rosboard/html/fonts/jetbrains-mono-v6-latin-700.ttf -> /home/sarten-imusa-420/Documents/ROS/ros2_camera_ws/build/rosboard/build/lib/rosboard/html/fonts
copying rosboard/html/fonts/MaterialIcons-Regular.eot -> /home/sarten-imusa-420/Documents/ROS/ros2_camera_ws/build/rosboard/build/lib/rosboard/html/fonts
copying rosboard/html/fonts/MaterialIcons-Regular.ijmap -> /home/sarten-imusa-420/Documents/ROS/ros2_camera_ws/build/rosboard/build/lib/rosboard/html/fonts
copying rosboard/html/fonts/titillium-web-v10-latin-700.woff -> /home/sarten-imusa-420/Documents/ROS/ros2_camera_ws/build/rosboard/build/lib/rosboard/html/fonts
copying rosboard/html/fonts/titillium-web-v10-latin-300.ttf -> /home/sarten-imusa-420/Documents/ROS/ros2_camera_ws/build/rosboard/build/lib/rosboard/html/fonts
copying rosboard/html/fonts/jetbrains-mono-v6-latin-300.svg -> /home/sarten-imusa-420/Documents/ROS/ros2_camera_ws/build/rosboard/build/lib/rosboard/html/fonts
copying rosboard/html/fonts/jetbrains-mono-v6-latin-700.svg -> /home/sarten-imusa-420/Documents/ROS/ros2_camera_ws/build/rosboard/build/lib/rosboard/html/fonts
copying rosboard/html/fonts/titillium-web-v10-latin-300.woff -> /home/sarten-imusa-420/Documents/ROS/ros2_camera_ws/build/rosboard/build/lib/rosboard/html/fonts
copying rosboard/html/fonts/MaterialIcons-Regular.woff2 -> /home/sarten-imusa-420/Documents/ROS/ros2_camera_ws/build/rosboard/build/lib/rosboard/html/fonts
copying rosboard/html/fonts/MaterialIcons-Regular.woff -> /home/sarten-imusa-420/Documents/ROS/ros2_camera_ws/build/rosboard/build/lib/rosboard/html/fonts
copying rosboard/html/fonts/MaterialIcons-Regular.ttf -> /home/sarten-imusa-420/Documents/ROS/ros2_camera_ws/build/rosboard/build/lib/rosboard/html/fonts
copying rosboard/html/fonts/jetbrains-mono-v6-latin-300.eot -> /home/sarten-imusa-420/Documents/ROS/ros2_camera_ws/build/rosboard/build/lib/rosboard/html/fonts
copying rosboard/html/fonts/titillium-web-v10-latin-300.eot -> /home/sarten-imusa-420/Documents/ROS/ros2_camera_ws/build/rosboard/build/lib/rosboard/html/fonts
copying rosboard/html/fonts/jetbrains-mono-v6-latin-300.woff2 -> /home/sarten-imusa-420/Documents/ROS/ros2_camera_ws/build/rosboard/build/lib/rosboard/html/fonts
copying rosboard/html/fonts/titillium-web-v10-latin-700.ttf -> /home/sarten-imusa-420/Documents/ROS/ros2_camera_ws/build/rosboard/build/lib/rosboard/html/fonts
copying rosboard/html/fonts/titillium-web-v10-latin-300.svg -> /home/sarten-imusa-420/Documents/ROS/ros2_camera_ws/build/rosboard/build/lib/rosboard/html/fonts
copying rosboard/html/fonts/titillium-web-v10-latin-700.woff2 -> /home/sarten-imusa-420/Documents/ROS/ros2_camera_ws/build/rosboard/build/lib/rosboard/html/fonts
copying rosboard/html/fonts/jetbrains-mono-v6-latin-700.eot -> /home/sarten-imusa-420/Documents/ROS/ros2_camera_ws/build/rosboard/build/lib/rosboard/html/fonts
creating /home/sarten-imusa-420/Documents/ROS/ros2_camera_ws/build/rosboard/build/lib/rosboard/html/css
copying rosboard/html/css/leaflet.easy-button.css -> /home/sarten-imusa-420/Documents/ROS/ros2_camera_ws/build/rosboard/build/lib/rosboard/html/css
copying rosboard/html/css/uPlot.min.css -> /home/sarten-imusa-420/Documents/ROS/ros2_camera_ws/build/rosboard/build/lib/rosboard/html/css
copying rosboard/html/css/index.css -> /home/sarten-imusa-420/Documents/ROS/ros2_camera_ws/build/rosboard/build/lib/rosboard/html/css
copying rosboard/html/css/material-icons.css -> /home/sarten-imusa-420/Documents/ROS/ros2_camera_ws/build/rosboard/build/lib/rosboard/html/css
copying rosboard/html/css/leaflet.css -> /home/sarten-imusa-420/Documents/ROS/ros2_camera_ws/build/rosboard/build/lib/rosboard/html/css
copying rosboard/html/css/material.blue_grey-indigo.min.css -> /home/sarten-imusa-420/Documents/ROS/ros2_camera_ws/build/rosboard/build/lib/rosboard/html/css
copying rosboard/html/css/material.indigo-blue.min.css -> /home/sarten-imusa-420/Documents/ROS/ros2_camera_ws/build/rosboard/build/lib/rosboard/html/css
copying rosboard/html/css/material.light_green-lime.min.css -> /home/sarten-imusa-420/Documents/ROS/ros2_camera_ws/build/rosboard/build/lib/rosboard/html/css
creating /home/sarten-imusa-420/Documents/ROS/ros2_camera_ws/build/rosboard/build/lib/rosboard/html/css/images
copying rosboard/html/css/images/marker-icon.png -> /home/sarten-imusa-420/Documents/ROS/ros2_camera_ws/build/rosboard/build/lib/rosboard/html/css/images
copying rosboard/html/css/images/marker-icon-2x.png -> /home/sarten-imusa-420/Documents/ROS/ros2_camera_ws/build/rosboard/build/lib/rosboard/html/css/images
copying rosboard/html/css/images/marker-shadow.png -> /home/sarten-imusa-420/Documents/ROS/ros2_camera_ws/build/rosboard/build/lib/rosboard/html/css/images
copying rosboard/html/css/images/layers-2x.png -> /home/sarten-imusa-420/Documents/ROS/ros2_camera_ws/build/rosboard/build/lib/rosboard/html/css/images
copying rosboard/html/css/images/layers.png -> /home/sarten-imusa-420/Documents/ROS/ros2_camera_ws/build/rosboard/build/lib/rosboard/html/css/images
creating /home/sarten-imusa-420/Documents/ROS/ros2_camera_ws/build/rosboard/build/lib/rosboard/html/js
copying rosboard/html/js/gl-matrix.js -> /home/sarten-imusa-420/Documents/ROS/ros2_camera_ws/build/rosboard/build/lib/rosboard/html/js
copying rosboard/html/js/jquery-3.1.0.min.js -> /home/sarten-imusa-420/Documents/ROS/ros2_camera_ws/build/rosboard/build/lib/rosboard/html/js
copying rosboard/html/js/leaflet-src.esm.js -> /home/sarten-imusa-420/Documents/ROS/ros2_camera_ws/build/rosboard/build/lib/rosboard/html/js
copying rosboard/html/js/material.min.js -> /home/sarten-imusa-420/Documents/ROS/ros2_camera_ws/build/rosboard/build/lib/rosboard/html/js
copying rosboard/html/js/leaflet-src.js.map -> /home/sarten-imusa-420/Documents/ROS/ros2_camera_ws/build/rosboard/build/lib/rosboard/html/js
copying rosboard/html/js/import-helper.js -> /home/sarten-imusa-420/Documents/ROS/ros2_camera_ws/build/rosboard/build/lib/rosboard/html/js
copying rosboard/html/js/rosbag.js -> /home/sarten-imusa-420/Documents/ROS/ros2_camera_ws/build/rosboard/build/lib/rosboard/html/js
copying rosboard/html/js/index.js -> /home/sarten-imusa-420/Documents/ROS/ros2_camera_ws/build/rosboard/build/lib/rosboard/html/js
copying rosboard/html/js/uPlot.iife.min.js -> /home/sarten-imusa-420/Documents/ROS/ros2_camera_ws/build/rosboard/build/lib/rosboard/html/js
copying rosboard/html/js/leaflet.js.map -> /home/sarten-imusa-420/Documents/ROS/ros2_camera_ws/build/rosboard/build/lib/rosboard/html/js
copying rosboard/html/js/json5.min.js -> /home/sarten-imusa-420/Documents/ROS/ros2_camera_ws/build/rosboard/build/lib/rosboard/html/js
copying rosboard/html/js/leaflet.easy-button.js -> /home/sarten-imusa-420/Documents/ROS/ros2_camera_ws/build/rosboard/build/lib/rosboard/html/js
copying rosboard/html/js/masonry.pkgd.min.js -> /home/sarten-imusa-420/Documents/ROS/ros2_camera_ws/build/rosboard/build/lib/rosboard/html/js
copying rosboard/html/js/leaflet-src.js -> /home/sarten-imusa-420/Documents/ROS/ros2_camera_ws/build/rosboard/build/lib/rosboard/html/js
copying rosboard/html/js/jquery.transit.min.js -> /home/sarten-imusa-420/Documents/ROS/ros2_camera_ws/build/rosboard/build/lib/rosboard/html/js
copying rosboard/html/js/litegl.min.js -> /home/sarten-imusa-420/Documents/ROS/ros2_camera_ws/build/rosboard/build/lib/rosboard/html/js
copying rosboard/html/js/eventemitter2.min.js -> /home/sarten-imusa-420/Documents/ROS/ros2_camera_ws/build/rosboard/build/lib/rosboard/html/js
copying rosboard/html/js/leaflet-src.esm.js.map -> /home/sarten-imusa-420/Documents/ROS/ros2_camera_ws/build/rosboard/build/lib/rosboard/html/js
copying rosboard/html/js/draggabilly.pkgd.min.js -> /home/sarten-imusa-420/Documents/ROS/ros2_camera_ws/build/rosboard/build/lib/rosboard/html/js
copying rosboard/html/js/material.min.js.map -> /home/sarten-imusa-420/Documents/ROS/ros2_camera_ws/build/rosboard/build/lib/rosboard/html/js
copying rosboard/html/js/leaflet.js -> /home/sarten-imusa-420/Documents/ROS/ros2_camera_ws/build/rosboard/build/lib/rosboard/html/js
creating /home/sarten-imusa-420/Documents/ROS/ros2_camera_ws/build/rosboard/build/lib/rosboard/html/js/viewers
copying rosboard/html/js/viewers/GenericViewer.js -> /home/sarten-imusa-420/Documents/ROS/ros2_camera_ws/build/rosboard/build/lib/rosboard/html/js/viewers
copying rosboard/html/js/viewers/PolygonViewer.js -> /home/sarten-imusa-420/Documents/ROS/ros2_camera_ws/build/rosboard/build/lib/rosboard/html/js/viewers
copying rosboard/html/js/viewers/LogViewer.js -> /home/sarten-imusa-420/Documents/ROS/ros2_camera_ws/build/rosboard/build/lib/rosboard/html/js/viewers
copying rosboard/html/js/viewers/TimeSeriesPlotViewer.js -> /home/sarten-imusa-420/Documents/ROS/ros2_camera_ws/build/rosboard/build/lib/rosboard/html/js/viewers
copying rosboard/html/js/viewers/DiagnosticViewer.js -> /home/sarten-imusa-420/Documents/ROS/ros2_camera_ws/build/rosboard/build/lib/rosboard/html/js/viewers
copying rosboard/html/js/viewers/PointCloud2Viewer.js -> /home/sarten-imusa-420/Documents/ROS/ros2_camera_ws/build/rosboard/build/lib/rosboard/html/js/viewers
copying rosboard/html/js/viewers/MapViewer.js -> /home/sarten-imusa-420/Documents/ROS/ros2_camera_ws/build/rosboard/build/lib/rosboard/html/js/viewers
copying rosboard/html/js/viewers/GeometryViewer.js -> /home/sarten-imusa-420/Documents/ROS/ros2_camera_ws/build/rosboard/build/lib/rosboard/html/js/viewers
copying rosboard/html/js/viewers/LaserScanViewer.js -> /home/sarten-imusa-420/Documents/ROS/ros2_camera_ws/build/rosboard/build/lib/rosboard/html/js/viewers
copying rosboard/html/js/viewers/ImageViewer.js -> /home/sarten-imusa-420/Documents/ROS/ros2_camera_ws/build/rosboard/build/lib/rosboard/html/js/viewers
copying rosboard/html/js/viewers/ProcessListViewer.js -> /home/sarten-imusa-420/Documents/ROS/ros2_camera_ws/build/rosboard/build/lib/rosboard/html/js/viewers
creating /home/sarten-imusa-420/Documents/ROS/ros2_camera_ws/build/rosboard/build/lib/rosboard/html/js/viewers/meta
copying rosboard/html/js/viewers/meta/Viewer.js -> /home/sarten-imusa-420/Documents/ROS/ros2_camera_ws/build/rosboard/build/lib/rosboard/html/js/viewers/meta
copying rosboard/html/js/viewers/meta/Space3DViewer.js -> /home/sarten-imusa-420/Documents/ROS/ros2_camera_ws/build/rosboard/build/lib/rosboard/html/js/viewers/meta
copying rosboard/html/js/viewers/meta/Space2DViewer.js -> /home/sarten-imusa-420/Documents/ROS/ros2_camera_ws/build/rosboard/build/lib/rosboard/html/js/viewers/meta
creating /home/sarten-imusa-420/Documents/ROS/ros2_camera_ws/build/rosboard/build/lib/rosboard/html/js/transports
copying rosboard/html/js/transports/RosBridgeTransport.js -> /home/sarten-imusa-420/Documents/ROS/ros2_camera_ws/build/rosboard/build/lib/rosboard/html/js/transports
copying rosboard/html/js/transports/WebSocketV1Transport.js -> /home/sarten-imusa-420/Documents/ROS/ros2_camera_ws/build/rosboard/build/lib/rosboard/html/js/transports
copying rosboard/html/js/transports/Rosbag2Transport.js -> /home/sarten-imusa-420/Documents/ROS/ros2_camera_ws/build/rosboard/build/lib/rosboard/html/js/transports
copying rosboard/html/js/transports/RosbagTransport.js -> /home/sarten-imusa-420/Documents/ROS/ros2_camera_ws/build/rosboard/build/lib/rosboard/html/js/transports
copying rosboard/html/js/transports/DeviceSensorTransport.js -> /home/sarten-imusa-420/Documents/ROS/ros2_camera_ws/build/rosboard/build/lib/rosboard/html/js/transports
running install
/usr/lib/python3/dist-packages/setuptools/command/install.py:34: SetuptoolsDeprecationWarning: setup.py install is deprecated. Use build and pip and other standards-based tools.
  warnings.warn(
running install_lib
creating /home/sarten-imusa-420/Documents/ROS/ros2_camera_ws/install/rosboard/lib/python3.10/site-packages/rosboard
copying /home/sarten-imusa-420/Documents/ROS/ros2_camera_ws/build/rosboard/build/lib/rosboard/cv_bridge.py -> /home/sarten-imusa-420/Documents/ROS/ros2_camera_ws/install/rosboard/lib/python3.10/site-packages/rosboard
copying /home/sarten-imusa-420/Documents/ROS/ros2_camera_ws/build/rosboard/build/lib/rosboard/handlers.py -> /home/sarten-imusa-420/Documents/ROS/ros2_camera_ws/install/rosboard/lib/python3.10/site-packages/rosboard
copying /home/sarten-imusa-420/Documents/ROS/ros2_camera_ws/build/rosboard/build/lib/rosboard/message_serialization.py -> /home/sarten-imusa-420/Documents/ROS/ros2_camera_ws/install/rosboard/lib/python3.10/site-packages/rosboard
copying /home/sarten-imusa-420/Documents/ROS/ros2_camera_ws/build/rosboard/build/lib/rosboard/serialization.py -> /home/sarten-imusa-420/Documents/ROS/ros2_camera_ws/install/rosboard/lib/python3.10/site-packages/rosboard
creating /home/sarten-imusa-420/Documents/ROS/ros2_camera_ws/install/rosboard/lib/python3.10/site-packages/rosboard/subscribers
copying /home/sarten-imusa-420/Documents/ROS/ros2_camera_ws/build/rosboard/build/lib/rosboard/subscribers/system_stats_subscriber.py -> /home/sarten-imusa-420/Documents/ROS/ros2_camera_ws/install/rosboard/lib/python3.10/site-packages/rosboard/subscribers
copying /home/sarten-imusa-420/Documents/ROS/ros2_camera_ws/build/rosboard/build/lib/rosboard/subscribers/dummy_subscriber.py -> /home/sarten-imusa-420/Documents/ROS/ros2_camera_ws/install/rosboard/lib/python3.10/site-packages/rosboard/subscribers
copying /home/sarten-imusa-420/Documents/ROS/ros2_camera_ws/build/rosboard/build/lib/rosboard/subscribers/dmesg_subscriber.py -> /home/sarten-imusa-420/Documents/ROS/ros2_camera_ws/install/rosboard/lib/python3.10/site-packages/rosboard/subscribers
copying /home/sarten-imusa-420/Documents/ROS/ros2_camera_ws/build/rosboard/build/lib/rosboard/subscribers/processes_subscriber.py -> /home/sarten-imusa-420/Documents/ROS/ros2_camera_ws/install/rosboard/lib/python3.10/site-packages/rosboard/subscribers
copying /home/sarten-imusa-420/Documents/ROS/ros2_camera_ws/build/rosboard/build/lib/rosboard/subscribers/__init__.py -> /home/sarten-imusa-420/Documents/ROS/ros2_camera_ws/install/rosboard/lib/python3.10/site-packages/rosboard/subscribers
creating /home/sarten-imusa-420/Documents/ROS/ros2_camera_ws/install/rosboard/lib/python3.10/site-packages/rosboard/html
creating /home/sarten-imusa-420/Documents/ROS/ros2_camera_ws/install/rosboard/lib/python3.10/site-packages/rosboard/html/js
copying /home/sarten-imusa-420/Documents/ROS/ros2_camera_ws/build/rosboard/build/lib/rosboard/html/js/gl-matrix.js -> /home/sarten-imusa-420/Documents/ROS/ros2_camera_ws/install/rosboard/lib/python3.10/site-packages/rosboard/html/js
copying /home/sarten-imusa-420/Documents/ROS/ros2_camera_ws/build/rosboard/build/lib/rosboard/html/js/jquery-3.1.0.min.js -> /home/sarten-imusa-420/Documents/ROS/ros2_camera_ws/install/rosboard/lib/python3.10/site-packages/rosboard/html/js
copying /home/sarten-imusa-420/Documents/ROS/ros2_camera_ws/build/rosboard/build/lib/rosboard/html/js/leaflet-src.esm.js -> /home/sarten-imusa-420/Documents/ROS/ros2_camera_ws/install/rosboard/lib/python3.10/site-packages/rosboard/html/js
copying /home/sarten-imusa-420/Documents/ROS/ros2_camera_ws/build/rosboard/build/lib/rosboard/html/js/material.min.js -> /home/sarten-imusa-420/Documents/ROS/ros2_camera_ws/install/rosboard/lib/python3.10/site-packages/rosboard/html/js
copying /home/sarten-imusa-420/Documents/ROS/ros2_camera_ws/build/rosboard/build/lib/rosboard/html/js/leaflet-src.js.map -> /home/sarten-imusa-420/Documents/ROS/ros2_camera_ws/install/rosboard/lib/python3.10/site-packages/rosboard/html/js
copying /home/sarten-imusa-420/Documents/ROS/ros2_camera_ws/build/rosboard/build/lib/rosboard/html/js/import-helper.js -> /home/sarten-imusa-420/Documents/ROS/ros2_camera_ws/install/rosboard/lib/python3.10/site-packages/rosboard/html/js
copying /home/sarten-imusa-420/Documents/ROS/ros2_camera_ws/build/rosboard/build/lib/rosboard/html/js/rosbag.js -> /home/sarten-imusa-420/Documents/ROS/ros2_camera_ws/install/rosboard/lib/python3.10/site-packages/rosboard/html/js
copying /home/sarten-imusa-420/Documents/ROS/ros2_camera_ws/build/rosboard/build/lib/rosboard/html/js/index.js -> /home/sarten-imusa-420/Documents/ROS/ros2_camera_ws/install/rosboard/lib/python3.10/site-packages/rosboard/html/js
copying /home/sarten-imusa-420/Documents/ROS/ros2_camera_ws/build/rosboard/build/lib/rosboard/html/js/uPlot.iife.min.js -> /home/sarten-imusa-420/Documents/ROS/ros2_camera_ws/install/rosboard/lib/python3.10/site-packages/rosboard/html/js
copying /home/sarten-imusa-420/Documents/ROS/ros2_camera_ws/build/rosboard/build/lib/rosboard/html/js/leaflet.js.map -> /home/sarten-imusa-420/Documents/ROS/ros2_camera_ws/install/rosboard/lib/python3.10/site-packages/rosboard/html/js
copying /home/sarten-imusa-420/Documents/ROS/ros2_camera_ws/build/rosboard/build/lib/rosboard/html/js/json5.min.js -> /home/sarten-imusa-420/Documents/ROS/ros2_camera_ws/install/rosboard/lib/python3.10/site-packages/rosboard/html/js
creating /home/sarten-imusa-420/Documents/ROS/ros2_camera_ws/install/rosboard/lib/python3.10/site-packages/rosboard/html/js/transports
copying /home/sarten-imusa-420/Documents/ROS/ros2_camera_ws/build/rosboard/build/lib/rosboard/html/js/transports/RosBridgeTransport.js -> /home/sarten-imusa-420/Documents/ROS/ros2_camera_ws/install/rosboard/lib/python3.10/site-packages/rosboard/html/js/transports
copying /home/sarten-imusa-420/Documents/ROS/ros2_camera_ws/build/rosboard/build/lib/rosboard/html/js/transports/WebSocketV1Transport.js -> /home/sarten-imusa-420/Documents/ROS/ros2_camera_ws/install/rosboard/lib/python3.10/site-packages/rosboard/html/js/transports
copying /home/sarten-imusa-420/Documents/ROS/ros2_camera_ws/build/rosboard/build/lib/rosboard/html/js/transports/Rosbag2Transport.js -> /home/sarten-imusa-420/Documents/ROS/ros2_camera_ws/install/rosboard/lib/python3.10/site-packages/rosboard/html/js/transports
copying /home/sarten-imusa-420/Documents/ROS/ros2_camera_ws/build/rosboard/build/lib/rosboard/html/js/transports/RosbagTransport.js -> /home/sarten-imusa-420/Documents/ROS/ros2_camera_ws/install/rosboard/lib/python3.10/site-packages/rosboard/html/js/transports
copying /home/sarten-imusa-420/Documents/ROS/ros2_camera_ws/build/rosboard/build/lib/rosboard/html/js/transports/DeviceSensorTransport.js -> /home/sarten-imusa-420/Documents/ROS/ros2_camera_ws/install/rosboard/lib/python3.10/site-packages/rosboard/html/js/transports
copying /home/sarten-imusa-420/Documents/ROS/ros2_camera_ws/build/rosboard/build/lib/rosboard/html/js/leaflet.easy-button.js -> /home/sarten-imusa-420/Documents/ROS/ros2_camera_ws/install/rosboard/lib/python3.10/site-packages/rosboard/html/js
copying /home/sarten-imusa-420/Documents/ROS/ros2_camera_ws/build/rosboard/build/lib/rosboard/html/js/masonry.pkgd.min.js -> /home/sarten-imusa-420/Documents/ROS/ros2_camera_ws/install/rosboard/lib/python3.10/site-packages/rosboard/html/js
copying /home/sarten-imusa-420/Documents/ROS/ros2_camera_ws/build/rosboard/build/lib/rosboard/html/js/leaflet-src.js -> /home/sarten-imusa-420/Documents/ROS/ros2_camera_ws/install/rosboard/lib/python3.10/site-packages/rosboard/html/js
copying /home/sarten-imusa-420/Documents/ROS/ros2_camera_ws/build/rosboard/build/lib/rosboard/html/js/jquery.transit.min.js -> /home/sarten-imusa-420/Documents/ROS/ros2_camera_ws/install/rosboard/lib/python3.10/site-packages/rosboard/html/js
copying /home/sarten-imusa-420/Documents/ROS/ros2_camera_ws/build/rosboard/build/lib/rosboard/html/js/litegl.min.js -> /home/sarten-imusa-420/Documents/ROS/ros2_camera_ws/install/rosboard/lib/python3.10/site-packages/rosboard/html/js
copying /home/sarten-imusa-420/Documents/ROS/ros2_camera_ws/build/rosboard/build/lib/rosboard/html/js/eventemitter2.min.js -> /home/sarten-imusa-420/Documents/ROS/ros2_camera_ws/install/rosboard/lib/python3.10/site-packages/rosboard/html/js
copying /home/sarten-imusa-420/Documents/ROS/ros2_camera_ws/build/rosboard/build/lib/rosboard/html/js/leaflet-src.esm.js.map -> /home/sarten-imusa-420/Documents/ROS/ros2_camera_ws/install/rosboard/lib/python3.10/site-packages/rosboard/html/js
copying /home/sarten-imusa-420/Documents/ROS/ros2_camera_ws/build/rosboard/build/lib/rosboard/html/js/draggabilly.pkgd.min.js -> /home/sarten-imusa-420/Documents/ROS/ros2_camera_ws/install/rosboard/lib/python3.10/site-packages/rosboard/html/js
copying /home/sarten-imusa-420/Documents/ROS/ros2_camera_ws/build/rosboard/build/lib/rosboard/html/js/material.min.js.map -> /home/sarten-imusa-420/Documents/ROS/ros2_camera_ws/install/rosboard/lib/python3.10/site-packages/rosboard/html/js
copying /home/sarten-imusa-420/Documents/ROS/ros2_camera_ws/build/rosboard/build/lib/rosboard/html/js/leaflet.js -> /home/sarten-imusa-420/Documents/ROS/ros2_camera_ws/install/rosboard/lib/python3.10/site-packages/rosboard/html/js
creating /home/sarten-imusa-420/Documents/ROS/ros2_camera_ws/install/rosboard/lib/python3.10/site-packages/rosboard/html/js/viewers
copying /home/sarten-imusa-420/Documents/ROS/ros2_camera_ws/build/rosboard/build/lib/rosboard/html/js/viewers/GenericViewer.js -> /home/sarten-imusa-420/Documents/ROS/ros2_camera_ws/install/rosboard/lib/python3.10/site-packages/rosboard/html/js/viewers
copying /home/sarten-imusa-420/Documents/ROS/ros2_camera_ws/build/rosboard/build/lib/rosboard/html/js/viewers/PolygonViewer.js -> /home/sarten-imusa-420/Documents/ROS/ros2_camera_ws/install/rosboard/lib/python3.10/site-packages/rosboard/html/js/viewers
copying /home/sarten-imusa-420/Documents/ROS/ros2_camera_ws/build/rosboard/build/lib/rosboard/html/js/viewers/LogViewer.js -> /home/sarten-imusa-420/Documents/ROS/ros2_camera_ws/install/rosboard/lib/python3.10/site-packages/rosboard/html/js/viewers
creating /home/sarten-imusa-420/Documents/ROS/ros2_camera_ws/install/rosboard/lib/python3.10/site-packages/rosboard/html/js/viewers/meta
copying /home/sarten-imusa-420/Documents/ROS/ros2_camera_ws/build/rosboard/build/lib/rosboard/html/js/viewers/meta/Viewer.js -> /home/sarten-imusa-420/Documents/ROS/ros2_camera_ws/install/rosboard/lib/python3.10/site-packages/rosboard/html/js/viewers/meta
copying /home/sarten-imusa-420/Documents/ROS/ros2_camera_ws/build/rosboard/build/lib/rosboard/html/js/viewers/meta/Space3DViewer.js -> /home/sarten-imusa-420/Documents/ROS/ros2_camera_ws/install/rosboard/lib/python3.10/site-packages/rosboard/html/js/viewers/meta
copying /home/sarten-imusa-420/Documents/ROS/ros2_camera_ws/build/rosboard/build/lib/rosboard/html/js/viewers/meta/Space2DViewer.js -> /home/sarten-imusa-420/Documents/ROS/ros2_camera_ws/install/rosboard/lib/python3.10/site-packages/rosboard/html/js/viewers/meta
copying /home/sarten-imusa-420/Documents/ROS/ros2_camera_ws/build/rosboard/build/lib/rosboard/html/js/viewers/TimeSeriesPlotViewer.js -> /home/sarten-imusa-420/Documents/ROS/ros2_camera_ws/install/rosboard/lib/python3.10/site-packages/rosboard/html/js/viewers
copying /home/sarten-imusa-420/Documents/ROS/ros2_camera_ws/build/rosboard/build/lib/rosboard/html/js/viewers/DiagnosticViewer.js -> /home/sarten-imusa-420/Documents/ROS/ros2_camera_ws/install/rosboard/lib/python3.10/site-packages/rosboard/html/js/viewers
copying /home/sarten-imusa-420/Documents/ROS/ros2_camera_ws/build/rosboard/build/lib/rosboard/html/js/viewers/PointCloud2Viewer.js -> /home/sarten-imusa-420/Documents/ROS/ros2_camera_ws/install/rosboard/lib/python3.10/site-packages/rosboard/html/js/viewers
copying /home/sarten-imusa-420/Documents/ROS/ros2_camera_ws/build/rosboard/build/lib/rosboard/html/js/viewers/MapViewer.js -> /home/sarten-imusa-420/Documents/ROS/ros2_camera_ws/install/rosboard/lib/python3.10/site-packages/rosboard/html/js/viewers
copying /home/sarten-imusa-420/Documents/ROS/ros2_camera_ws/build/rosboard/build/lib/rosboard/html/js/viewers/GeometryViewer.js -> /home/sarten-imusa-420/Documents/ROS/ros2_camera_ws/install/rosboard/lib/python3.10/site-packages/rosboard/html/js/viewers
copying /home/sarten-imusa-420/Documents/ROS/ros2_camera_ws/build/rosboard/build/lib/rosboard/html/js/viewers/LaserScanViewer.js -> /home/sarten-imusa-420/Documents/ROS/ros2_camera_ws/install/rosboard/lib/python3.10/site-packages/rosboard/html/js/viewers
copying /home/sarten-imusa-420/Documents/ROS/ros2_camera_ws/build/rosboard/build/lib/rosboard/html/js/viewers/ImageViewer.js -> /home/sarten-imusa-420/Documents/ROS/ros2_camera_ws/install/rosboard/lib/python3.10/site-packages/rosboard/html/js/viewers
copying /home/sarten-imusa-420/Documents/ROS/ros2_camera_ws/build/rosboard/build/lib/rosboard/html/js/viewers/ProcessListViewer.js -> /home/sarten-imusa-420/Documents/ROS/ros2_camera_ws/install/rosboard/lib/python3.10/site-packages/rosboard/html/js/viewers
copying /home/sarten-imusa-420/Documents/ROS/ros2_camera_ws/build/rosboard/build/lib/rosboard/html/index.html -> /home/sarten-imusa-420/Documents/ROS/ros2_camera_ws/install/rosboard/lib/python3.10/site-packages/rosboard/html
creating /home/sarten-imusa-420/Documents/ROS/ros2_camera_ws/install/rosboard/lib/python3.10/site-packages/rosboard/html/fonts
copying /home/sarten-imusa-420/Documents/ROS/ros2_camera_ws/build/rosboard/build/lib/rosboard/html/fonts/titillium-web-v10-latin-700.svg -> /home/sarten-imusa-420/Documents/ROS/ros2_camera_ws/install/rosboard/lib/python3.10/site-packages/rosboard/html/fonts
copying /home/sarten-imusa-420/Documents/ROS/ros2_camera_ws/build/rosboard/build/lib/rosboard/html/fonts/jetbrains-mono-v6-latin-300.woff -> /home/sarten-imusa-420/Documents/ROS/ros2_camera_ws/install/rosboard/lib/python3.10/site-packages/rosboard/html/fonts
copying /home/sarten-imusa-420/Documents/ROS/ros2_camera_ws/build/rosboard/build/lib/rosboard/html/fonts/titillium-web-v10-latin-300.woff2 -> /home/sarten-imusa-420/Documents/ROS/ros2_camera_ws/install/rosboard/lib/python3.10/site-packages/rosboard/html/fonts
copying /home/sarten-imusa-420/Documents/ROS/ros2_camera_ws/build/rosboard/build/lib/rosboard/html/fonts/jetbrains-mono-v6-latin-300.ttf -> /home/sarten-imusa-420/Documents/ROS/ros2_camera_ws/install/rosboard/lib/python3.10/site-packages/rosboard/html/fonts
copying /home/sarten-imusa-420/Documents/ROS/ros2_camera_ws/build/rosboard/build/lib/rosboard/html/fonts/jetbrains-mono-v6-latin-700.woff2 -> /home/sarten-imusa-420/Documents/ROS/ros2_camera_ws/install/rosboard/lib/python3.10/site-packages/rosboard/html/fonts
copying /home/sarten-imusa-420/Documents/ROS/ros2_camera_ws/build/rosboard/build/lib/rosboard/html/fonts/titillium-web-v10-latin-700.eot -> /home/sarten-imusa-420/Documents/ROS/ros2_camera_ws/install/rosboard/lib/python3.10/site-packages/rosboard/html/fonts
copying /home/sarten-imusa-420/Documents/ROS/ros2_camera_ws/build/rosboard/build/lib/rosboard/html/fonts/MaterialIcons-Regular.svg -> /home/sarten-imusa-420/Documents/ROS/ros2_camera_ws/install/rosboard/lib/python3.10/site-packages/rosboard/html/fonts
copying /home/sarten-imusa-420/Documents/ROS/ros2_camera_ws/build/rosboard/build/lib/rosboard/html/fonts/jetbrains-mono-v6-latin-700.woff -> /home/sarten-imusa-420/Documents/ROS/ros2_camera_ws/install/rosboard/lib/python3.10/site-packages/rosboard/html/fonts
copying /home/sarten-imusa-420/Documents/ROS/ros2_camera_ws/build/rosboard/build/lib/rosboard/html/fonts/jetbrains-mono-v6-latin-700.ttf -> /home/sarten-imusa-420/Documents/ROS/ros2_camera_ws/install/rosboard/lib/python3.10/site-packages/rosboard/html/fonts
copying /home/sarten-imusa-420/Documents/ROS/ros2_camera_ws/build/rosboard/build/lib/rosboard/html/fonts/MaterialIcons-Regular.eot -> /home/sarten-imusa-420/Documents/ROS/ros2_camera_ws/install/rosboard/lib/python3.10/site-packages/rosboard/html/fonts
copying /home/sarten-imusa-420/Documents/ROS/ros2_camera_ws/build/rosboard/build/lib/rosboard/html/fonts/MaterialIcons-Regular.ijmap -> /home/sarten-imusa-420/Documents/ROS/ros2_camera_ws/install/rosboard/lib/python3.10/site-packages/rosboard/html/fonts
copying /home/sarten-imusa-420/Documents/ROS/ros2_camera_ws/build/rosboard/build/lib/rosboard/html/fonts/titillium-web-v10-latin-700.woff -> /home/sarten-imusa-420/Documents/ROS/ros2_camera_ws/install/rosboard/lib/python3.10/site-packages/rosboard/html/fonts
copying /home/sarten-imusa-420/Documents/ROS/ros2_camera_ws/build/rosboard/build/lib/rosboard/html/fonts/titillium-web-v10-latin-300.ttf -> /home/sarten-imusa-420/Documents/ROS/ros2_camera_ws/install/rosboard/lib/python3.10/site-packages/rosboard/html/fonts
copying /home/sarten-imusa-420/Documents/ROS/ros2_camera_ws/build/rosboard/build/lib/rosboard/html/fonts/jetbrains-mono-v6-latin-300.svg -> /home/sarten-imusa-420/Documents/ROS/ros2_camera_ws/install/rosboard/lib/python3.10/site-packages/rosboard/html/fonts
copying /home/sarten-imusa-420/Documents/ROS/ros2_camera_ws/build/rosboard/build/lib/rosboard/html/fonts/jetbrains-mono-v6-latin-700.svg -> /home/sarten-imusa-420/Documents/ROS/ros2_camera_ws/install/rosboard/lib/python3.10/site-packages/rosboard/html/fonts
copying /home/sarten-imusa-420/Documents/ROS/ros2_camera_ws/build/rosboard/build/lib/rosboard/html/fonts/titillium-web-v10-latin-300.woff -> /home/sarten-imusa-420/Documents/ROS/ros2_camera_ws/install/rosboard/lib/python3.10/site-packages/rosboard/html/fonts
copying /home/sarten-imusa-420/Documents/ROS/ros2_camera_ws/build/rosboard/build/lib/rosboard/html/fonts/MaterialIcons-Regular.woff2 -> /home/sarten-imusa-420/Documents/ROS/ros2_camera_ws/install/rosboard/lib/python3.10/site-packages/rosboard/html/fonts
copying /home/sarten-imusa-420/Documents/ROS/ros2_camera_ws/build/rosboard/build/lib/rosboard/html/fonts/MaterialIcons-Regular.woff -> /home/sarten-imusa-420/Documents/ROS/ros2_camera_ws/install/rosboard/lib/python3.10/site-packages/rosboard/html/fonts
copying /home/sarten-imusa-420/Documents/ROS/ros2_camera_ws/build/rosboard/build/lib/rosboard/html/fonts/MaterialIcons-Regular.ttf -> /home/sarten-imusa-420/Documents/ROS/ros2_camera_ws/install/rosboard/lib/python3.10/site-packages/rosboard/html/fonts
copying /home/sarten-imusa-420/Documents/ROS/ros2_camera_ws/build/rosboard/build/lib/rosboard/html/fonts/jetbrains-mono-v6-latin-300.eot -> /home/sarten-imusa-420/Documents/ROS/ros2_camera_ws/install/rosboard/lib/python3.10/site-packages/rosboard/html/fonts
copying /home/sarten-imusa-420/Documents/ROS/ros2_camera_ws/build/rosboard/build/lib/rosboard/html/fonts/titillium-web-v10-latin-300.eot -> /home/sarten-imusa-420/Documents/ROS/ros2_camera_ws/install/rosboard/lib/python3.10/site-packages/rosboard/html/fonts
copying /home/sarten-imusa-420/Documents/ROS/ros2_camera_ws/build/rosboard/build/lib/rosboard/html/fonts/jetbrains-mono-v6-latin-300.woff2 -> /home/sarten-imusa-420/Documents/ROS/ros2_camera_ws/install/rosboard/lib/python3.10/site-packages/rosboard/html/fonts
copying /home/sarten-imusa-420/Documents/ROS/ros2_camera_ws/build/rosboard/build/lib/rosboard/html/fonts/titillium-web-v10-latin-700.ttf -> /home/sarten-imusa-420/Documents/ROS/ros2_camera_ws/install/rosboard/lib/python3.10/site-packages/rosboard/html/fonts
copying /home/sarten-imusa-420/Documents/ROS/ros2_camera_ws/build/rosboard/build/lib/rosboard/html/fonts/titillium-web-v10-latin-300.svg -> /home/sarten-imusa-420/Documents/ROS/ros2_camera_ws/install/rosboard/lib/python3.10/site-packages/rosboard/html/fonts
copying /home/sarten-imusa-420/Documents/ROS/ros2_camera_ws/build/rosboard/build/lib/rosboard/html/fonts/titillium-web-v10-latin-700.woff2 -> /home/sarten-imusa-420/Documents/ROS/ros2_camera_ws/install/rosboard/lib/python3.10/site-packages/rosboard/html/fonts
copying /home/sarten-imusa-420/Documents/ROS/ros2_camera_ws/build/rosboard/build/lib/rosboard/html/fonts/jetbrains-mono-v6-latin-700.eot -> /home/sarten-imusa-420/Documents/ROS/ros2_camera_ws/install/rosboard/lib/python3.10/site-packages/rosboard/html/fonts
creating /home/sarten-imusa-420/Documents/ROS/ros2_camera_ws/install/rosboard/lib/python3.10/site-packages/rosboard/html/css
copying /home/sarten-imusa-420/Documents/ROS/ros2_camera_ws/build/rosboard/build/lib/rosboard/html/css/leaflet.easy-button.css -> /home/sarten-imusa-420/Documents/ROS/ros2_camera_ws/install/rosboard/lib/python3.10/site-packages/rosboard/html/css
copying /home/sarten-imusa-420/Documents/ROS/ros2_camera_ws/build/rosboard/build/lib/rosboard/html/css/uPlot.min.css -> /home/sarten-imusa-420/Documents/ROS/ros2_camera_ws/install/rosboard/lib/python3.10/site-packages/rosboard/html/css
creating /home/sarten-imusa-420/Documents/ROS/ros2_camera_ws/install/rosboard/lib/python3.10/site-packages/rosboard/html/css/images
copying /home/sarten-imusa-420/Documents/ROS/ros2_camera_ws/build/rosboard/build/lib/rosboard/html/css/images/marker-icon.png -> /home/sarten-imusa-420/Documents/ROS/ros2_camera_ws/install/rosboard/lib/python3.10/site-packages/rosboard/html/css/images
copying /home/sarten-imusa-420/Documents/ROS/ros2_camera_ws/build/rosboard/build/lib/rosboard/html/css/images/marker-icon-2x.png -> /home/sarten-imusa-420/Documents/ROS/ros2_camera_ws/install/rosboard/lib/python3.10/site-packages/rosboard/html/css/images
copying /home/sarten-imusa-420/Documents/ROS/ros2_camera_ws/build/rosboard/build/lib/rosboard/html/css/images/marker-shadow.png -> /home/sarten-imusa-420/Documents/ROS/ros2_camera_ws/install/rosboard/lib/python3.10/site-packages/rosboard/html/css/images
copying /home/sarten-imusa-420/Documents/ROS/ros2_camera_ws/build/rosboard/build/lib/rosboard/html/css/images/layers-2x.png -> /home/sarten-imusa-420/Documents/ROS/ros2_camera_ws/install/rosboard/lib/python3.10/site-packages/rosboard/html/css/images
copying /home/sarten-imusa-420/Documents/ROS/ros2_camera_ws/build/rosboard/build/lib/rosboard/html/css/images/layers.png -> /home/sarten-imusa-420/Documents/ROS/ros2_camera_ws/install/rosboard/lib/python3.10/site-packages/rosboard/html/css/images
copying /home/sarten-imusa-420/Documents/ROS/ros2_camera_ws/build/rosboard/build/lib/rosboard/html/css/index.css -> /home/sarten-imusa-420/Documents/ROS/ros2_camera_ws/install/rosboard/lib/python3.10/site-packages/rosboard/html/css
copying /home/sarten-imusa-420/Documents/ROS/ros2_camera_ws/build/rosboard/build/lib/rosboard/html/css/material-icons.css -> /home/sarten-imusa-420/Documents/ROS/ros2_camera_ws/install/rosboard/lib/python3.10/site-packages/rosboard/html/css
copying /home/sarten-imusa-420/Documents/ROS/ros2_camera_ws/build/rosboard/build/lib/rosboard/html/css/leaflet.css -> /home/sarten-imusa-420/Documents/ROS/ros2_camera_ws/install/rosboard/lib/python3.10/site-packages/rosboard/html/css
copying /home/sarten-imusa-420/Documents/ROS/ros2_camera_ws/build/rosboard/build/lib/rosboard/html/css/material.blue_grey-indigo.min.css -> /home/sarten-imusa-420/Documents/ROS/ros2_camera_ws/install/rosboard/lib/python3.10/site-packages/rosboard/html/css
copying /home/sarten-imusa-420/Documents/ROS/ros2_camera_ws/build/rosboard/build/lib/rosboard/html/css/material.indigo-blue.min.css -> /home/sarten-imusa-420/Documents/ROS/ros2_camera_ws/install/rosboard/lib/python3.10/site-packages/rosboard/html/css
copying /home/sarten-imusa-420/Documents/ROS/ros2_camera_ws/build/rosboard/build/lib/rosboard/html/css/material.light_green-lime.min.css -> /home/sarten-imusa-420/Documents/ROS/ros2_camera_ws/install/rosboard/lib/python3.10/site-packages/rosboard/html/css
copying /home/sarten-imusa-420/Documents/ROS/ros2_camera_ws/build/rosboard/build/lib/rosboard/compression.py -> /home/sarten-imusa-420/Documents/ROS/ros2_camera_ws/install/rosboard/lib/python3.10/site-packages/rosboard
creating /home/sarten-imusa-420/Documents/ROS/ros2_camera_ws/install/rosboard/lib/python3.10/site-packages/rosboard/rospy2
copying /home/sarten-imusa-420/Documents/ROS/ros2_camera_ws/build/rosboard/build/lib/rosboard/rospy2/constants.py -> /home/sarten-imusa-420/Documents/ROS/ros2_camera_ws/install/rosboard/lib/python3.10/site-packages/rosboard/rospy2
copying /home/sarten-imusa-420/Documents/ROS/ros2_camera_ws/build/rosboard/build/lib/rosboard/rospy2/__init__.py -> /home/sarten-imusa-420/Documents/ROS/ros2_camera_ws/install/rosboard/lib/python3.10/site-packages/rosboard/rospy2
copying /home/sarten-imusa-420/Documents/ROS/ros2_camera_ws/build/rosboard/build/lib/rosboard/__init__.py -> /home/sarten-imusa-420/Documents/ROS/ros2_camera_ws/install/rosboard/lib/python3.10/site-packages/rosboard
copying /home/sarten-imusa-420/Documents/ROS/ros2_camera_ws/build/rosboard/build/lib/rosboard/rosboard.py -> /home/sarten-imusa-420/Documents/ROS/ros2_camera_ws/install/rosboard/lib/python3.10/site-packages/rosboard
byte-compiling /home/sarten-imusa-420/Documents/ROS/ros2_camera_ws/install/rosboard/lib/python3.10/site-packages/rosboard/cv_bridge.py to cv_bridge.cpython-310.pyc
byte-compiling /home/sarten-imusa-420/Documents/ROS/ros2_camera_ws/install/rosboard/lib/python3.10/site-packages/rosboard/handlers.py to handlers.cpython-310.pyc
byte-compiling /home/sarten-imusa-420/Documents/ROS/ros2_camera_ws/install/rosboard/lib/python3.10/site-packages/rosboard/message_serialization.py to message_serialization.cpython-310.pyc
byte-compiling /home/sarten-imusa-420/Documents/ROS/ros2_camera_ws/install/rosboard/lib/python3.10/site-packages/rosboard/serialization.py to serialization.cpython-310.pyc
byte-compiling /home/sarten-imusa-420/Documents/ROS/ros2_camera_ws/install/rosboard/lib/python3.10/site-packages/rosboard/subscribers/system_stats_subscriber.py to system_stats_subscriber.cpython-310.pyc
byte-compiling /home/sarten-imusa-420/Documents/ROS/ros2_camera_ws/install/rosboard/lib/python3.10/site-packages/rosboard/subscribers/dummy_subscriber.py to dummy_subscriber.cpython-310.pyc
byte-compiling /home/sarten-imusa-420/Documents/ROS/ros2_camera_ws/install/rosboard/lib/python3.10/site-packages/rosboard/subscribers/dmesg_subscriber.py to dmesg_subscriber.cpython-310.pyc
byte-compiling /home/sarten-imusa-420/Documents/ROS/ros2_camera_ws/install/rosboard/lib/python3.10/site-packages/rosboard/subscribers/processes_subscriber.py to processes_subscriber.cpython-310.pyc
byte-compiling /home/sarten-imusa-420/Documents/ROS/ros2_camera_ws/install/rosboard/lib/python3.10/site-packages/rosboard/subscribers/__init__.py to __init__.cpython-310.pyc
byte-compiling /home/sarten-imusa-420/Documents/ROS/ros2_camera_ws/install/rosboard/lib/python3.10/site-packages/rosboard/compression.py to compression.cpython-310.pyc
byte-compiling /home/sarten-imusa-420/Documents/ROS/ros2_camera_ws/install/rosboard/lib/python3.10/site-packages/rosboard/rospy2/constants.py to constants.cpython-310.pyc
byte-compiling /home/sarten-imusa-420/Documents/ROS/ros2_camera_ws/install/rosboard/lib/python3.10/site-packages/rosboard/rospy2/__init__.py to __init__.cpython-310.pyc
byte-compiling /home/sarten-imusa-420/Documents/ROS/ros2_camera_ws/install/rosboard/lib/python3.10/site-packages/rosboard/__init__.py to __init__.cpython-310.pyc
byte-compiling /home/sarten-imusa-420/Documents/ROS/ros2_camera_ws/install/rosboard/lib/python3.10/site-packages/rosboard/rosboard.py to rosboard.cpython-310.pyc
running install_data
copying package.xml -> /home/sarten-imusa-420/Documents/ROS/ros2_camera_ws/install/rosboard/share/rosboard
running install_egg_info
Copying ../../build/rosboard/rosboard.egg-info to /home/sarten-imusa-420/Documents/ROS/ros2_camera_ws/install/rosboard/lib/python3.10/site-packages/rosboard-1.2.1-py3.10.egg-info
running install_scripts
Installing rosboard_node script to /home/sarten-imusa-420/Documents/ROS/ros2_camera_ws/install/rosboard/lib/rosboard
writing list of installed files to '/home/sarten-imusa-420/Documents/ROS/ros2_camera_ws/build/rosboard/install.log'
