[1.597s] Invoking command in '/home/sarten-imusa-420/Documents/ROS/ros2_camera_ws/src/rosboard': PYTHONPATH=/home/sarten-imusa-420/Documents/ROS/ros2_camera_ws/build/rosboard/prefix_override:/home/sarten-imusa-420/Documents/ROS/ros2_camera_ws/install/rosboard/lib/python3.10/site-packages:${PYTHONPATH} /usr/bin/python3 setup.py egg_info --egg-base ../../build/rosboard build --build-base /home/sarten-imusa-420/Documents/ROS/ros2_camera_ws/build/rosboard/build install --record /home/sarten-imusa-420/Documents/ROS/ros2_camera_ws/build/rosboard/install.log --single-version-externally-managed
[1.987s] running egg_info
[1.988s] creating ../../build/rosboard/rosboard.egg-info
[1.989s] writing ../../build/rosboard/rosboard.egg-info/PKG-INFO
[1.989s] writing dependency_links to ../../build/rosboard/rosboard.egg-info/dependency_links.txt
[1.989s] writing entry points to ../../build/rosboard/rosboard.egg-info/entry_points.txt
[1.990s] writing requirements to ../../build/rosboard/rosboard.egg-info/requires.txt
[1.990s] writing top-level names to ../../build/rosboard/rosboard.egg-info/top_level.txt
[1.991s] writing manifest file '../../build/rosboard/rosboard.egg-info/SOURCES.txt'
[1.997s] reading manifest file '../../build/rosboard/rosboard.egg-info/SOURCES.txt'
[1.997s] adding license file 'LICENSE'
[2.000s] writing manifest file '../../build/rosboard/rosboard.egg-info/SOURCES.txt'
[2.000s] running build
[2.001s] running build_py
[2.001s] creating /home/sarten-imusa-420/Documents/ROS/ros2_camera_ws/build/rosboard/build
[2.002s] creating /home/sarten-imusa-420/Documents/ROS/ros2_camera_ws/build/rosboard/build/lib
[2.002s] creating /home/sarten-imusa-420/Documents/ROS/ros2_camera_ws/build/rosboard/build/lib/rosboard
[2.002s] copying rosboard/cv_bridge.py -> /home/sarten-imusa-420/Documents/ROS/ros2_camera_ws/build/rosboard/build/lib/rosboard
[2.003s] copying rosboard/handlers.py -> /home/sarten-imusa-420/Documents/ROS/ros2_camera_ws/build/rosboard/build/lib/rosboard
[2.003s] copying rosboard/message_serialization.py -> /home/sarten-imusa-420/Documents/ROS/ros2_camera_ws/build/rosboard/build/lib/rosboard
[2.003s] copying rosboard/serialization.py -> /home/sarten-imusa-420/Documents/ROS/ros2_camera_ws/build/rosboard/build/lib/rosboard
[2.003s] copying rosboard/compression.py -> /home/sarten-imusa-420/Documents/ROS/ros2_camera_ws/build/rosboard/build/lib/rosboard
[2.004s] copying rosboard/__init__.py -> /home/sarten-imusa-420/Documents/ROS/ros2_camera_ws/build/rosboard/build/lib/rosboard
[2.004s] copying rosboard/rosboard.py -> /home/sarten-imusa-420/Documents/ROS/ros2_camera_ws/build/rosboard/build/lib/rosboard
[2.004s] creating /home/sarten-imusa-420/Documents/ROS/ros2_camera_ws/build/rosboard/build/lib/rosboard/subscribers
[2.005s] copying rosboard/subscribers/system_stats_subscriber.py -> /home/sarten-imusa-420/Documents/ROS/ros2_camera_ws/build/rosboard/build/lib/rosboard/subscribers
[2.005s] copying rosboard/subscribers/dummy_subscriber.py -> /home/sarten-imusa-420/Documents/ROS/ros2_camera_ws/build/rosboard/build/lib/rosboard/subscribers
[2.005s] copying rosboard/subscribers/dmesg_subscriber.py -> /home/sarten-imusa-420/Documents/ROS/ros2_camera_ws/build/rosboard/build/lib/rosboard/subscribers
[2.006s] copying rosboard/subscribers/processes_subscriber.py -> /home/sarten-imusa-420/Documents/ROS/ros2_camera_ws/build/rosboard/build/lib/rosboard/subscribers
[2.006s] copying rosboard/subscribers/__init__.py -> /home/sarten-imusa-420/Documents/ROS/ros2_camera_ws/build/rosboard/build/lib/rosboard/subscribers
[2.006s] creating /home/sarten-imusa-420/Documents/ROS/ros2_camera_ws/build/rosboard/build/lib/rosboard/rospy2
[2.007s] copying rosboard/rospy2/constants.py -> /home/sarten-imusa-420/Documents/ROS/ros2_camera_ws/build/rosboard/build/lib/rosboard/rospy2
[2.007s] copying rosboard/rospy2/__init__.py -> /home/sarten-imusa-420/Documents/ROS/ros2_camera_ws/build/rosboard/build/lib/rosboard/rospy2
[2.008s] creating /home/sarten-imusa-420/Documents/ROS/ros2_camera_ws/build/rosboard/build/lib/rosboard/html
[2.008s] copying rosboard/html/index.html -> /home/sarten-imusa-420/Documents/ROS/ros2_camera_ws/build/rosboard/build/lib/rosboard/html
[2.009s] creating /home/sarten-imusa-420/Documents/ROS/ros2_camera_ws/build/rosboard/build/lib/rosboard/html/fonts
[2.009s] copying rosboard/html/fonts/titillium-web-v10-latin-700.svg -> /home/sarten-imusa-420/Documents/ROS/ros2_camera_ws/build/rosboard/build/lib/rosboard/html/fonts
[2.010s] copying rosboard/html/fonts/jetbrains-mono-v6-latin-300.woff -> /home/sarten-imusa-420/Documents/ROS/ros2_camera_ws/build/rosboard/build/lib/rosboard/html/fonts
[2.010s] copying rosboard/html/fonts/titillium-web-v10-latin-300.woff2 -> /home/sarten-imusa-420/Documents/ROS/ros2_camera_ws/build/rosboard/build/lib/rosboard/html/fonts
[2.010s] copying rosboard/html/fonts/jetbrains-mono-v6-latin-300.ttf -> /home/sarten-imusa-420/Documents/ROS/ros2_camera_ws/build/rosboard/build/lib/rosboard/html/fonts
[2.011s] copying rosboard/html/fonts/jetbrains-mono-v6-latin-700.woff2 -> /home/sarten-imusa-420/Documents/ROS/ros2_camera_ws/build/rosboard/build/lib/rosboard/html/fonts
[2.011s] copying rosboard/html/fonts/titillium-web-v10-latin-700.eot -> /home/sarten-imusa-420/Documents/ROS/ros2_camera_ws/build/rosboard/build/lib/rosboard/html/fonts
[2.011s] copying rosboard/html/fonts/MaterialIcons-Regular.svg -> /home/sarten-imusa-420/Documents/ROS/ros2_camera_ws/build/rosboard/build/lib/rosboard/html/fonts
[2.012s] copying rosboard/html/fonts/jetbrains-mono-v6-latin-700.woff -> /home/sarten-imusa-420/Documents/ROS/ros2_camera_ws/build/rosboard/build/lib/rosboard/html/fonts
[2.012s] copying rosboard/html/fonts/jetbrains-mono-v6-latin-700.ttf -> /home/sarten-imusa-420/Documents/ROS/ros2_camera_ws/build/rosboard/build/lib/rosboard/html/fonts
[2.012s] copying rosboard/html/fonts/MaterialIcons-Regular.eot -> /home/sarten-imusa-420/Documents/ROS/ros2_camera_ws/build/rosboard/build/lib/rosboard/html/fonts
[2.013s] copying rosboard/html/fonts/MaterialIcons-Regular.ijmap -> /home/sarten-imusa-420/Documents/ROS/ros2_camera_ws/build/rosboard/build/lib/rosboard/html/fonts
[2.013s] copying rosboard/html/fonts/titillium-web-v10-latin-700.woff -> /home/sarten-imusa-420/Documents/ROS/ros2_camera_ws/build/rosboard/build/lib/rosboard/html/fonts
[2.014s] copying rosboard/html/fonts/titillium-web-v10-latin-300.ttf -> /home/sarten-imusa-420/Documents/ROS/ros2_camera_ws/build/rosboard/build/lib/rosboard/html/fonts
[2.014s] copying rosboard/html/fonts/jetbrains-mono-v6-latin-300.svg -> /home/sarten-imusa-420/Documents/ROS/ros2_camera_ws/build/rosboard/build/lib/rosboard/html/fonts
[2.014s] copying rosboard/html/fonts/jetbrains-mono-v6-latin-700.svg -> /home/sarten-imusa-420/Documents/ROS/ros2_camera_ws/build/rosboard/build/lib/rosboard/html/fonts
[2.015s] copying rosboard/html/fonts/titillium-web-v10-latin-300.woff -> /home/sarten-imusa-420/Documents/ROS/ros2_camera_ws/build/rosboard/build/lib/rosboard/html/fonts
[2.015s] copying rosboard/html/fonts/MaterialIcons-Regular.woff2 -> /home/sarten-imusa-420/Documents/ROS/ros2_camera_ws/build/rosboard/build/lib/rosboard/html/fonts
[2.015s] copying rosboard/html/fonts/MaterialIcons-Regular.woff -> /home/sarten-imusa-420/Documents/ROS/ros2_camera_ws/build/rosboard/build/lib/rosboard/html/fonts
[2.016s] copying rosboard/html/fonts/MaterialIcons-Regular.ttf -> /home/sarten-imusa-420/Documents/ROS/ros2_camera_ws/build/rosboard/build/lib/rosboard/html/fonts
[2.016s] copying rosboard/html/fonts/jetbrains-mono-v6-latin-300.eot -> /home/sarten-imusa-420/Documents/ROS/ros2_camera_ws/build/rosboard/build/lib/rosboard/html/fonts
[2.016s] copying rosboard/html/fonts/titillium-web-v10-latin-300.eot -> /home/sarten-imusa-420/Documents/ROS/ros2_camera_ws/build/rosboard/build/lib/rosboard/html/fonts
[2.017s] copying rosboard/html/fonts/jetbrains-mono-v6-latin-300.woff2 -> /home/sarten-imusa-420/Documents/ROS/ros2_camera_ws/build/rosboard/build/lib/rosboard/html/fonts
[2.017s] copying rosboard/html/fonts/titillium-web-v10-latin-700.ttf -> /home/sarten-imusa-420/Documents/ROS/ros2_camera_ws/build/rosboard/build/lib/rosboard/html/fonts
[2.017s] copying rosboard/html/fonts/titillium-web-v10-latin-300.svg -> /home/sarten-imusa-420/Documents/ROS/ros2_camera_ws/build/rosboard/build/lib/rosboard/html/fonts
[2.018s] copying rosboard/html/fonts/titillium-web-v10-latin-700.woff2 -> /home/sarten-imusa-420/Documents/ROS/ros2_camera_ws/build/rosboard/build/lib/rosboard/html/fonts
[2.018s] copying rosboard/html/fonts/jetbrains-mono-v6-latin-700.eot -> /home/sarten-imusa-420/Documents/ROS/ros2_camera_ws/build/rosboard/build/lib/rosboard/html/fonts
[2.018s] creating /home/sarten-imusa-420/Documents/ROS/ros2_camera_ws/build/rosboard/build/lib/rosboard/html/css
[2.019s] copying rosboard/html/css/leaflet.easy-button.css -> /home/sarten-imusa-420/Documents/ROS/ros2_camera_ws/build/rosboard/build/lib/rosboard/html/css
[2.019s] copying rosboard/html/css/uPlot.min.css -> /home/sarten-imusa-420/Documents/ROS/ros2_camera_ws/build/rosboard/build/lib/rosboard/html/css
[2.019s] copying rosboard/html/css/index.css -> /home/sarten-imusa-420/Documents/ROS/ros2_camera_ws/build/rosboard/build/lib/rosboard/html/css
[2.020s] copying rosboard/html/css/material-icons.css -> /home/sarten-imusa-420/Documents/ROS/ros2_camera_ws/build/rosboard/build/lib/rosboard/html/css
[2.020s] copying rosboard/html/css/leaflet.css -> /home/sarten-imusa-420/Documents/ROS/ros2_camera_ws/build/rosboard/build/lib/rosboard/html/css
[2.020s] copying rosboard/html/css/material.blue_grey-indigo.min.css -> /home/sarten-imusa-420/Documents/ROS/ros2_camera_ws/build/rosboard/build/lib/rosboard/html/css
[2.020s] copying rosboard/html/css/material.indigo-blue.min.css -> /home/sarten-imusa-420/Documents/ROS/ros2_camera_ws/build/rosboard/build/lib/rosboard/html/css
[2.021s] copying rosboard/html/css/material.light_green-lime.min.css -> /home/sarten-imusa-420/Documents/ROS/ros2_camera_ws/build/rosboard/build/lib/rosboard/html/css
[2.021s] creating /home/sarten-imusa-420/Documents/ROS/ros2_camera_ws/build/rosboard/build/lib/rosboard/html/css/images
[2.021s] copying rosboard/html/css/images/marker-icon.png -> /home/sarten-imusa-420/Documents/ROS/ros2_camera_ws/build/rosboard/build/lib/rosboard/html/css/images
[2.021s] copying rosboard/html/css/images/marker-icon-2x.png -> /home/sarten-imusa-420/Documents/ROS/ros2_camera_ws/build/rosboard/build/lib/rosboard/html/css/images
[2.022s] copying rosboard/html/css/images/marker-shadow.png -> /home/sarten-imusa-420/Documents/ROS/ros2_camera_ws/build/rosboard/build/lib/rosboard/html/css/images
[2.022s] copying rosboard/html/css/images/layers-2x.png -> /home/sarten-imusa-420/Documents/ROS/ros2_camera_ws/build/rosboard/build/lib/rosboard/html/css/images
[2.022s] copying rosboard/html/css/images/layers.png -> /home/sarten-imusa-420/Documents/ROS/ros2_camera_ws/build/rosboard/build/lib/rosboard/html/css/images
[2.022s] creating /home/sarten-imusa-420/Documents/ROS/ros2_camera_ws/build/rosboard/build/lib/rosboard/html/js
[2.023s] copying rosboard/html/js/gl-matrix.js -> /home/sarten-imusa-420/Documents/ROS/ros2_camera_ws/build/rosboard/build/lib/rosboard/html/js
[2.023s] copying rosboard/html/js/jquery-3.1.0.min.js -> /home/sarten-imusa-420/Documents/ROS/ros2_camera_ws/build/rosboard/build/lib/rosboard/html/js
[2.023s] copying rosboard/html/js/leaflet-src.esm.js -> /home/sarten-imusa-420/Documents/ROS/ros2_camera_ws/build/rosboard/build/lib/rosboard/html/js
[2.024s] copying rosboard/html/js/material.min.js -> /home/sarten-imusa-420/Documents/ROS/ros2_camera_ws/build/rosboard/build/lib/rosboard/html/js
[2.024s] copying rosboard/html/js/leaflet-src.js.map -> /home/sarten-imusa-420/Documents/ROS/ros2_camera_ws/build/rosboard/build/lib/rosboard/html/js
[2.024s] copying rosboard/html/js/import-helper.js -> /home/sarten-imusa-420/Documents/ROS/ros2_camera_ws/build/rosboard/build/lib/rosboard/html/js
[2.025s] copying rosboard/html/js/rosbag.js -> /home/sarten-imusa-420/Documents/ROS/ros2_camera_ws/build/rosboard/build/lib/rosboard/html/js
[2.025s] copying rosboard/html/js/index.js -> /home/sarten-imusa-420/Documents/ROS/ros2_camera_ws/build/rosboard/build/lib/rosboard/html/js
[2.025s] copying rosboard/html/js/uPlot.iife.min.js -> /home/sarten-imusa-420/Documents/ROS/ros2_camera_ws/build/rosboard/build/lib/rosboard/html/js
[2.025s] copying rosboard/html/js/leaflet.js.map -> /home/sarten-imusa-420/Documents/ROS/ros2_camera_ws/build/rosboard/build/lib/rosboard/html/js
[2.026s] copying rosboard/html/js/json5.min.js -> /home/sarten-imusa-420/Documents/ROS/ros2_camera_ws/build/rosboard/build/lib/rosboard/html/js
[2.026s] copying rosboard/html/js/leaflet.easy-button.js -> /home/sarten-imusa-420/Documents/ROS/ros2_camera_ws/build/rosboard/build/lib/rosboard/html/js
[2.026s] copying rosboard/html/js/masonry.pkgd.min.js -> /home/sarten-imusa-420/Documents/ROS/ros2_camera_ws/build/rosboard/build/lib/rosboard/html/js
[2.027s] copying rosboard/html/js/leaflet-src.js -> /home/sarten-imusa-420/Documents/ROS/ros2_camera_ws/build/rosboard/build/lib/rosboard/html/js
[2.027s] copying rosboard/html/js/jquery.transit.min.js -> /home/sarten-imusa-420/Documents/ROS/ros2_camera_ws/build/rosboard/build/lib/rosboard/html/js
[2.027s] copying rosboard/html/js/litegl.min.js -> /home/sarten-imusa-420/Documents/ROS/ros2_camera_ws/build/rosboard/build/lib/rosboard/html/js
[2.027s] copying rosboard/html/js/eventemitter2.min.js -> /home/sarten-imusa-420/Documents/ROS/ros2_camera_ws/build/rosboard/build/lib/rosboard/html/js
[2.028s] copying rosboard/html/js/leaflet-src.esm.js.map -> /home/sarten-imusa-420/Documents/ROS/ros2_camera_ws/build/rosboard/build/lib/rosboard/html/js
[2.028s] copying rosboard/html/js/draggabilly.pkgd.min.js -> /home/sarten-imusa-420/Documents/ROS/ros2_camera_ws/build/rosboard/build/lib/rosboard/html/js
[2.028s] copying rosboard/html/js/material.min.js.map -> /home/sarten-imusa-420/Documents/ROS/ros2_camera_ws/build/rosboard/build/lib/rosboard/html/js
[2.029s] copying rosboard/html/js/leaflet.js -> /home/sarten-imusa-420/Documents/ROS/ros2_camera_ws/build/rosboard/build/lib/rosboard/html/js
[2.029s] creating /home/sarten-imusa-420/Documents/ROS/ros2_camera_ws/build/rosboard/build/lib/rosboard/html/js/viewers
[2.029s] copying rosboard/html/js/viewers/GenericViewer.js -> /home/sarten-imusa-420/Documents/ROS/ros2_camera_ws/build/rosboard/build/lib/rosboard/html/js/viewers
[2.030s] copying rosboard/html/js/viewers/PolygonViewer.js -> /home/sarten-imusa-420/Documents/ROS/ros2_camera_ws/build/rosboard/build/lib/rosboard/html/js/viewers
[2.030s] copying rosboard/html/js/viewers/LogViewer.js -> /home/sarten-imusa-420/Documents/ROS/ros2_camera_ws/build/rosboard/build/lib/rosboard/html/js/viewers
[2.030s] copying rosboard/html/js/viewers/TimeSeriesPlotViewer.js -> /home/sarten-imusa-420/Documents/ROS/ros2_camera_ws/build/rosboard/build/lib/rosboard/html/js/viewers
[2.031s] copying rosboard/html/js/viewers/DiagnosticViewer.js -> /home/sarten-imusa-420/Documents/ROS/ros2_camera_ws/build/rosboard/build/lib/rosboard/html/js/viewers
[2.031s] copying rosboard/html/js/viewers/PointCloud2Viewer.js -> /home/sarten-imusa-420/Documents/ROS/ros2_camera_ws/build/rosboard/build/lib/rosboard/html/js/viewers
[2.031s] copying rosboard/html/js/viewers/MapViewer.js -> /home/sarten-imusa-420/Documents/ROS/ros2_camera_ws/build/rosboard/build/lib/rosboard/html/js/viewers
[2.032s] copying rosboard/html/js/viewers/GeometryViewer.js -> /home/sarten-imusa-420/Documents/ROS/ros2_camera_ws/build/rosboard/build/lib/rosboard/html/js/viewers
[2.032s] copying rosboard/html/js/viewers/LaserScanViewer.js -> /home/sarten-imusa-420/Documents/ROS/ros2_camera_ws/build/rosboard/build/lib/rosboard/html/js/viewers
[2.032s] copying rosboard/html/js/viewers/ImageViewer.js -> /home/sarten-imusa-420/Documents/ROS/ros2_camera_ws/build/rosboard/build/lib/rosboard/html/js/viewers
[2.032s] copying rosboard/html/js/viewers/ProcessListViewer.js -> /home/sarten-imusa-420/Documents/ROS/ros2_camera_ws/build/rosboard/build/lib/rosboard/html/js/viewers
[2.033s] creating /home/sarten-imusa-420/Documents/ROS/ros2_camera_ws/build/rosboard/build/lib/rosboard/html/js/viewers/meta
[2.033s] copying rosboard/html/js/viewers/meta/Viewer.js -> /home/sarten-imusa-420/Documents/ROS/ros2_camera_ws/build/rosboard/build/lib/rosboard/html/js/viewers/meta
[2.033s] copying rosboard/html/js/viewers/meta/Space3DViewer.js -> /home/sarten-imusa-420/Documents/ROS/ros2_camera_ws/build/rosboard/build/lib/rosboard/html/js/viewers/meta
[2.034s] copying rosboard/html/js/viewers/meta/Space2DViewer.js -> /home/sarten-imusa-420/Documents/ROS/ros2_camera_ws/build/rosboard/build/lib/rosboard/html/js/viewers/meta
[2.034s] creating /home/sarten-imusa-420/Documents/ROS/ros2_camera_ws/build/rosboard/build/lib/rosboard/html/js/transports
[2.034s] copying rosboard/html/js/transports/RosBridgeTransport.js -> /home/sarten-imusa-420/Documents/ROS/ros2_camera_ws/build/rosboard/build/lib/rosboard/html/js/transports
[2.034s] copying rosboard/html/js/transports/WebSocketV1Transport.js -> /home/sarten-imusa-420/Documents/ROS/ros2_camera_ws/build/rosboard/build/lib/rosboard/html/js/transports
[2.035s] copying rosboard/html/js/transports/Rosbag2Transport.js -> /home/sarten-imusa-420/Documents/ROS/ros2_camera_ws/build/rosboard/build/lib/rosboard/html/js/transports
[2.035s] copying rosboard/html/js/transports/RosbagTransport.js -> /home/sarten-imusa-420/Documents/ROS/ros2_camera_ws/build/rosboard/build/lib/rosboard/html/js/transports
[2.035s] copying rosboard/html/js/transports/DeviceSensorTransport.js -> /home/sarten-imusa-420/Documents/ROS/ros2_camera_ws/build/rosboard/build/lib/rosboard/html/js/transports
[2.035s] running install
[2.035s] /usr/lib/python3/dist-packages/setuptools/command/install.py:34: SetuptoolsDeprecationWarning: setup.py install is deprecated. Use build and pip and other standards-based tools.
[2.036s]   warnings.warn(
[2.036s] running install_lib
[2.036s] creating /home/sarten-imusa-420/Documents/ROS/ros2_camera_ws/install/rosboard/lib/python3.10/site-packages/rosboard
[2.036s] copying /home/sarten-imusa-420/Documents/ROS/ros2_camera_ws/build/rosboard/build/lib/rosboard/cv_bridge.py -> /home/sarten-imusa-420/Documents/ROS/ros2_camera_ws/install/rosboard/lib/python3.10/site-packages/rosboard
[2.037s] copying /home/sarten-imusa-420/Documents/ROS/ros2_camera_ws/build/rosboard/build/lib/rosboard/handlers.py -> /home/sarten-imusa-420/Documents/ROS/ros2_camera_ws/install/rosboard/lib/python3.10/site-packages/rosboard
[2.037s] copying /home/sarten-imusa-420/Documents/ROS/ros2_camera_ws/build/rosboard/build/lib/rosboard/message_serialization.py -> /home/sarten-imusa-420/Documents/ROS/ros2_camera_ws/install/rosboard/lib/python3.10/site-packages/rosboard
[2.037s] copying /home/sarten-imusa-420/Documents/ROS/ros2_camera_ws/build/rosboard/build/lib/rosboard/serialization.py -> /home/sarten-imusa-420/Documents/ROS/ros2_camera_ws/install/rosboard/lib/python3.10/site-packages/rosboard
[2.038s] creating /home/sarten-imusa-420/Documents/ROS/ros2_camera_ws/install/rosboard/lib/python3.10/site-packages/rosboard/subscribers
[2.038s] copying /home/sarten-imusa-420/Documents/ROS/ros2_camera_ws/build/rosboard/build/lib/rosboard/subscribers/system_stats_subscriber.py -> /home/sarten-imusa-420/Documents/ROS/ros2_camera_ws/install/rosboard/lib/python3.10/site-packages/rosboard/subscribers
[2.038s] copying /home/sarten-imusa-420/Documents/ROS/ros2_camera_ws/build/rosboard/build/lib/rosboard/subscribers/dummy_subscriber.py -> /home/sarten-imusa-420/Documents/ROS/ros2_camera_ws/install/rosboard/lib/python3.10/site-packages/rosboard/subscribers
[2.038s] copying /home/sarten-imusa-420/Documents/ROS/ros2_camera_ws/build/rosboard/build/lib/rosboard/subscribers/dmesg_subscriber.py -> /home/sarten-imusa-420/Documents/ROS/ros2_camera_ws/install/rosboard/lib/python3.10/site-packages/rosboard/subscribers
[2.039s] copying /home/sarten-imusa-420/Documents/ROS/ros2_camera_ws/build/rosboard/build/lib/rosboard/subscribers/processes_subscriber.py -> /home/sarten-imusa-420/Documents/ROS/ros2_camera_ws/install/rosboard/lib/python3.10/site-packages/rosboard/subscribers
[2.039s] copying /home/sarten-imusa-420/Documents/ROS/ros2_camera_ws/build/rosboard/build/lib/rosboard/subscribers/__init__.py -> /home/sarten-imusa-420/Documents/ROS/ros2_camera_ws/install/rosboard/lib/python3.10/site-packages/rosboard/subscribers
[2.039s] creating /home/sarten-imusa-420/Documents/ROS/ros2_camera_ws/install/rosboard/lib/python3.10/site-packages/rosboard/html
[2.039s] creating /home/sarten-imusa-420/Documents/ROS/ros2_camera_ws/install/rosboard/lib/python3.10/site-packages/rosboard/html/js
[2.040s] copying /home/sarten-imusa-420/Documents/ROS/ros2_camera_ws/build/rosboard/build/lib/rosboard/html/js/gl-matrix.js -> /home/sarten-imusa-420/Documents/ROS/ros2_camera_ws/install/rosboard/lib/python3.10/site-packages/rosboard/html/js
[2.040s] copying /home/sarten-imusa-420/Documents/ROS/ros2_camera_ws/build/rosboard/build/lib/rosboard/html/js/jquery-3.1.0.min.js -> /home/sarten-imusa-420/Documents/ROS/ros2_camera_ws/install/rosboard/lib/python3.10/site-packages/rosboard/html/js
[2.040s] copying /home/sarten-imusa-420/Documents/ROS/ros2_camera_ws/build/rosboard/build/lib/rosboard/html/js/leaflet-src.esm.js -> /home/sarten-imusa-420/Documents/ROS/ros2_camera_ws/install/rosboard/lib/python3.10/site-packages/rosboard/html/js
[2.040s] copying /home/sarten-imusa-420/Documents/ROS/ros2_camera_ws/build/rosboard/build/lib/rosboard/html/js/material.min.js -> /home/sarten-imusa-420/Documents/ROS/ros2_camera_ws/install/rosboard/lib/python3.10/site-packages/rosboard/html/js
[2.040s] copying /home/sarten-imusa-420/Documents/ROS/ros2_camera_ws/build/rosboard/build/lib/rosboard/html/js/leaflet-src.js.map -> /home/sarten-imusa-420/Documents/ROS/ros2_camera_ws/install/rosboard/lib/python3.10/site-packages/rosboard/html/js
[2.041s] copying /home/sarten-imusa-420/Documents/ROS/ros2_camera_ws/build/rosboard/build/lib/rosboard/html/js/import-helper.js -> /home/sarten-imusa-420/Documents/ROS/ros2_camera_ws/install/rosboard/lib/python3.10/site-packages/rosboard/html/js
[2.041s] copying /home/sarten-imusa-420/Documents/ROS/ros2_camera_ws/build/rosboard/build/lib/rosboard/html/js/rosbag.js -> /home/sarten-imusa-420/Documents/ROS/ros2_camera_ws/install/rosboard/lib/python3.10/site-packages/rosboard/html/js
[2.042s] copying /home/sarten-imusa-420/Documents/ROS/ros2_camera_ws/build/rosboard/build/lib/rosboard/html/js/index.js -> /home/sarten-imusa-420/Documents/ROS/ros2_camera_ws/install/rosboard/lib/python3.10/site-packages/rosboard/html/js
[2.042s] copying /home/sarten-imusa-420/Documents/ROS/ros2_camera_ws/build/rosboard/build/lib/rosboard/html/js/uPlot.iife.min.js -> /home/sarten-imusa-420/Documents/ROS/ros2_camera_ws/install/rosboard/lib/python3.10/site-packages/rosboard/html/js
[2.042s] copying /home/sarten-imusa-420/Documents/ROS/ros2_camera_ws/build/rosboard/build/lib/rosboard/html/js/leaflet.js.map -> /home/sarten-imusa-420/Documents/ROS/ros2_camera_ws/install/rosboard/lib/python3.10/site-packages/rosboard/html/js
[2.042s] copying /home/sarten-imusa-420/Documents/ROS/ros2_camera_ws/build/rosboard/build/lib/rosboard/html/js/json5.min.js -> /home/sarten-imusa-420/Documents/ROS/ros2_camera_ws/install/rosboard/lib/python3.10/site-packages/rosboard/html/js
[2.043s] creating /home/sarten-imusa-420/Documents/ROS/ros2_camera_ws/install/rosboard/lib/python3.10/site-packages/rosboard/html/js/transports
[2.043s] copying /home/sarten-imusa-420/Documents/ROS/ros2_camera_ws/build/rosboard/build/lib/rosboard/html/js/transports/RosBridgeTransport.js -> /home/sarten-imusa-420/Documents/ROS/ros2_camera_ws/install/rosboard/lib/python3.10/site-packages/rosboard/html/js/transports
[2.043s] copying /home/sarten-imusa-420/Documents/ROS/ros2_camera_ws/build/rosboard/build/lib/rosboard/html/js/transports/WebSocketV1Transport.js -> /home/sarten-imusa-420/Documents/ROS/ros2_camera_ws/install/rosboard/lib/python3.10/site-packages/rosboard/html/js/transports
[2.044s] copying /home/sarten-imusa-420/Documents/ROS/ros2_camera_ws/build/rosboard/build/lib/rosboard/html/js/transports/Rosbag2Transport.js -> /home/sarten-imusa-420/Documents/ROS/ros2_camera_ws/install/rosboard/lib/python3.10/site-packages/rosboard/html/js/transports
[2.044s] copying /home/sarten-imusa-420/Documents/ROS/ros2_camera_ws/build/rosboard/build/lib/rosboard/html/js/transports/RosbagTransport.js -> /home/sarten-imusa-420/Documents/ROS/ros2_camera_ws/install/rosboard/lib/python3.10/site-packages/rosboard/html/js/transports
[2.044s] copying /home/sarten-imusa-420/Documents/ROS/ros2_camera_ws/build/rosboard/build/lib/rosboard/html/js/transports/DeviceSensorTransport.js -> /home/sarten-imusa-420/Documents/ROS/ros2_camera_ws/install/rosboard/lib/python3.10/site-packages/rosboard/html/js/transports
[2.045s] copying /home/sarten-imusa-420/Documents/ROS/ros2_camera_ws/build/rosboard/build/lib/rosboard/html/js/leaflet.easy-button.js -> /home/sarten-imusa-420/Documents/ROS/ros2_camera_ws/install/rosboard/lib/python3.10/site-packages/rosboard/html/js
[2.045s] copying /home/sarten-imusa-420/Documents/ROS/ros2_camera_ws/build/rosboard/build/lib/rosboard/html/js/masonry.pkgd.min.js -> /home/sarten-imusa-420/Documents/ROS/ros2_camera_ws/install/rosboard/lib/python3.10/site-packages/rosboard/html/js
[2.045s] copying /home/sarten-imusa-420/Documents/ROS/ros2_camera_ws/build/rosboard/build/lib/rosboard/html/js/leaflet-src.js -> /home/sarten-imusa-420/Documents/ROS/ros2_camera_ws/install/rosboard/lib/python3.10/site-packages/rosboard/html/js
[2.045s] copying /home/sarten-imusa-420/Documents/ROS/ros2_camera_ws/build/rosboard/build/lib/rosboard/html/js/jquery.transit.min.js -> /home/sarten-imusa-420/Documents/ROS/ros2_camera_ws/install/rosboard/lib/python3.10/site-packages/rosboard/html/js
[2.046s] copying /home/sarten-imusa-420/Documents/ROS/ros2_camera_ws/build/rosboard/build/lib/rosboard/html/js/litegl.min.js -> /home/sarten-imusa-420/Documents/ROS/ros2_camera_ws/install/rosboard/lib/python3.10/site-packages/rosboard/html/js
[2.046s] copying /home/sarten-imusa-420/Documents/ROS/ros2_camera_ws/build/rosboard/build/lib/rosboard/html/js/eventemitter2.min.js -> /home/sarten-imusa-420/Documents/ROS/ros2_camera_ws/install/rosboard/lib/python3.10/site-packages/rosboard/html/js
[2.046s] copying /home/sarten-imusa-420/Documents/ROS/ros2_camera_ws/build/rosboard/build/lib/rosboard/html/js/leaflet-src.esm.js.map -> /home/sarten-imusa-420/Documents/ROS/ros2_camera_ws/install/rosboard/lib/python3.10/site-packages/rosboard/html/js
[2.047s] copying /home/sarten-imusa-420/Documents/ROS/ros2_camera_ws/build/rosboard/build/lib/rosboard/html/js/draggabilly.pkgd.min.js -> /home/sarten-imusa-420/Documents/ROS/ros2_camera_ws/install/rosboard/lib/python3.10/site-packages/rosboard/html/js
[2.047s] copying /home/sarten-imusa-420/Documents/ROS/ros2_camera_ws/build/rosboard/build/lib/rosboard/html/js/material.min.js.map -> /home/sarten-imusa-420/Documents/ROS/ros2_camera_ws/install/rosboard/lib/python3.10/site-packages/rosboard/html/js
[2.048s] copying /home/sarten-imusa-420/Documents/ROS/ros2_camera_ws/build/rosboard/build/lib/rosboard/html/js/leaflet.js -> /home/sarten-imusa-420/Documents/ROS/ros2_camera_ws/install/rosboard/lib/python3.10/site-packages/rosboard/html/js
[2.048s] creating /home/sarten-imusa-420/Documents/ROS/ros2_camera_ws/install/rosboard/lib/python3.10/site-packages/rosboard/html/js/viewers
[2.048s] copying /home/sarten-imusa-420/Documents/ROS/ros2_camera_ws/build/rosboard/build/lib/rosboard/html/js/viewers/GenericViewer.js -> /home/sarten-imusa-420/Documents/ROS/ros2_camera_ws/install/rosboard/lib/python3.10/site-packages/rosboard/html/js/viewers
[2.049s] copying /home/sarten-imusa-420/Documents/ROS/ros2_camera_ws/build/rosboard/build/lib/rosboard/html/js/viewers/PolygonViewer.js -> /home/sarten-imusa-420/Documents/ROS/ros2_camera_ws/install/rosboard/lib/python3.10/site-packages/rosboard/html/js/viewers
[2.049s] copying /home/sarten-imusa-420/Documents/ROS/ros2_camera_ws/build/rosboard/build/lib/rosboard/html/js/viewers/LogViewer.js -> /home/sarten-imusa-420/Documents/ROS/ros2_camera_ws/install/rosboard/lib/python3.10/site-packages/rosboard/html/js/viewers
[2.049s] creating /home/sarten-imusa-420/Documents/ROS/ros2_camera_ws/install/rosboard/lib/python3.10/site-packages/rosboard/html/js/viewers/meta
[2.050s] copying /home/sarten-imusa-420/Documents/ROS/ros2_camera_ws/build/rosboard/build/lib/rosboard/html/js/viewers/meta/Viewer.js -> /home/sarten-imusa-420/Documents/ROS/ros2_camera_ws/install/rosboard/lib/python3.10/site-packages/rosboard/html/js/viewers/meta
[2.050s] copying /home/sarten-imusa-420/Documents/ROS/ros2_camera_ws/build/rosboard/build/lib/rosboard/html/js/viewers/meta/Space3DViewer.js -> /home/sarten-imusa-420/Documents/ROS/ros2_camera_ws/install/rosboard/lib/python3.10/site-packages/rosboard/html/js/viewers/meta
[2.050s] copying /home/sarten-imusa-420/Documents/ROS/ros2_camera_ws/build/rosboard/build/lib/rosboard/html/js/viewers/meta/Space2DViewer.js -> /home/sarten-imusa-420/Documents/ROS/ros2_camera_ws/install/rosboard/lib/python3.10/site-packages/rosboard/html/js/viewers/meta
[2.051s] copying /home/sarten-imusa-420/Documents/ROS/ros2_camera_ws/build/rosboard/build/lib/rosboard/html/js/viewers/TimeSeriesPlotViewer.js -> /home/sarten-imusa-420/Documents/ROS/ros2_camera_ws/install/rosboard/lib/python3.10/site-packages/rosboard/html/js/viewers
[2.051s] copying /home/sarten-imusa-420/Documents/ROS/ros2_camera_ws/build/rosboard/build/lib/rosboard/html/js/viewers/DiagnosticViewer.js -> /home/sarten-imusa-420/Documents/ROS/ros2_camera_ws/install/rosboard/lib/python3.10/site-packages/rosboard/html/js/viewers
[2.051s] copying /home/sarten-imusa-420/Documents/ROS/ros2_camera_ws/build/rosboard/build/lib/rosboard/html/js/viewers/PointCloud2Viewer.js -> /home/sarten-imusa-420/Documents/ROS/ros2_camera_ws/install/rosboard/lib/python3.10/site-packages/rosboard/html/js/viewers
[2.052s] copying /home/sarten-imusa-420/Documents/ROS/ros2_camera_ws/build/rosboard/build/lib/rosboard/html/js/viewers/MapViewer.js -> /home/sarten-imusa-420/Documents/ROS/ros2_camera_ws/install/rosboard/lib/python3.10/site-packages/rosboard/html/js/viewers
[2.052s] copying /home/sarten-imusa-420/Documents/ROS/ros2_camera_ws/build/rosboard/build/lib/rosboard/html/js/viewers/GeometryViewer.js -> /home/sarten-imusa-420/Documents/ROS/ros2_camera_ws/install/rosboard/lib/python3.10/site-packages/rosboard/html/js/viewers
[2.052s] copying /home/sarten-imusa-420/Documents/ROS/ros2_camera_ws/build/rosboard/build/lib/rosboard/html/js/viewers/LaserScanViewer.js -> /home/sarten-imusa-420/Documents/ROS/ros2_camera_ws/install/rosboard/lib/python3.10/site-packages/rosboard/html/js/viewers
[2.052s] copying /home/sarten-imusa-420/Documents/ROS/ros2_camera_ws/build/rosboard/build/lib/rosboard/html/js/viewers/ImageViewer.js -> /home/sarten-imusa-420/Documents/ROS/ros2_camera_ws/install/rosboard/lib/python3.10/site-packages/rosboard/html/js/viewers
[2.053s] copying /home/sarten-imusa-420/Documents/ROS/ros2_camera_ws/build/rosboard/build/lib/rosboard/html/js/viewers/ProcessListViewer.js -> /home/sarten-imusa-420/Documents/ROS/ros2_camera_ws/install/rosboard/lib/python3.10/site-packages/rosboard/html/js/viewers
[2.053s] copying /home/sarten-imusa-420/Documents/ROS/ros2_camera_ws/build/rosboard/build/lib/rosboard/html/index.html -> /home/sarten-imusa-420/Documents/ROS/ros2_camera_ws/install/rosboard/lib/python3.10/site-packages/rosboard/html
[2.053s] creating /home/sarten-imusa-420/Documents/ROS/ros2_camera_ws/install/rosboard/lib/python3.10/site-packages/rosboard/html/fonts
[2.054s] copying /home/sarten-imusa-420/Documents/ROS/ros2_camera_ws/build/rosboard/build/lib/rosboard/html/fonts/titillium-web-v10-latin-700.svg -> /home/sarten-imusa-420/Documents/ROS/ros2_camera_ws/install/rosboard/lib/python3.10/site-packages/rosboard/html/fonts
[2.054s] copying /home/sarten-imusa-420/Documents/ROS/ros2_camera_ws/build/rosboard/build/lib/rosboard/html/fonts/jetbrains-mono-v6-latin-300.woff -> /home/sarten-imusa-420/Documents/ROS/ros2_camera_ws/install/rosboard/lib/python3.10/site-packages/rosboard/html/fonts
[2.055s] copying /home/sarten-imusa-420/Documents/ROS/ros2_camera_ws/build/rosboard/build/lib/rosboard/html/fonts/titillium-web-v10-latin-300.woff2 -> /home/sarten-imusa-420/Documents/ROS/ros2_camera_ws/install/rosboard/lib/python3.10/site-packages/rosboard/html/fonts
[2.056s] copying /home/sarten-imusa-420/Documents/ROS/ros2_camera_ws/build/rosboard/build/lib/rosboard/html/fonts/jetbrains-mono-v6-latin-300.ttf -> /home/sarten-imusa-420/Documents/ROS/ros2_camera_ws/install/rosboard/lib/python3.10/site-packages/rosboard/html/fonts
[2.057s] copying /home/sarten-imusa-420/Documents/ROS/ros2_camera_ws/build/rosboard/build/lib/rosboard/html/fonts/jetbrains-mono-v6-latin-700.woff2 -> /home/sarten-imusa-420/Documents/ROS/ros2_camera_ws/install/rosboard/lib/python3.10/site-packages/rosboard/html/fonts
[2.057s] copying /home/sarten-imusa-420/Documents/ROS/ros2_camera_ws/build/rosboard/build/lib/rosboard/html/fonts/titillium-web-v10-latin-700.eot -> /home/sarten-imusa-420/Documents/ROS/ros2_camera_ws/install/rosboard/lib/python3.10/site-packages/rosboard/html/fonts
[2.057s] copying /home/sarten-imusa-420/Documents/ROS/ros2_camera_ws/build/rosboard/build/lib/rosboard/html/fonts/MaterialIcons-Regular.svg -> /home/sarten-imusa-420/Documents/ROS/ros2_camera_ws/install/rosboard/lib/python3.10/site-packages/rosboard/html/fonts
[2.058s] copying /home/sarten-imusa-420/Documents/ROS/ros2_camera_ws/build/rosboard/build/lib/rosboard/html/fonts/jetbrains-mono-v6-latin-700.woff -> /home/sarten-imusa-420/Documents/ROS/ros2_camera_ws/install/rosboard/lib/python3.10/site-packages/rosboard/html/fonts
[2.058s] copying /home/sarten-imusa-420/Documents/ROS/ros2_camera_ws/build/rosboard/build/lib/rosboard/html/fonts/jetbrains-mono-v6-latin-700.ttf -> /home/sarten-imusa-420/Documents/ROS/ros2_camera_ws/install/rosboard/lib/python3.10/site-packages/rosboard/html/fonts
[2.059s] copying /home/sarten-imusa-420/Documents/ROS/ros2_camera_ws/build/rosboard/build/lib/rosboard/html/fonts/MaterialIcons-Regular.eot -> /home/sarten-imusa-420/Documents/ROS/ros2_camera_ws/install/rosboard/lib/python3.10/site-packages/rosboard/html/fonts
[2.059s] copying /home/sarten-imusa-420/Documents/ROS/ros2_camera_ws/build/rosboard/build/lib/rosboard/html/fonts/MaterialIcons-Regular.ijmap -> /home/sarten-imusa-420/Documents/ROS/ros2_camera_ws/install/rosboard/lib/python3.10/site-packages/rosboard/html/fonts
[2.059s] copying /home/sarten-imusa-420/Documents/ROS/ros2_camera_ws/build/rosboard/build/lib/rosboard/html/fonts/titillium-web-v10-latin-700.woff -> /home/sarten-imusa-420/Documents/ROS/ros2_camera_ws/install/rosboard/lib/python3.10/site-packages/rosboard/html/fonts
[2.060s] copying /home/sarten-imusa-420/Documents/ROS/ros2_camera_ws/build/rosboard/build/lib/rosboard/html/fonts/titillium-web-v10-latin-300.ttf -> /home/sarten-imusa-420/Documents/ROS/ros2_camera_ws/install/rosboard/lib/python3.10/site-packages/rosboard/html/fonts
[2.060s] copying /home/sarten-imusa-420/Documents/ROS/ros2_camera_ws/build/rosboard/build/lib/rosboard/html/fonts/jetbrains-mono-v6-latin-300.svg -> /home/sarten-imusa-420/Documents/ROS/ros2_camera_ws/install/rosboard/lib/python3.10/site-packages/rosboard/html/fonts
[2.061s] copying /home/sarten-imusa-420/Documents/ROS/ros2_camera_ws/build/rosboard/build/lib/rosboard/html/fonts/jetbrains-mono-v6-latin-700.svg -> /home/sarten-imusa-420/Documents/ROS/ros2_camera_ws/install/rosboard/lib/python3.10/site-packages/rosboard/html/fonts
[2.061s] copying /home/sarten-imusa-420/Documents/ROS/ros2_camera_ws/build/rosboard/build/lib/rosboard/html/fonts/titillium-web-v10-latin-300.woff -> /home/sarten-imusa-420/Documents/ROS/ros2_camera_ws/install/rosboard/lib/python3.10/site-packages/rosboard/html/fonts
[2.061s] copying /home/sarten-imusa-420/Documents/ROS/ros2_camera_ws/build/rosboard/build/lib/rosboard/html/fonts/MaterialIcons-Regular.woff2 -> /home/sarten-imusa-420/Documents/ROS/ros2_camera_ws/install/rosboard/lib/python3.10/site-packages/rosboard/html/fonts
[2.061s] copying /home/sarten-imusa-420/Documents/ROS/ros2_camera_ws/build/rosboard/build/lib/rosboard/html/fonts/MaterialIcons-Regular.woff -> /home/sarten-imusa-420/Documents/ROS/ros2_camera_ws/install/rosboard/lib/python3.10/site-packages/rosboard/html/fonts
[2.062s] copying /home/sarten-imusa-420/Documents/ROS/ros2_camera_ws/build/rosboard/build/lib/rosboard/html/fonts/MaterialIcons-Regular.ttf -> /home/sarten-imusa-420/Documents/ROS/ros2_camera_ws/install/rosboard/lib/python3.10/site-packages/rosboard/html/fonts
[2.062s] copying /home/sarten-imusa-420/Documents/ROS/ros2_camera_ws/build/rosboard/build/lib/rosboard/html/fonts/jetbrains-mono-v6-latin-300.eot -> /home/sarten-imusa-420/Documents/ROS/ros2_camera_ws/install/rosboard/lib/python3.10/site-packages/rosboard/html/fonts
[2.062s] copying /home/sarten-imusa-420/Documents/ROS/ros2_camera_ws/build/rosboard/build/lib/rosboard/html/fonts/titillium-web-v10-latin-300.eot -> /home/sarten-imusa-420/Documents/ROS/ros2_camera_ws/install/rosboard/lib/python3.10/site-packages/rosboard/html/fonts
[2.063s] copying /home/sarten-imusa-420/Documents/ROS/ros2_camera_ws/build/rosboard/build/lib/rosboard/html/fonts/jetbrains-mono-v6-latin-300.woff2 -> /home/sarten-imusa-420/Documents/ROS/ros2_camera_ws/install/rosboard/lib/python3.10/site-packages/rosboard/html/fonts
[2.063s] copying /home/sarten-imusa-420/Documents/ROS/ros2_camera_ws/build/rosboard/build/lib/rosboard/html/fonts/titillium-web-v10-latin-700.ttf -> /home/sarten-imusa-420/Documents/ROS/ros2_camera_ws/install/rosboard/lib/python3.10/site-packages/rosboard/html/fonts
[2.063s] copying /home/sarten-imusa-420/Documents/ROS/ros2_camera_ws/build/rosboard/build/lib/rosboard/html/fonts/titillium-web-v10-latin-300.svg -> /home/sarten-imusa-420/Documents/ROS/ros2_camera_ws/install/rosboard/lib/python3.10/site-packages/rosboard/html/fonts
[2.063s] copying /home/sarten-imusa-420/Documents/ROS/ros2_camera_ws/build/rosboard/build/lib/rosboard/html/fonts/titillium-web-v10-latin-700.woff2 -> /home/sarten-imusa-420/Documents/ROS/ros2_camera_ws/install/rosboard/lib/python3.10/site-packages/rosboard/html/fonts
[2.064s] copying /home/sarten-imusa-420/Documents/ROS/ros2_camera_ws/build/rosboard/build/lib/rosboard/html/fonts/jetbrains-mono-v6-latin-700.eot -> /home/sarten-imusa-420/Documents/ROS/ros2_camera_ws/install/rosboard/lib/python3.10/site-packages/rosboard/html/fonts
[2.064s] creating /home/sarten-imusa-420/Documents/ROS/ros2_camera_ws/install/rosboard/lib/python3.10/site-packages/rosboard/html/css
[2.064s] copying /home/sarten-imusa-420/Documents/ROS/ros2_camera_ws/build/rosboard/build/lib/rosboard/html/css/leaflet.easy-button.css -> /home/sarten-imusa-420/Documents/ROS/ros2_camera_ws/install/rosboard/lib/python3.10/site-packages/rosboard/html/css
[2.065s] copying /home/sarten-imusa-420/Documents/ROS/ros2_camera_ws/build/rosboard/build/lib/rosboard/html/css/uPlot.min.css -> /home/sarten-imusa-420/Documents/ROS/ros2_camera_ws/install/rosboard/lib/python3.10/site-packages/rosboard/html/css
[2.065s] creating /home/sarten-imusa-420/Documents/ROS/ros2_camera_ws/install/rosboard/lib/python3.10/site-packages/rosboard/html/css/images
[2.065s] copying /home/sarten-imusa-420/Documents/ROS/ros2_camera_ws/build/rosboard/build/lib/rosboard/html/css/images/marker-icon.png -> /home/sarten-imusa-420/Documents/ROS/ros2_camera_ws/install/rosboard/lib/python3.10/site-packages/rosboard/html/css/images
[2.065s] copying /home/sarten-imusa-420/Documents/ROS/ros2_camera_ws/build/rosboard/build/lib/rosboard/html/css/images/marker-icon-2x.png -> /home/sarten-imusa-420/Documents/ROS/ros2_camera_ws/install/rosboard/lib/python3.10/site-packages/rosboard/html/css/images
[2.066s] copying /home/sarten-imusa-420/Documents/ROS/ros2_camera_ws/build/rosboard/build/lib/rosboard/html/css/images/marker-shadow.png -> /home/sarten-imusa-420/Documents/ROS/ros2_camera_ws/install/rosboard/lib/python3.10/site-packages/rosboard/html/css/images
[2.066s] copying /home/sarten-imusa-420/Documents/ROS/ros2_camera_ws/build/rosboard/build/lib/rosboard/html/css/images/layers-2x.png -> /home/sarten-imusa-420/Documents/ROS/ros2_camera_ws/install/rosboard/lib/python3.10/site-packages/rosboard/html/css/images
[2.066s] copying /home/sarten-imusa-420/Documents/ROS/ros2_camera_ws/build/rosboard/build/lib/rosboard/html/css/images/layers.png -> /home/sarten-imusa-420/Documents/ROS/ros2_camera_ws/install/rosboard/lib/python3.10/site-packages/rosboard/html/css/images
[2.067s] copying /home/sarten-imusa-420/Documents/ROS/ros2_camera_ws/build/rosboard/build/lib/rosboard/html/css/index.css -> /home/sarten-imusa-420/Documents/ROS/ros2_camera_ws/install/rosboard/lib/python3.10/site-packages/rosboard/html/css
[2.067s] copying /home/sarten-imusa-420/Documents/ROS/ros2_camera_ws/build/rosboard/build/lib/rosboard/html/css/material-icons.css -> /home/sarten-imusa-420/Documents/ROS/ros2_camera_ws/install/rosboard/lib/python3.10/site-packages/rosboard/html/css
[2.067s] copying /home/sarten-imusa-420/Documents/ROS/ros2_camera_ws/build/rosboard/build/lib/rosboard/html/css/leaflet.css -> /home/sarten-imusa-420/Documents/ROS/ros2_camera_ws/install/rosboard/lib/python3.10/site-packages/rosboard/html/css
[2.067s] copying /home/sarten-imusa-420/Documents/ROS/ros2_camera_ws/build/rosboard/build/lib/rosboard/html/css/material.blue_grey-indigo.min.css -> /home/sarten-imusa-420/Documents/ROS/ros2_camera_ws/install/rosboard/lib/python3.10/site-packages/rosboard/html/css
[2.068s] copying /home/sarten-imusa-420/Documents/ROS/ros2_camera_ws/build/rosboard/build/lib/rosboard/html/css/material.indigo-blue.min.css -> /home/sarten-imusa-420/Documents/ROS/ros2_camera_ws/install/rosboard/lib/python3.10/site-packages/rosboard/html/css
[2.068s] copying /home/sarten-imusa-420/Documents/ROS/ros2_camera_ws/build/rosboard/build/lib/rosboard/html/css/material.light_green-lime.min.css -> /home/sarten-imusa-420/Documents/ROS/ros2_camera_ws/install/rosboard/lib/python3.10/site-packages/rosboard/html/css
[2.068s] copying /home/sarten-imusa-420/Documents/ROS/ros2_camera_ws/build/rosboard/build/lib/rosboard/compression.py -> /home/sarten-imusa-420/Documents/ROS/ros2_camera_ws/install/rosboard/lib/python3.10/site-packages/rosboard
[2.069s] creating /home/sarten-imusa-420/Documents/ROS/ros2_camera_ws/install/rosboard/lib/python3.10/site-packages/rosboard/rospy2
[2.069s] copying /home/sarten-imusa-420/Documents/ROS/ros2_camera_ws/build/rosboard/build/lib/rosboard/rospy2/constants.py -> /home/sarten-imusa-420/Documents/ROS/ros2_camera_ws/install/rosboard/lib/python3.10/site-packages/rosboard/rospy2
[2.069s] copying /home/sarten-imusa-420/Documents/ROS/ros2_camera_ws/build/rosboard/build/lib/rosboard/rospy2/__init__.py -> /home/sarten-imusa-420/Documents/ROS/ros2_camera_ws/install/rosboard/lib/python3.10/site-packages/rosboard/rospy2
[2.070s] copying /home/sarten-imusa-420/Documents/ROS/ros2_camera_ws/build/rosboard/build/lib/rosboard/__init__.py -> /home/sarten-imusa-420/Documents/ROS/ros2_camera_ws/install/rosboard/lib/python3.10/site-packages/rosboard
[2.070s] copying /home/sarten-imusa-420/Documents/ROS/ros2_camera_ws/build/rosboard/build/lib/rosboard/rosboard.py -> /home/sarten-imusa-420/Documents/ROS/ros2_camera_ws/install/rosboard/lib/python3.10/site-packages/rosboard
[2.070s] byte-compiling /home/sarten-imusa-420/Documents/ROS/ros2_camera_ws/install/rosboard/lib/python3.10/site-packages/rosboard/cv_bridge.py to cv_bridge.cpython-310.pyc
[2.070s] byte-compiling /home/sarten-imusa-420/Documents/ROS/ros2_camera_ws/install/rosboard/lib/python3.10/site-packages/rosboard/handlers.py to handlers.cpython-310.pyc
[2.071s] byte-compiling /home/sarten-imusa-420/Documents/ROS/ros2_camera_ws/install/rosboard/lib/python3.10/site-packages/rosboard/message_serialization.py to message_serialization.cpython-310.pyc
[2.071s] byte-compiling /home/sarten-imusa-420/Documents/ROS/ros2_camera_ws/install/rosboard/lib/python3.10/site-packages/rosboard/serialization.py to serialization.cpython-310.pyc
[2.071s] byte-compiling /home/sarten-imusa-420/Documents/ROS/ros2_camera_ws/install/rosboard/lib/python3.10/site-packages/rosboard/subscribers/system_stats_subscriber.py to system_stats_subscriber.cpython-310.pyc
[2.072s] byte-compiling /home/sarten-imusa-420/Documents/ROS/ros2_camera_ws/install/rosboard/lib/python3.10/site-packages/rosboard/subscribers/dummy_subscriber.py to dummy_subscriber.cpython-310.pyc
[2.072s] byte-compiling /home/sarten-imusa-420/Documents/ROS/ros2_camera_ws/install/rosboard/lib/python3.10/site-packages/rosboard/subscribers/dmesg_subscriber.py to dmesg_subscriber.cpython-310.pyc
[2.072s] byte-compiling /home/sarten-imusa-420/Documents/ROS/ros2_camera_ws/install/rosboard/lib/python3.10/site-packages/rosboard/subscribers/processes_subscriber.py to processes_subscriber.cpython-310.pyc
[2.073s] byte-compiling /home/sarten-imusa-420/Documents/ROS/ros2_camera_ws/install/rosboard/lib/python3.10/site-packages/rosboard/subscribers/__init__.py to __init__.cpython-310.pyc
[2.073s] byte-compiling /home/sarten-imusa-420/Documents/ROS/ros2_camera_ws/install/rosboard/lib/python3.10/site-packages/rosboard/compression.py to compression.cpython-310.pyc
[2.078s] byte-compiling /home/sarten-imusa-420/Documents/ROS/ros2_camera_ws/install/rosboard/lib/python3.10/site-packages/rosboard/rospy2/constants.py to constants.cpython-310.pyc
[2.078s] byte-compiling /home/sarten-imusa-420/Documents/ROS/ros2_camera_ws/install/rosboard/lib/python3.10/site-packages/rosboard/rospy2/__init__.py to __init__.cpython-310.pyc
[2.086s] byte-compiling /home/sarten-imusa-420/Documents/ROS/ros2_camera_ws/install/rosboard/lib/python3.10/site-packages/rosboard/__init__.py to __init__.cpython-310.pyc
[2.086s] byte-compiling /home/sarten-imusa-420/Documents/ROS/ros2_camera_ws/install/rosboard/lib/python3.10/site-packages/rosboard/rosboard.py to rosboard.cpython-310.pyc
[2.089s] running install_data
[2.091s] copying package.xml -> /home/sarten-imusa-420/Documents/ROS/ros2_camera_ws/install/rosboard/share/rosboard
[2.091s] running install_egg_info
[2.094s] Copying ../../build/rosboard/rosboard.egg-info to /home/sarten-imusa-420/Documents/ROS/ros2_camera_ws/install/rosboard/lib/python3.10/site-packages/rosboard-1.2.1-py3.10.egg-info
[2.095s] running install_scripts
[2.138s] Installing rosboard_node script to /home/sarten-imusa-420/Documents/ROS/ros2_camera_ws/install/rosboard/lib/rosboard
[2.141s] writing list of installed files to '/home/sarten-imusa-420/Documents/ROS/ros2_camera_ws/build/rosboard/install.log'
[2.223s] Invoked command in '/home/sarten-imusa-420/Documents/ROS/ros2_camera_ws/src/rosboard' returned '0': PYTHONPATH=/home/sarten-imusa-420/Documents/ROS/ros2_camera_ws/build/rosboard/prefix_override:/home/sarten-imusa-420/Documents/ROS/ros2_camera_ws/install/rosboard/lib/python3.10/site-packages:${PYTHONPATH} /usr/bin/python3 setup.py egg_info --egg-base ../../build/rosboard build --build-base /home/sarten-imusa-420/Documents/ROS/ros2_camera_ws/build/rosboard/build install --record /home/sarten-imusa-420/Documents/ROS/ros2_camera_ws/build/rosboard/install.log --single-version-externally-managed
