[1.021s] Invoking command in '/home/sarten-imusa-420/Documents/GitHub/CosasBasicasParaQueCopies/ros2_camera_ws/src/cam_stream': PYTHONPATH=/home/sarten-imusa-420/Documents/GitHub/CosasBasicasParaQueCopies/ros2_camera_ws/build/cam_stream/prefix_override:/home/sarten-imusa-420/Documents/GitHub/CosasBasicasParaQueCopies/ros2_camera_ws/install/cam_stream/lib/python3.10/site-packages:${PYTHONPATH} /usr/bin/python3 setup.py egg_info --egg-base ../../build/cam_stream build --build-base /home/sarten-imusa-420/Documents/GitHub/CosasBasicasParaQueCopies/ros2_camera_ws/build/cam_stream/build install --record /home/sarten-imusa-420/Documents/GitHub/CosasBasicasParaQueCopies/ros2_camera_ws/build/cam_stream/install.log --single-version-externally-managed
[1.398s] running egg_info
[1.400s] writing ../../build/cam_stream/cam_stream.egg-info/PKG-INFO
[1.400s] writing dependency_links to ../../build/cam_stream/cam_stream.egg-info/dependency_links.txt
[1.400s] writing entry points to ../../build/cam_stream/cam_stream.egg-info/entry_points.txt
[1.401s] writing requirements to ../../build/cam_stream/cam_stream.egg-info/requires.txt
[1.401s] writing top-level names to ../../build/cam_stream/cam_stream.egg-info/top_level.txt
[1.404s] reading manifest file '../../build/cam_stream/cam_stream.egg-info/SOURCES.txt'
[1.405s] writing manifest file '../../build/cam_stream/cam_stream.egg-info/SOURCES.txt'
[1.406s] running build
[1.406s] running build_py
[1.406s] copying cam_stream/show_img.py -> /home/sarten-imusa-420/Documents/GitHub/CosasBasicasParaQueCopies/ros2_camera_ws/build/cam_stream/build/lib/cam_stream
[1.407s] running install
[1.407s] /usr/lib/python3/dist-packages/setuptools/command/install.py:34: SetuptoolsDeprecationWarning: setup.py install is deprecated. Use build and pip and other standards-based tools.
[1.407s]   warnings.warn(
[1.407s] running install_lib
[1.409s] copying /home/sarten-imusa-420/Documents/GitHub/CosasBasicasParaQueCopies/ros2_camera_ws/build/cam_stream/build/lib/cam_stream/show_img.py -> /home/sarten-imusa-420/Documents/GitHub/CosasBasicasParaQueCopies/ros2_camera_ws/install/cam_stream/lib/python3.10/site-packages/cam_stream
[1.410s] byte-compiling /home/sarten-imusa-420/Documents/GitHub/CosasBasicasParaQueCopies/ros2_camera_ws/install/cam_stream/lib/python3.10/site-packages/cam_stream/show_img.py to show_img.cpython-310.pyc
[1.410s] running install_data
[1.412s] running install_egg_info
[1.414s] removing '/home/sarten-imusa-420/Documents/GitHub/CosasBasicasParaQueCopies/ros2_camera_ws/install/cam_stream/lib/python3.10/site-packages/cam_stream-0.0.0-py3.10.egg-info' (and everything under it)
[1.415s] Copying ../../build/cam_stream/cam_stream.egg-info to /home/sarten-imusa-420/Documents/GitHub/CosasBasicasParaQueCopies/ros2_camera_ws/install/cam_stream/lib/python3.10/site-packages/cam_stream-0.0.0-py3.10.egg-info
[1.416s] running install_scripts
[1.451s] Installing driver_node script to /home/sarten-imusa-420/Documents/GitHub/CosasBasicasParaQueCopies/ros2_camera_ws/install/cam_stream/lib/cam_stream
[1.451s] Installing image_ctrl script to /home/sarten-imusa-420/Documents/GitHub/CosasBasicasParaQueCopies/ros2_camera_ws/install/cam_stream/lib/cam_stream
[1.452s] Installing show_img script to /home/sarten-imusa-420/Documents/GitHub/CosasBasicasParaQueCopies/ros2_camera_ws/install/cam_stream/lib/cam_stream
[1.452s] writing list of installed files to '/home/sarten-imusa-420/Documents/GitHub/CosasBasicasParaQueCopies/ros2_camera_ws/build/cam_stream/install.log'
[1.513s] Invoked command in '/home/sarten-imusa-420/Documents/GitHub/CosasBasicasParaQueCopies/ros2_camera_ws/src/cam_stream' returned '0': PYTHONPATH=/home/sarten-imusa-420/Documents/GitHub/CosasBasicasParaQueCopies/ros2_camera_ws/build/cam_stream/prefix_override:/home/sarten-imusa-420/Documents/GitHub/CosasBasicasParaQueCopies/ros2_camera_ws/install/cam_stream/lib/python3.10/site-packages:${PYTHONPATH} /usr/bin/python3 setup.py egg_info --egg-base ../../build/cam_stream build --build-base /home/sarten-imusa-420/Documents/GitHub/CosasBasicasParaQueCopies/ros2_camera_ws/build/cam_stream/build install --record /home/sarten-imusa-420/Documents/GitHub/CosasBasicasParaQueCopies/ros2_camera_ws/build/cam_stream/install.log --single-version-externally-managed
