[0.328s] DEBUG:colcon:Command line arguments: ['/usr/bin/colcon', 'build', '--packages-select', 'cam_stream']
[0.328s] DEBUG:colcon:Parsed command line arguments: Namespace(log_base=None, log_level=None, verb_name='build', build_base='build', install_base='install', merge_install=False, symlink_install=False, test_result_base=None, continue_on_error=False, executor='parallel', parallel_workers=8, event_handlers=None, ignore_user_meta=False, metas=['./colcon.meta'], base_paths=['.'], packages_ignore=None, packages_ignore_regex=None, paths=None, packages_up_to=None, packages_up_to_regex=None, packages_above=None, packages_above_and_dependencies=None, packages_above_depth=None, packages_select_by_dep=None, packages_skip_by_dep=None, packages_skip_up_to=None, packages_select_build_failed=False, packages_skip_build_finished=False, packages_select_test_failures=False, packages_skip_test_passed=False, packages_select=['cam_stream'], packages_skip=None, packages_select_regex=None, packages_skip_regex=None, packages_start=None, packages_end=None, allow_overriding=[], cmake_args=None, cmake_target=None, cmake_target_skip_unavailable=False, cmake_clean_cache=False, cmake_clean_first=False, cmake_force_configure=False, ament_cmake_args=None, catkin_cmake_args=None, catkin_skip_building_tests=False, verb_parser=<colcon_defaults.argument_parser.defaults.DefaultArgumentsDecorator object at 0x7f3d42fd88b0>, verb_extension=<colcon_core.verb.build.BuildVerb object at 0x7f3d430fe830>, main=<bound method BuildVerb.main of <colcon_core.verb.build.BuildVerb object at 0x7f3d430fe830>>)
[0.368s] Level 1:colcon.colcon_core.package_discovery:discover_packages(colcon_meta) check parameters
[0.368s] Level 1:colcon.colcon_core.package_discovery:discover_packages(recursive) check parameters
[0.368s] Level 1:colcon.colcon_core.package_discovery:discover_packages(ignore) check parameters
[0.368s] Level 1:colcon.colcon_core.package_discovery:discover_packages(path) check parameters
[0.368s] Level 1:colcon.colcon_core.package_discovery:discover_packages(colcon_meta) discover
[0.368s] Level 1:colcon.colcon_core.package_discovery:discover_packages(recursive) discover
[0.368s] INFO:colcon.colcon_core.package_discovery:Crawling recursively for packages in '/home/sarten-imusa-420/Documents/ROS/ros2_camera_ws'
[0.368s] Level 1:colcon.colcon_core.package_identification:_identify(.) by extensions ['ignore', 'ignore_ament_install']
[0.369s] Level 1:colcon.colcon_core.package_identification:_identify(.) by extension 'ignore'
[0.369s] Level 1:colcon.colcon_core.package_identification:_identify(.) by extension 'ignore_ament_install'
[0.369s] Level 1:colcon.colcon_core.package_identification:_identify(.) by extensions ['colcon_pkg']
[0.369s] Level 1:colcon.colcon_core.package_identification:_identify(.) by extension 'colcon_pkg'
[0.369s] Level 1:colcon.colcon_core.package_identification:_identify(.) by extensions ['colcon_meta']
[0.369s] Level 1:colcon.colcon_core.package_identification:_identify(.) by extension 'colcon_meta'
[0.369s] Level 1:colcon.colcon_core.package_identification:_identify(.) by extensions ['ros']
[0.369s] Level 1:colcon.colcon_core.package_identification:_identify(.) by extension 'ros'
[0.381s] Level 1:colcon.colcon_core.package_identification:_identify(.) by extensions ['cmake', 'python']
[0.381s] Level 1:colcon.colcon_core.package_identification:_identify(.) by extension 'cmake'
[0.381s] Level 1:colcon.colcon_core.package_identification:_identify(.) by extension 'python'
[0.381s] Level 1:colcon.colcon_core.package_identification:_identify(.) by extensions ['python_setup_py']
[0.381s] Level 1:colcon.colcon_core.package_identification:_identify(.) by extension 'python_setup_py'
[0.382s] Level 1:colcon.colcon_core.package_identification:_identify(build) by extensions ['ignore', 'ignore_ament_install']
[0.382s] Level 1:colcon.colcon_core.package_identification:_identify(build) by extension 'ignore'
[0.382s] Level 1:colcon.colcon_core.package_identification:_identify(build) ignored
[0.382s] Level 1:colcon.colcon_core.package_identification:_identify(install) by extensions ['ignore', 'ignore_ament_install']
[0.382s] Level 1:colcon.colcon_core.package_identification:_identify(install) by extension 'ignore'
[0.382s] Level 1:colcon.colcon_core.package_identification:_identify(install) ignored
[0.382s] Level 1:colcon.colcon_core.package_identification:_identify(log) by extensions ['ignore', 'ignore_ament_install']
[0.382s] Level 1:colcon.colcon_core.package_identification:_identify(log) by extension 'ignore'
[0.382s] Level 1:colcon.colcon_core.package_identification:_identify(log) ignored
[0.382s] Level 1:colcon.colcon_core.package_identification:_identify(src) by extensions ['ignore', 'ignore_ament_install']
[0.382s] Level 1:colcon.colcon_core.package_identification:_identify(src) by extension 'ignore'
[0.383s] Level 1:colcon.colcon_core.package_identification:_identify(src) by extension 'ignore_ament_install'
[0.383s] Level 1:colcon.colcon_core.package_identification:_identify(src) by extensions ['colcon_pkg']
[0.383s] Level 1:colcon.colcon_core.package_identification:_identify(src) by extension 'colcon_pkg'
[0.383s] Level 1:colcon.colcon_core.package_identification:_identify(src) by extensions ['colcon_meta']
[0.383s] Level 1:colcon.colcon_core.package_identification:_identify(src) by extension 'colcon_meta'
[0.383s] Level 1:colcon.colcon_core.package_identification:_identify(src) by extensions ['ros']
[0.383s] Level 1:colcon.colcon_core.package_identification:_identify(src) by extension 'ros'
[0.383s] Level 1:colcon.colcon_core.package_identification:_identify(src) by extensions ['cmake', 'python']
[0.383s] Level 1:colcon.colcon_core.package_identification:_identify(src) by extension 'cmake'
[0.383s] Level 1:colcon.colcon_core.package_identification:_identify(src) by extension 'python'
[0.383s] Level 1:colcon.colcon_core.package_identification:_identify(src) by extensions ['python_setup_py']
[0.383s] Level 1:colcon.colcon_core.package_identification:_identify(src) by extension 'python_setup_py'
[0.383s] Level 1:colcon.colcon_core.package_identification:_identify(src/cam_stream) by extensions ['ignore', 'ignore_ament_install']
[0.383s] Level 1:colcon.colcon_core.package_identification:_identify(src/cam_stream) by extension 'ignore'
[0.383s] Level 1:colcon.colcon_core.package_identification:_identify(src/cam_stream) by extension 'ignore_ament_install'
[0.383s] Level 1:colcon.colcon_core.package_identification:_identify(src/cam_stream) by extensions ['colcon_pkg']
[0.383s] Level 1:colcon.colcon_core.package_identification:_identify(src/cam_stream) by extension 'colcon_pkg'
[0.384s] Level 1:colcon.colcon_core.package_identification:_identify(src/cam_stream) by extensions ['colcon_meta']
[0.384s] Level 1:colcon.colcon_core.package_identification:_identify(src/cam_stream) by extension 'colcon_meta'
[0.384s] Level 1:colcon.colcon_core.package_identification:_identify(src/cam_stream) by extensions ['ros']
[0.384s] Level 1:colcon.colcon_core.package_identification:_identify(src/cam_stream) by extension 'ros'
[0.386s] DEBUG:colcon.colcon_core.package_identification:Package 'src/cam_stream' with type 'ros.ament_python' and name 'cam_stream'
[0.386s] Level 1:colcon.colcon_core.package_discovery:discover_packages(recursive) using defaults
[0.386s] Level 1:colcon.colcon_core.package_discovery:discover_packages(ignore) discover
[0.386s] Level 1:colcon.colcon_core.package_discovery:discover_packages(ignore) using defaults
[0.386s] Level 1:colcon.colcon_core.package_discovery:discover_packages(path) discover
[0.386s] Level 1:colcon.colcon_core.package_discovery:discover_packages(path) using defaults
[0.411s] Level 1:colcon.colcon_core.package_discovery:discover_packages(prefix_path) check parameters
[0.411s] Level 1:colcon.colcon_core.package_discovery:discover_packages(prefix_path) discover
[0.413s] WARNING:colcon.colcon_core.prefix_path.colcon:The path '/home/sarten-imusa-420/Documents/ROS/ros2_camera_ws/src/install' in the environment variable COLCON_PREFIX_PATH doesn't exist
[0.414s] WARNING:colcon.colcon_ros.prefix_path.ament:The path '/home/sarten-imusa-420/Documents/ROS/ros2_camera_ws/src/install/cam_stream' in the environment variable AMENT_PREFIX_PATH doesn't exist
[0.416s] DEBUG:colcon.colcon_installed_package_information.package_discovery:Found 1 installed packages in /home/sarten-imusa-420/Documents/ROS/ros2_camera_ws/install
[0.418s] DEBUG:colcon.colcon_installed_package_information.package_discovery:Found 284 installed packages in /opt/ros/humble
[0.420s] Level 1:colcon.colcon_core.package_discovery:discover_packages(prefix_path) using defaults
[0.499s] Level 5:colcon.colcon_core.verb:set package 'cam_stream' build argument 'cmake_args' from command line to 'None'
[0.500s] Level 5:colcon.colcon_core.verb:set package 'cam_stream' build argument 'cmake_target' from command line to 'None'
[0.500s] Level 5:colcon.colcon_core.verb:set package 'cam_stream' build argument 'cmake_target_skip_unavailable' from command line to 'False'
[0.500s] Level 5:colcon.colcon_core.verb:set package 'cam_stream' build argument 'cmake_clean_cache' from command line to 'False'
[0.500s] Level 5:colcon.colcon_core.verb:set package 'cam_stream' build argument 'cmake_clean_first' from command line to 'False'
[0.500s] Level 5:colcon.colcon_core.verb:set package 'cam_stream' build argument 'cmake_force_configure' from command line to 'False'
[0.500s] Level 5:colcon.colcon_core.verb:set package 'cam_stream' build argument 'ament_cmake_args' from command line to 'None'
[0.500s] Level 5:colcon.colcon_core.verb:set package 'cam_stream' build argument 'catkin_cmake_args' from command line to 'None'
[0.500s] Level 5:colcon.colcon_core.verb:set package 'cam_stream' build argument 'catkin_skip_building_tests' from command line to 'False'
[0.500s] DEBUG:colcon.colcon_core.verb:Building package 'cam_stream' with the following arguments: {'ament_cmake_args': None, 'build_base': '/home/sarten-imusa-420/Documents/ROS/ros2_camera_ws/build/cam_stream', 'catkin_cmake_args': None, 'catkin_skip_building_tests': False, 'cmake_args': None, 'cmake_clean_cache': False, 'cmake_clean_first': False, 'cmake_force_configure': False, 'cmake_target': None, 'cmake_target_skip_unavailable': False, 'install_base': '/home/sarten-imusa-420/Documents/ROS/ros2_camera_ws/install/cam_stream', 'merge_install': False, 'path': '/home/sarten-imusa-420/Documents/ROS/ros2_camera_ws/src/cam_stream', 'symlink_install': False, 'test_result_base': None}
[0.501s] INFO:colcon.colcon_core.executor:Executing jobs using 'parallel' executor
[0.505s] DEBUG:colcon.colcon_parallel_executor.executor.parallel:run_until_complete
[0.505s] INFO:colcon.colcon_ros.task.ament_python.build:Building ROS package in '/home/sarten-imusa-420/Documents/ROS/ros2_camera_ws/src/cam_stream' with build type 'ament_python'
[0.505s] Level 1:colcon.colcon_core.shell:create_environment_hook('cam_stream', 'ament_prefix_path')
[0.513s] INFO:colcon.colcon_core.plugin_system:Skipping extension 'colcon_core.shell.bat': Not used on non-Windows systems
[0.514s] INFO:colcon.colcon_core.shell:Creating environment hook '/home/sarten-imusa-420/Documents/ROS/ros2_camera_ws/install/cam_stream/share/cam_stream/hook/ament_prefix_path.ps1'
[0.514s] INFO:colcon.colcon_core.shell:Creating environment descriptor '/home/sarten-imusa-420/Documents/ROS/ros2_camera_ws/install/cam_stream/share/cam_stream/hook/ament_prefix_path.dsv'
[0.515s] INFO:colcon.colcon_core.shell:Creating environment hook '/home/sarten-imusa-420/Documents/ROS/ros2_camera_ws/install/cam_stream/share/cam_stream/hook/ament_prefix_path.sh'
[0.518s] INFO:colcon.colcon_core.shell:Skip shell extension 'powershell' for command environment: Not usable outside of PowerShell
[0.518s] DEBUG:colcon.colcon_core.shell:Skip shell extension 'dsv' for command environment
[0.794s] INFO:colcon.colcon_core.task.python.build:Building Python package in '/home/sarten-imusa-420/Documents/ROS/ros2_camera_ws/src/cam_stream'
[0.798s] INFO:colcon.colcon_core.shell:Skip shell extension 'powershell' for command environment: Not usable outside of PowerShell
[0.798s] DEBUG:colcon.colcon_core.shell:Skip shell extension 'dsv' for command environment
[1.169s] DEBUG:colcon.colcon_core.event_handler.log_command:Invoking command in '/home/sarten-imusa-420/Documents/ROS/ros2_camera_ws/src/cam_stream': PYTHONPATH=/home/sarten-imusa-420/Documents/ROS/ros2_camera_ws/build/cam_stream/prefix_override:/home/sarten-imusa-420/Documents/ROS/ros2_camera_ws/install/cam_stream/lib/python3.10/site-packages:${PYTHONPATH} /usr/bin/python3 setup.py egg_info --egg-base ../../build/cam_stream build --build-base /home/sarten-imusa-420/Documents/ROS/ros2_camera_ws/build/cam_stream/build install --record /home/sarten-imusa-420/Documents/ROS/ros2_camera_ws/build/cam_stream/install.log --single-version-externally-managed
[1.517s] DEBUG:colcon.colcon_core.event_handler.log_command:Invoked command in '/home/sarten-imusa-420/Documents/ROS/ros2_camera_ws/src/cam_stream' returned '0': PYTHONPATH=/home/sarten-imusa-420/Documents/ROS/ros2_camera_ws/build/cam_stream/prefix_override:/home/sarten-imusa-420/Documents/ROS/ros2_camera_ws/install/cam_stream/lib/python3.10/site-packages:${PYTHONPATH} /usr/bin/python3 setup.py egg_info --egg-base ../../build/cam_stream build --build-base /home/sarten-imusa-420/Documents/ROS/ros2_camera_ws/build/cam_stream/build install --record /home/sarten-imusa-420/Documents/ROS/ros2_camera_ws/build/cam_stream/install.log --single-version-externally-managed
[1.528s] Level 1:colcon.colcon_core.environment:checking '/home/sarten-imusa-420/Documents/ROS/ros2_camera_ws/install/cam_stream' for CMake module files
[1.529s] Level 1:colcon.colcon_core.environment:checking '/home/sarten-imusa-420/Documents/ROS/ros2_camera_ws/install/cam_stream' for CMake config files
[1.531s] Level 1:colcon.colcon_core.environment:checking '/home/sarten-imusa-420/Documents/ROS/ros2_camera_ws/install/cam_stream/lib'
[1.531s] Level 1:colcon.colcon_core.environment:checking '/home/sarten-imusa-420/Documents/ROS/ros2_camera_ws/install/cam_stream/bin'
[1.532s] Level 1:colcon.colcon_core.environment:checking '/home/sarten-imusa-420/Documents/ROS/ros2_camera_ws/install/cam_stream/lib/pkgconfig/cam_stream.pc'
[1.532s] Level 1:colcon.colcon_core.environment:checking '/home/sarten-imusa-420/Documents/ROS/ros2_camera_ws/install/cam_stream/lib/python3.10/site-packages'
[1.532s] Level 1:colcon.colcon_core.shell:create_environment_hook('cam_stream', 'pythonpath')
[1.537s] INFO:colcon.colcon_core.shell:Creating environment hook '/home/sarten-imusa-420/Documents/ROS/ros2_camera_ws/install/cam_stream/share/cam_stream/hook/pythonpath.ps1'
[1.539s] INFO:colcon.colcon_core.shell:Creating environment descriptor '/home/sarten-imusa-420/Documents/ROS/ros2_camera_ws/install/cam_stream/share/cam_stream/hook/pythonpath.dsv'
[1.540s] INFO:colcon.colcon_core.shell:Creating environment hook '/home/sarten-imusa-420/Documents/ROS/ros2_camera_ws/install/cam_stream/share/cam_stream/hook/pythonpath.sh'
[1.541s] Level 1:colcon.colcon_core.environment:checking '/home/sarten-imusa-420/Documents/ROS/ros2_camera_ws/install/cam_stream/bin'
[1.542s] Level 1:colcon.colcon_core.environment:create_environment_scripts_only(cam_stream)
[1.546s] INFO:colcon.colcon_core.shell:Creating package script '/home/sarten-imusa-420/Documents/ROS/ros2_camera_ws/install/cam_stream/share/cam_stream/package.ps1'
[1.548s] INFO:colcon.colcon_core.shell:Creating package descriptor '/home/sarten-imusa-420/Documents/ROS/ros2_camera_ws/install/cam_stream/share/cam_stream/package.dsv'
[1.550s] INFO:colcon.colcon_core.shell:Creating package script '/home/sarten-imusa-420/Documents/ROS/ros2_camera_ws/install/cam_stream/share/cam_stream/package.sh'
[1.552s] INFO:colcon.colcon_core.shell:Creating package script '/home/sarten-imusa-420/Documents/ROS/ros2_camera_ws/install/cam_stream/share/cam_stream/package.bash'
[1.554s] INFO:colcon.colcon_core.shell:Creating package script '/home/sarten-imusa-420/Documents/ROS/ros2_camera_ws/install/cam_stream/share/cam_stream/package.zsh'
[1.556s] Level 1:colcon.colcon_core.environment:create_file_with_runtime_dependencies(/home/sarten-imusa-420/Documents/ROS/ros2_camera_ws/install/cam_stream/share/colcon-core/packages/cam_stream)
[1.556s] DEBUG:colcon.colcon_parallel_executor.executor.parallel:closing loop
[1.556s] DEBUG:colcon.colcon_parallel_executor.executor.parallel:loop closed
[1.556s] DEBUG:colcon.colcon_parallel_executor.executor.parallel:run_until_complete finished with '0'
[1.556s] DEBUG:colcon.colcon_core.event_reactor:joining thread
[1.574s] INFO:colcon.colcon_core.plugin_system:Skipping extension 'colcon_notification.desktop_notification.terminal_notifier': Not used on non-Darwin systems
[1.574s] INFO:colcon.colcon_core.plugin_system:Skipping extension 'colcon_notification.desktop_notification.win32': Not used on non-Windows systems
[1.574s] INFO:colcon.colcon_notification.desktop_notification:Sending desktop notification using 'notify2'
[1.593s] DEBUG:colcon.colcon_core.event_reactor:joined thread
[1.597s] INFO:colcon.colcon_core.shell:Creating prefix script '/home/sarten-imusa-420/Documents/ROS/ros2_camera_ws/install/local_setup.ps1'
[1.600s] INFO:colcon.colcon_core.shell:Creating prefix util module '/home/sarten-imusa-420/Documents/ROS/ros2_camera_ws/install/_local_setup_util_ps1.py'
[1.604s] INFO:colcon.colcon_core.shell:Creating prefix chain script '/home/sarten-imusa-420/Documents/ROS/ros2_camera_ws/install/setup.ps1'
[1.608s] INFO:colcon.colcon_core.shell:Creating prefix script '/home/sarten-imusa-420/Documents/ROS/ros2_camera_ws/install/local_setup.sh'
[1.610s] INFO:colcon.colcon_core.shell:Creating prefix util module '/home/sarten-imusa-420/Documents/ROS/ros2_camera_ws/install/_local_setup_util_sh.py'
[1.612s] INFO:colcon.colcon_core.shell:Creating prefix chain script '/home/sarten-imusa-420/Documents/ROS/ros2_camera_ws/install/setup.sh'
[1.616s] INFO:colcon.colcon_core.shell:Creating prefix script '/home/sarten-imusa-420/Documents/ROS/ros2_camera_ws/install/local_setup.bash'
[1.617s] INFO:colcon.colcon_core.shell:Creating prefix chain script '/home/sarten-imusa-420/Documents/ROS/ros2_camera_ws/install/setup.bash'
[1.621s] INFO:colcon.colcon_core.shell:Creating prefix script '/home/sarten-imusa-420/Documents/ROS/ros2_camera_ws/install/local_setup.zsh'
[1.622s] INFO:colcon.colcon_core.shell:Creating prefix chain script '/home/sarten-imusa-420/Documents/ROS/ros2_camera_ws/install/setup.zsh'
