[1.174s] Invoking command in '/home/sarten-imusa-420/Documents/ROS/ros2_camera_ws/src/rosboard': PYTHONPATH=/home/sarten-imusa-420/Documents/ROS/ros2_camera_ws/build/rosboard/prefix_override:/home/sarten-imusa-420/Documents/ROS/ros2_camera_ws/install/rosboard/lib/python3.10/site-packages:${PYTHONPATH} /usr/bin/python3 setup.py egg_info --egg-base ../../build/rosboard build --build-base /home/sarten-imusa-420/Documents/ROS/ros2_camera_ws/build/rosboard/build install --record /home/sarten-imusa-420/Documents/ROS/ros2_camera_ws/build/rosboard/install.log --single-version-externally-managed
[1.484s] running egg_info
[1.485s] writing ../../build/rosboard/rosboard.egg-info/PKG-INFO
[1.489s] writing dependency_links to ../../build/rosboard/rosboard.egg-info/dependency_links.txt
[1.489s] writing entry points to ../../build/rosboard/rosboard.egg-info/entry_points.txt
[1.489s] writing requirements to ../../build/rosboard/rosboard.egg-info/requires.txt
[1.489s] writing top-level names to ../../build/rosboard/rosboard.egg-info/top_level.txt
[1.498s] reading manifest file '../../build/rosboard/rosboard.egg-info/SOURCES.txt'
[1.499s] adding license file 'LICENSE'
[1.502s] writing manifest file '../../build/rosboard/rosboard.egg-info/SOURCES.txt'
[1.502s] running build
[1.502s] running build_py
[1.511s] running install
[1.512s] /usr/lib/python3/dist-packages/setuptools/command/install.py:34: SetuptoolsDeprecationWarning: setup.py install is deprecated. Use build and pip and other standards-based tools.
[1.512s]   warnings.warn(
[1.512s] running install_lib
[1.520s] running install_data
[1.520s] running install_egg_info
[1.524s] removing '/home/sarten-imusa-420/Documents/ROS/ros2_camera_ws/install/rosboard/lib/python3.10/site-packages/rosboard-1.2.1-py3.10.egg-info' (and everything under it)
[1.525s] Copying ../../build/rosboard/rosboard.egg-info to /home/sarten-imusa-420/Documents/ROS/ros2_camera_ws/install/rosboard/lib/python3.10/site-packages/rosboard-1.2.1-py3.10.egg-info
[1.525s] running install_scripts
[1.557s] Installing rosboard_node script to /home/sarten-imusa-420/Documents/ROS/ros2_camera_ws/install/rosboard/lib/rosboard
[1.558s] writing list of installed files to '/home/sarten-imusa-420/Documents/ROS/ros2_camera_ws/build/rosboard/install.log'
[1.609s] Invoked command in '/home/sarten-imusa-420/Documents/ROS/ros2_camera_ws/src/rosboard' returned '0': PYTHONPATH=/home/sarten-imusa-420/Documents/ROS/ros2_camera_ws/build/rosboard/prefix_override:/home/sarten-imusa-420/Documents/ROS/ros2_camera_ws/install/rosboard/lib/python3.10/site-packages:${PYTHONPATH} /usr/bin/python3 setup.py egg_info --egg-base ../../build/rosboard build --build-base /home/sarten-imusa-420/Documents/ROS/ros2_camera_ws/build/rosboard/build install --record /home/sarten-imusa-420/Documents/ROS/ros2_camera_ws/build/rosboard/install.log --single-version-externally-managed
