[1.074s] Invoking command in '/home/sarten-imusa-420/Documents/GitHub/CosasBasicasParaQueCopies/ros2_camera_ws/build/cam_stream': PYTHONPATH=/home/sarten-imusa-420/Documents/GitHub/CosasBasicasParaQueCopies/ros2_camera_ws/build/cam_stream/prefix_override:/home/sarten-imusa-420/Documents/GitHub/CosasBasicasParaQueCopies/ros2_camera_ws/install/cam_stream/lib/python3.10/site-packages:${PYTHONPATH} /usr/bin/python3 setup.py develop --uninstall --editable --build-directory /home/sarten-imusa-420/Documents/GitHub/CosasBasicasParaQueCopies/ros2_camera_ws/build/cam_stream/build
[1.500s] running develop
[1.501s] /usr/lib/python3/dist-packages/setuptools/command/easy_install.py:158: EasyInstallDeprecationWarning: easy_install command is deprecated. Use build and pip and other standards-based tools.
[1.501s]   warnings.warn(
[1.503s] /usr/lib/python3/dist-packages/setuptools/command/install.py:34: SetuptoolsDeprecationWarning: setup.py install is deprecated. Use build and pip and other standards-based tools.
[1.504s]   warnings.warn(
[1.601s] /usr/lib/python3/dist-packages/pkg_resources/__init__.py:116: PkgResourcesDeprecationWarning: 1.16.0-unknown is an invalid version and will not be supported in a future release
[1.601s]   warnings.warn(
[1.601s] /usr/lib/python3/dist-packages/pkg_resources/__init__.py:116: PkgResourcesDeprecationWarning: 0.1.43ubuntu1 is an invalid version and will not be supported in a future release
[1.601s]   warnings.warn(
[1.602s] /usr/lib/python3/dist-packages/pkg_resources/__init__.py:116: PkgResourcesDeprecationWarning: 1.1build1 is an invalid version and will not be supported in a future release
[1.602s]   warnings.warn(
[1.777s] Removing /home/sarten-imusa-420/Documents/GitHub/CosasBasicasParaQueCopies/ros2_camera_ws/install/cam_stream/lib/python3.10/site-packages/cam-stream.egg-link (link to .)
[1.854s] Invoked command in '/home/sarten-imusa-420/Documents/GitHub/CosasBasicasParaQueCopies/ros2_camera_ws/build/cam_stream' returned '0': PYTHONPATH=/home/sarten-imusa-420/Documents/GitHub/CosasBasicasParaQueCopies/ros2_camera_ws/build/cam_stream/prefix_override:/home/sarten-imusa-420/Documents/GitHub/CosasBasicasParaQueCopies/ros2_camera_ws/install/cam_stream/lib/python3.10/site-packages:${PYTHONPATH} /usr/bin/python3 setup.py develop --uninstall --editable --build-directory /home/sarten-imusa-420/Documents/GitHub/CosasBasicasParaQueCopies/ros2_camera_ws/build/cam_stream/build
[1.857s] Invoking command in '/home/sarten-imusa-420/Documents/GitHub/CosasBasicasParaQueCopies/ros2_camera_ws/src/cam_stream': PYTHONPATH=/home/sarten-imusa-420/Documents/GitHub/CosasBasicasParaQueCopies/ros2_camera_ws/build/cam_stream/prefix_override:/home/sarten-imusa-420/Documents/GitHub/CosasBasicasParaQueCopies/ros2_camera_ws/install/cam_stream/lib/python3.10/site-packages:${PYTHONPATH} /usr/bin/python3 setup.py egg_info --egg-base ../../build/cam_stream build --build-base /home/sarten-imusa-420/Documents/GitHub/CosasBasicasParaQueCopies/ros2_camera_ws/build/cam_stream/build install --record /home/sarten-imusa-420/Documents/GitHub/CosasBasicasParaQueCopies/ros2_camera_ws/build/cam_stream/install.log --single-version-externally-managed
[2.247s] running egg_info
[2.249s] writing ../../build/cam_stream/cam_stream.egg-info/PKG-INFO
[2.250s] writing dependency_links to ../../build/cam_stream/cam_stream.egg-info/dependency_links.txt
[2.250s] writing entry points to ../../build/cam_stream/cam_stream.egg-info/entry_points.txt
[2.250s] writing requirements to ../../build/cam_stream/cam_stream.egg-info/requires.txt
[2.250s] writing top-level names to ../../build/cam_stream/cam_stream.egg-info/top_level.txt
[2.254s] reading manifest file '../../build/cam_stream/cam_stream.egg-info/SOURCES.txt'
[2.255s] writing manifest file '../../build/cam_stream/cam_stream.egg-info/SOURCES.txt'
[2.256s] running build
[2.256s] running build_py
[2.256s] copying cam_stream/realsense_node.py -> /home/sarten-imusa-420/Documents/GitHub/CosasBasicasParaQueCopies/ros2_camera_ws/build/cam_stream/build/lib/cam_stream
[2.256s] copying cam_stream/driver_node.py -> /home/sarten-imusa-420/Documents/GitHub/CosasBasicasParaQueCopies/ros2_camera_ws/build/cam_stream/build/lib/cam_stream
[2.256s] running install
[2.257s] /usr/lib/python3/dist-packages/setuptools/command/install.py:34: SetuptoolsDeprecationWarning: setup.py install is deprecated. Use build and pip and other standards-based tools.
[2.257s]   warnings.warn(
[2.257s] running install_lib
[2.259s] copying /home/sarten-imusa-420/Documents/GitHub/CosasBasicasParaQueCopies/ros2_camera_ws/build/cam_stream/build/lib/cam_stream/realsense_node.py -> /home/sarten-imusa-420/Documents/GitHub/CosasBasicasParaQueCopies/ros2_camera_ws/install/cam_stream/lib/python3.10/site-packages/cam_stream
[2.259s] copying /home/sarten-imusa-420/Documents/GitHub/CosasBasicasParaQueCopies/ros2_camera_ws/build/cam_stream/build/lib/cam_stream/driver_node.py -> /home/sarten-imusa-420/Documents/GitHub/CosasBasicasParaQueCopies/ros2_camera_ws/install/cam_stream/lib/python3.10/site-packages/cam_stream
[2.259s] copying /home/sarten-imusa-420/Documents/GitHub/CosasBasicasParaQueCopies/ros2_camera_ws/build/cam_stream/build/lib/cam_stream/image_ctrl.py -> /home/sarten-imusa-420/Documents/GitHub/CosasBasicasParaQueCopies/ros2_camera_ws/install/cam_stream/lib/python3.10/site-packages/cam_stream
[2.259s] copying /home/sarten-imusa-420/Documents/GitHub/CosasBasicasParaQueCopies/ros2_camera_ws/build/cam_stream/build/lib/cam_stream/__init__.py -> /home/sarten-imusa-420/Documents/GitHub/CosasBasicasParaQueCopies/ros2_camera_ws/install/cam_stream/lib/python3.10/site-packages/cam_stream
[2.260s] copying /home/sarten-imusa-420/Documents/GitHub/CosasBasicasParaQueCopies/ros2_camera_ws/build/cam_stream/build/lib/cam_stream/hola.py -> /home/sarten-imusa-420/Documents/GitHub/CosasBasicasParaQueCopies/ros2_camera_ws/install/cam_stream/lib/python3.10/site-packages/cam_stream
[2.260s] byte-compiling /home/sarten-imusa-420/Documents/GitHub/CosasBasicasParaQueCopies/ros2_camera_ws/install/cam_stream/lib/python3.10/site-packages/cam_stream/realsense_node.py to realsense_node.cpython-310.pyc
[2.262s] byte-compiling /home/sarten-imusa-420/Documents/GitHub/CosasBasicasParaQueCopies/ros2_camera_ws/install/cam_stream/lib/python3.10/site-packages/cam_stream/driver_node.py to driver_node.cpython-310.pyc
[2.263s] byte-compiling /home/sarten-imusa-420/Documents/GitHub/CosasBasicasParaQueCopies/ros2_camera_ws/install/cam_stream/lib/python3.10/site-packages/cam_stream/image_ctrl.py to image_ctrl.cpython-310.pyc
[2.264s] byte-compiling /home/sarten-imusa-420/Documents/GitHub/CosasBasicasParaQueCopies/ros2_camera_ws/install/cam_stream/lib/python3.10/site-packages/cam_stream/__init__.py to __init__.cpython-310.pyc
[2.264s] byte-compiling /home/sarten-imusa-420/Documents/GitHub/CosasBasicasParaQueCopies/ros2_camera_ws/install/cam_stream/lib/python3.10/site-packages/cam_stream/hola.py to hola.cpython-310.pyc
[2.265s] running install_data
[2.266s] running install_egg_info
[2.268s] Copying ../../build/cam_stream/cam_stream.egg-info to /home/sarten-imusa-420/Documents/GitHub/CosasBasicasParaQueCopies/ros2_camera_ws/install/cam_stream/lib/python3.10/site-packages/cam_stream-0.0.0-py3.10.egg-info
[2.270s] running install_scripts
[2.305s] Installing driver_node script to /home/sarten-imusa-420/Documents/GitHub/CosasBasicasParaQueCopies/ros2_camera_ws/install/cam_stream/lib/cam_stream
[2.306s] Installing image_ctrl script to /home/sarten-imusa-420/Documents/GitHub/CosasBasicasParaQueCopies/ros2_camera_ws/install/cam_stream/lib/cam_stream
[2.306s] Installing realsense_node script to /home/sarten-imusa-420/Documents/GitHub/CosasBasicasParaQueCopies/ros2_camera_ws/install/cam_stream/lib/cam_stream
[2.306s] writing list of installed files to '/home/sarten-imusa-420/Documents/GitHub/CosasBasicasParaQueCopies/ros2_camera_ws/build/cam_stream/install.log'
[2.371s] Invoked command in '/home/sarten-imusa-420/Documents/GitHub/CosasBasicasParaQueCopies/ros2_camera_ws/src/cam_stream' returned '0': PYTHONPATH=/home/sarten-imusa-420/Documents/GitHub/CosasBasicasParaQueCopies/ros2_camera_ws/build/cam_stream/prefix_override:/home/sarten-imusa-420/Documents/GitHub/CosasBasicasParaQueCopies/ros2_camera_ws/install/cam_stream/lib/python3.10/site-packages:${PYTHONPATH} /usr/bin/python3 setup.py egg_info --egg-base ../../build/cam_stream build --build-base /home/sarten-imusa-420/Documents/GitHub/CosasBasicasParaQueCopies/ros2_camera_ws/build/cam_stream/build install --record /home/sarten-imusa-420/Documents/GitHub/CosasBasicasParaQueCopies/ros2_camera_ws/build/cam_stream/install.log --single-version-externally-managed
