[0.727s] Invoking command in '/home/sarten-imusa-420/Documents/ROS/ros2_camera_ws/src/cam_stream': PYTHONPATH=/home/sarten-imusa-420/Documents/ROS/ros2_camera_ws/build/cam_stream/prefix_override:/home/sarten-imusa-420/Documents/ROS/ros2_camera_ws/install/cam_stream/lib/python3.10/site-packages:${PYTHONPATH} /usr/bin/python3 setup.py egg_info --egg-base ../../build/cam_stream build --build-base /home/sarten-imusa-420/Documents/ROS/ros2_camera_ws/build/cam_stream/build install --record /home/sarten-imusa-420/Documents/ROS/ros2_camera_ws/build/cam_stream/install.log --single-version-externally-managed
[0.985s] running egg_info
[0.986s] writing ../../build/cam_stream/cam_stream.egg-info/PKG-INFO
[0.986s] writing dependency_links to ../../build/cam_stream/cam_stream.egg-info/dependency_links.txt
[0.986s] writing entry points to ../../build/cam_stream/cam_stream.egg-info/entry_points.txt
[0.987s] writing requirements to ../../build/cam_stream/cam_stream.egg-info/requires.txt
[0.987s] writing top-level names to ../../build/cam_stream/cam_stream.egg-info/top_level.txt
[0.988s] reading manifest file '../../build/cam_stream/cam_stream.egg-info/SOURCES.txt'
[0.994s] writing manifest file '../../build/cam_stream/cam_stream.egg-info/SOURCES.txt'
[0.995s] running build
[0.995s] running build_py
[0.995s] copying cam_stream/driver_node.py -> /home/sarten-imusa-420/Documents/ROS/ros2_camera_ws/build/cam_stream/build/lib/cam_stream
[0.995s] running install
[0.996s] /usr/lib/python3/dist-packages/setuptools/command/install.py:34: SetuptoolsDeprecationWarning: setup.py install is deprecated. Use build and pip and other standards-based tools.
[0.996s]   warnings.warn(
[0.996s] running install_lib
[0.997s] copying /home/sarten-imusa-420/Documents/ROS/ros2_camera_ws/build/cam_stream/build/lib/cam_stream/driver_node.py -> /home/sarten-imusa-420/Documents/ROS/ros2_camera_ws/install/cam_stream/lib/python3.10/site-packages/cam_stream
[0.997s] byte-compiling /home/sarten-imusa-420/Documents/ROS/ros2_camera_ws/install/cam_stream/lib/python3.10/site-packages/cam_stream/driver_node.py to driver_node.cpython-310.pyc
[0.997s] running install_data
[0.998s] running install_egg_info
[0.999s] removing '/home/sarten-imusa-420/Documents/ROS/ros2_camera_ws/install/cam_stream/lib/python3.10/site-packages/cam_stream-0.0.0-py3.10.egg-info' (and everything under it)
[1.000s] Copying ../../build/cam_stream/cam_stream.egg-info to /home/sarten-imusa-420/Documents/ROS/ros2_camera_ws/install/cam_stream/lib/python3.10/site-packages/cam_stream-0.0.0-py3.10.egg-info
[1.001s] running install_scripts
[1.022s] Installing driver_node script to /home/sarten-imusa-420/Documents/ROS/ros2_camera_ws/install/cam_stream/lib/cam_stream
[1.022s] writing list of installed files to '/home/sarten-imusa-420/Documents/ROS/ros2_camera_ws/build/cam_stream/install.log'
[1.057s] Invoked command in '/home/sarten-imusa-420/Documents/ROS/ros2_camera_ws/src/cam_stream' returned '0': PYTHONPATH=/home/sarten-imusa-420/Documents/ROS/ros2_camera_ws/build/cam_stream/prefix_override:/home/sarten-imusa-420/Documents/ROS/ros2_camera_ws/install/cam_stream/lib/python3.10/site-packages:${PYTHONPATH} /usr/bin/python3 setup.py egg_info --egg-base ../../build/cam_stream build --build-base /home/sarten-imusa-420/Documents/ROS/ros2_camera_ws/build/cam_stream/build install --record /home/sarten-imusa-420/Documents/ROS/ros2_camera_ws/build/cam_stream/install.log --single-version-externally-managed
