[1.700s] Invoking command in '/home/sarten-imusa-420/Documents/ROS/ros2_camera_ws/src/rosboard': PYTHONPATH=/home/sarten-imusa-420/Documents/ROS/ros2_camera_ws/build/rosboard/prefix_override:/home/sarten-imusa-420/Documents/ROS/ros2_camera_ws/install/rosboard/lib/python3.10/site-packages:${PYTHONPATH} /usr/bin/python3 setup.py egg_info --egg-base ../../build/rosboard build --build-base /home/sarten-imusa-420/Documents/ROS/ros2_camera_ws/build/rosboard/build install --record /home/sarten-imusa-420/Documents/ROS/ros2_camera_ws/build/rosboard/install.log --single-version-externally-managed
[2.129s] running egg_info
[2.130s] writing ../../build/rosboard/rosboard.egg-info/PKG-INFO
[2.131s] writing dependency_links to ../../build/rosboard/rosboard.egg-info/dependency_links.txt
[2.132s] writing entry points to ../../build/rosboard/rosboard.egg-info/entry_points.txt
[2.132s] writing requirements to ../../build/rosboard/rosboard.egg-info/requires.txt
[2.132s] writing top-level names to ../../build/rosboard/rosboard.egg-info/top_level.txt
[2.140s] reading manifest file '../../build/rosboard/rosboard.egg-info/SOURCES.txt'
[2.142s] adding license file 'LICENSE'
[2.145s] writing manifest file '../../build/rosboard/rosboard.egg-info/SOURCES.txt'
[2.145s] running build
[2.145s] running build_py
[2.159s] running install
[2.159s] /usr/lib/python3/dist-packages/setuptools/command/install.py:34: SetuptoolsDeprecationWarning: setup.py install is deprecated. Use build and pip and other standards-based tools.
[2.159s]   warnings.warn(
[2.159s] running install_lib
[2.166s] running install_data
[2.167s] running install_egg_info
[2.172s] removing '/home/sarten-imusa-420/Documents/ROS/ros2_camera_ws/install/rosboard/lib/python3.10/site-packages/rosboard-1.2.1-py3.10.egg-info' (and everything under it)
[2.173s] Copying ../../build/rosboard/rosboard.egg-info to /home/sarten-imusa-420/Documents/ROS/ros2_camera_ws/install/rosboard/lib/python3.10/site-packages/rosboard-1.2.1-py3.10.egg-info
[2.174s] running install_scripts
[2.214s] Installing rosboard_node script to /home/sarten-imusa-420/Documents/ROS/ros2_camera_ws/install/rosboard/lib/rosboard
[2.216s] writing list of installed files to '/home/sarten-imusa-420/Documents/ROS/ros2_camera_ws/build/rosboard/install.log'
[2.303s] Invoked command in '/home/sarten-imusa-420/Documents/ROS/ros2_camera_ws/src/rosboard' returned '0': PYTHONPATH=/home/sarten-imusa-420/Documents/ROS/ros2_camera_ws/build/rosboard/prefix_override:/home/sarten-imusa-420/Documents/ROS/ros2_camera_ws/install/rosboard/lib/python3.10/site-packages:${PYTHONPATH} /usr/bin/python3 setup.py egg_info --egg-base ../../build/rosboard build --build-base /home/sarten-imusa-420/Documents/ROS/ros2_camera_ws/build/rosboard/build install --record /home/sarten-imusa-420/Documents/ROS/ros2_camera_ws/build/rosboard/install.log --single-version-externally-managed
