[0.684s] Invoking command in '/home/sarten-imusa-420/Documents/ROS/ros2_camera_ws/src/cam_stream': PYTHONPATH=/home/sarten-imusa-420/Documents/ROS/ros2_camera_ws/build/cam_stream/prefix_override:/home/sarten-imusa-420/Documents/ROS/ros2_camera_ws/install/cam_stream/lib/python3.10/site-packages:${PYTHONPATH} /usr/bin/python3 setup.py egg_info --egg-base ../../build/cam_stream build --build-base /home/sarten-imusa-420/Documents/ROS/ros2_camera_ws/build/cam_stream/build install --record /home/sarten-imusa-420/Documents/ROS/ros2_camera_ws/build/cam_stream/install.log --single-version-externally-managed
[0.921s] running egg_info
[0.922s] creating ../../build/cam_stream/cam_stream.egg-info
[0.922s] writing ../../build/cam_stream/cam_stream.egg-info/PKG-INFO
[0.922s] writing dependency_links to ../../build/cam_stream/cam_stream.egg-info/dependency_links.txt
[0.922s] writing entry points to ../../build/cam_stream/cam_stream.egg-info/entry_points.txt
[0.923s] writing requirements to ../../build/cam_stream/cam_stream.egg-info/requires.txt
[0.923s] writing top-level names to ../../build/cam_stream/cam_stream.egg-info/top_level.txt
[0.923s] writing manifest file '../../build/cam_stream/cam_stream.egg-info/SOURCES.txt'
[0.924s] reading manifest file '../../build/cam_stream/cam_stream.egg-info/SOURCES.txt'
[0.925s] writing manifest file '../../build/cam_stream/cam_stream.egg-info/SOURCES.txt'
[0.925s] running build
[0.925s] running build_py
[0.926s] creating /home/sarten-imusa-420/Documents/ROS/ros2_camera_ws/build/cam_stream/build
[0.926s] creating /home/sarten-imusa-420/Documents/ROS/ros2_camera_ws/build/cam_stream/build/lib
[0.926s] creating /home/sarten-imusa-420/Documents/ROS/ros2_camera_ws/build/cam_stream/build/lib/cam_stream
[0.926s] copying cam_stream/driver_node.py -> /home/sarten-imusa-420/Documents/ROS/ros2_camera_ws/build/cam_stream/build/lib/cam_stream
[0.927s] copying cam_stream/__init__.py -> /home/sarten-imusa-420/Documents/ROS/ros2_camera_ws/build/cam_stream/build/lib/cam_stream
[0.927s] running install
[0.927s] /usr/lib/python3/dist-packages/setuptools/command/install.py:34: SetuptoolsDeprecationWarning: setup.py install is deprecated. Use build and pip and other standards-based tools.
[0.927s]   warnings.warn(
[0.928s] running install_lib
[0.928s] creating /home/sarten-imusa-420/Documents/ROS/ros2_camera_ws/install/cam_stream/lib/python3.10/site-packages/cam_stream
[0.928s] copying /home/sarten-imusa-420/Documents/ROS/ros2_camera_ws/build/cam_stream/build/lib/cam_stream/driver_node.py -> /home/sarten-imusa-420/Documents/ROS/ros2_camera_ws/install/cam_stream/lib/python3.10/site-packages/cam_stream
[0.929s] copying /home/sarten-imusa-420/Documents/ROS/ros2_camera_ws/build/cam_stream/build/lib/cam_stream/__init__.py -> /home/sarten-imusa-420/Documents/ROS/ros2_camera_ws/install/cam_stream/lib/python3.10/site-packages/cam_stream
[0.929s] byte-compiling /home/sarten-imusa-420/Documents/ROS/ros2_camera_ws/install/cam_stream/lib/python3.10/site-packages/cam_stream/driver_node.py to driver_node.cpython-310.pyc
[0.930s] byte-compiling /home/sarten-imusa-420/Documents/ROS/ros2_camera_ws/install/cam_stream/lib/python3.10/site-packages/cam_stream/__init__.py to __init__.cpython-310.pyc
[0.930s] running install_data
[0.930s] creating /home/sarten-imusa-420/Documents/ROS/ros2_camera_ws/install/cam_stream/share/ament_index
[0.931s] creating /home/sarten-imusa-420/Documents/ROS/ros2_camera_ws/install/cam_stream/share/ament_index/resource_index
[0.931s] creating /home/sarten-imusa-420/Documents/ROS/ros2_camera_ws/install/cam_stream/share/ament_index/resource_index/packages
[0.931s] copying resource/cam_stream -> /home/sarten-imusa-420/Documents/ROS/ros2_camera_ws/install/cam_stream/share/ament_index/resource_index/packages
[0.931s] copying package.xml -> /home/sarten-imusa-420/Documents/ROS/ros2_camera_ws/install/cam_stream/share/cam_stream
[0.932s] running install_egg_info
[0.932s] Copying ../../build/cam_stream/cam_stream.egg-info to /home/sarten-imusa-420/Documents/ROS/ros2_camera_ws/install/cam_stream/lib/python3.10/site-packages/cam_stream-0.0.0-py3.10.egg-info
[0.933s] running install_scripts
[0.955s] Installing driver_node script to /home/sarten-imusa-420/Documents/ROS/ros2_camera_ws/install/cam_stream/lib/cam_stream
[0.955s] writing list of installed files to '/home/sarten-imusa-420/Documents/ROS/ros2_camera_ws/build/cam_stream/install.log'
[0.988s] Invoked command in '/home/sarten-imusa-420/Documents/ROS/ros2_camera_ws/src/cam_stream' returned '0': PYTHONPATH=/home/sarten-imusa-420/Documents/ROS/ros2_camera_ws/build/cam_stream/prefix_override:/home/sarten-imusa-420/Documents/ROS/ros2_camera_ws/install/cam_stream/lib/python3.10/site-packages:${PYTHONPATH} /usr/bin/python3 setup.py egg_info --egg-base ../../build/cam_stream build --build-base /home/sarten-imusa-420/Documents/ROS/ros2_camera_ws/build/cam_stream/build install --record /home/sarten-imusa-420/Documents/ROS/ros2_camera_ws/build/cam_stream/install.log --single-version-externally-managed
