[1.643s] Invoking command in '/home/sarten-imusa-420/Documents/ROS/ros2_camera_ws/src/rosboard': PYTHONPATH=/home/sarten-imusa-420/Documents/ROS/ros2_camera_ws/build/rosboard/prefix_override:/home/sarten-imusa-420/Documents/ROS/ros2_camera_ws/install/rosboard/lib/python3.10/site-packages:${PYTHONPATH} /usr/bin/python3 setup.py egg_info --egg-base ../../build/rosboard build --build-base /home/sarten-imusa-420/Documents/ROS/ros2_camera_ws/build/rosboard/build install --record /home/sarten-imusa-420/Documents/ROS/ros2_camera_ws/build/rosboard/install.log --single-version-externally-managed
[2.043s] running egg_info
[2.044s] writing ../../build/rosboard/rosboard.egg-info/PKG-INFO
[2.045s] writing dependency_links to ../../build/rosboard/rosboard.egg-info/dependency_links.txt
[2.045s] writing entry points to ../../build/rosboard/rosboard.egg-info/entry_points.txt
[2.045s] writing requirements to ../../build/rosboard/rosboard.egg-info/requires.txt
[2.046s] writing top-level names to ../../build/rosboard/rosboard.egg-info/top_level.txt
[2.054s] reading manifest file '../../build/rosboard/rosboard.egg-info/SOURCES.txt'
[2.055s] adding license file 'LICENSE'
[2.058s] writing manifest file '../../build/rosboard/rosboard.egg-info/SOURCES.txt'
[2.058s] running build
[2.059s] running build_py
[2.071s] running install
[2.072s] /usr/lib/python3/dist-packages/setuptools/command/install.py:34: SetuptoolsDeprecationWarning: setup.py install is deprecated. Use build and pip and other standards-based tools.
[2.072s]   warnings.warn(
[2.072s] running install_lib
[2.079s] running install_data
[2.080s] running install_egg_info
[2.086s] removing '/home/sarten-imusa-420/Documents/ROS/ros2_camera_ws/install/rosboard/lib/python3.10/site-packages/rosboard-1.2.1-py3.10.egg-info' (and everything under it)
[2.086s] Copying ../../build/rosboard/rosboard.egg-info to /home/sarten-imusa-420/Documents/ROS/ros2_camera_ws/install/rosboard/lib/python3.10/site-packages/rosboard-1.2.1-py3.10.egg-info
[2.088s] running install_scripts
[2.126s] Installing rosboard_node script to /home/sarten-imusa-420/Documents/ROS/ros2_camera_ws/install/rosboard/lib/rosboard
[2.127s] writing list of installed files to '/home/sarten-imusa-420/Documents/ROS/ros2_camera_ws/build/rosboard/install.log'
[2.218s] Invoked command in '/home/sarten-imusa-420/Documents/ROS/ros2_camera_ws/src/rosboard' returned '0': PYTHONPATH=/home/sarten-imusa-420/Documents/ROS/ros2_camera_ws/build/rosboard/prefix_override:/home/sarten-imusa-420/Documents/ROS/ros2_camera_ws/install/rosboard/lib/python3.10/site-packages:${PYTHONPATH} /usr/bin/python3 setup.py egg_info --egg-base ../../build/rosboard build --build-base /home/sarten-imusa-420/Documents/ROS/ros2_camera_ws/build/rosboard/build install --record /home/sarten-imusa-420/Documents/ROS/ros2_camera_ws/build/rosboard/install.log --single-version-externally-managed
