[0.357s] DEBUG:colcon:Command line arguments: ['/usr/bin/colcon', 'build']
[0.357s] DEBUG:colcon:Parsed command line arguments: Namespace(log_base=None, log_level=None, verb_name='build', build_base='build', install_base='install', merge_install=False, symlink_install=False, test_result_base=None, continue_on_error=False, executor='parallel', parallel_workers=8, event_handlers=None, ignore_user_meta=False, metas=['./colcon.meta'], base_paths=['.'], packages_ignore=None, packages_ignore_regex=None, paths=None, packages_up_to=None, packages_up_to_regex=None, packages_above=None, packages_above_and_dependencies=None, packages_above_depth=None, packages_select_by_dep=None, packages_skip_by_dep=None, packages_skip_up_to=None, packages_select_build_failed=False, packages_skip_build_finished=False, packages_select_test_failures=False, packages_skip_test_passed=False, packages_select=None, packages_skip=None, packages_select_regex=None, packages_skip_regex=None, packages_start=None, packages_end=None, allow_overriding=[], cmake_args=None, cmake_target=None, cmake_target_skip_unavailable=False, cmake_clean_cache=False, cmake_clean_first=False, cmake_force_configure=False, ament_cmake_args=None, catkin_cmake_args=None, catkin_skip_building_tests=False, verb_parser=<colcon_defaults.argument_parser.defaults.DefaultArgumentsDecorator object at 0x7fae191e94b0>, verb_extension=<colcon_core.verb.build.BuildVerb object at 0x7fae19a4e500>, main=<bound method BuildVerb.main of <colcon_core.verb.build.BuildVerb object at 0x7fae19a4e500>>)
[0.419s] Level 1:colcon.colcon_core.package_discovery:discover_packages(colcon_meta) check parameters
[0.419s] Level 1:colcon.colcon_core.package_discovery:discover_packages(recursive) check parameters
[0.419s] Level 1:colcon.colcon_core.package_discovery:discover_packages(ignore) check parameters
[0.420s] Level 1:colcon.colcon_core.package_discovery:discover_packages(path) check parameters
[0.420s] Level 1:colcon.colcon_core.package_discovery:discover_packages(colcon_meta) discover
[0.420s] Level 1:colcon.colcon_core.package_discovery:discover_packages(recursive) discover
[0.420s] INFO:colcon.colcon_core.package_discovery:Crawling recursively for packages in '/home/sarten-imusa-420/Documents/ROS/ros2_camera_ws'
[0.420s] Level 1:colcon.colcon_core.package_identification:_identify(.) by extensions ['ignore', 'ignore_ament_install']
[0.420s] Level 1:colcon.colcon_core.package_identification:_identify(.) by extension 'ignore'
[0.420s] Level 1:colcon.colcon_core.package_identification:_identify(.) by extension 'ignore_ament_install'
[0.420s] Level 1:colcon.colcon_core.package_identification:_identify(.) by extensions ['colcon_pkg']
[0.420s] Level 1:colcon.colcon_core.package_identification:_identify(.) by extension 'colcon_pkg'
[0.420s] Level 1:colcon.colcon_core.package_identification:_identify(.) by extensions ['colcon_meta']
[0.421s] Level 1:colcon.colcon_core.package_identification:_identify(.) by extension 'colcon_meta'
[0.421s] Level 1:colcon.colcon_core.package_identification:_identify(.) by extensions ['ros']
[0.421s] Level 1:colcon.colcon_core.package_identification:_identify(.) by extension 'ros'
[0.435s] Level 1:colcon.colcon_core.package_identification:_identify(.) by extensions ['cmake', 'python']
[0.436s] Level 1:colcon.colcon_core.package_identification:_identify(.) by extension 'cmake'
[0.436s] Level 1:colcon.colcon_core.package_identification:_identify(.) by extension 'python'
[0.436s] Level 1:colcon.colcon_core.package_identification:_identify(.) by extensions ['python_setup_py']
[0.436s] Level 1:colcon.colcon_core.package_identification:_identify(.) by extension 'python_setup_py'
[0.436s] Level 1:colcon.colcon_core.package_identification:_identify(build) by extensions ['ignore', 'ignore_ament_install']
[0.436s] Level 1:colcon.colcon_core.package_identification:_identify(build) by extension 'ignore'
[0.436s] Level 1:colcon.colcon_core.package_identification:_identify(build) ignored
[0.437s] Level 1:colcon.colcon_core.package_identification:_identify(install) by extensions ['ignore', 'ignore_ament_install']
[0.437s] Level 1:colcon.colcon_core.package_identification:_identify(install) by extension 'ignore'
[0.437s] Level 1:colcon.colcon_core.package_identification:_identify(install) ignored
[0.437s] Level 1:colcon.colcon_core.package_identification:_identify(log) by extensions ['ignore', 'ignore_ament_install']
[0.437s] Level 1:colcon.colcon_core.package_identification:_identify(log) by extension 'ignore'
[0.437s] Level 1:colcon.colcon_core.package_identification:_identify(log) ignored
[0.437s] Level 1:colcon.colcon_core.package_identification:_identify(src) by extensions ['ignore', 'ignore_ament_install']
[0.437s] Level 1:colcon.colcon_core.package_identification:_identify(src) by extension 'ignore'
[0.437s] Level 1:colcon.colcon_core.package_identification:_identify(src) by extension 'ignore_ament_install'
[0.437s] Level 1:colcon.colcon_core.package_identification:_identify(src) by extensions ['colcon_pkg']
[0.437s] Level 1:colcon.colcon_core.package_identification:_identify(src) by extension 'colcon_pkg'
[0.438s] Level 1:colcon.colcon_core.package_identification:_identify(src) by extensions ['colcon_meta']
[0.438s] Level 1:colcon.colcon_core.package_identification:_identify(src) by extension 'colcon_meta'
[0.438s] Level 1:colcon.colcon_core.package_identification:_identify(src) by extensions ['ros']
[0.438s] Level 1:colcon.colcon_core.package_identification:_identify(src) by extension 'ros'
[0.438s] Level 1:colcon.colcon_core.package_identification:_identify(src) by extensions ['cmake', 'python']
[0.438s] Level 1:colcon.colcon_core.package_identification:_identify(src) by extension 'cmake'
[0.438s] Level 1:colcon.colcon_core.package_identification:_identify(src) by extension 'python'
[0.438s] Level 1:colcon.colcon_core.package_identification:_identify(src) by extensions ['python_setup_py']
[0.438s] Level 1:colcon.colcon_core.package_identification:_identify(src) by extension 'python_setup_py'
[0.438s] Level 1:colcon.colcon_core.package_identification:_identify(src/cam_stream) by extensions ['ignore', 'ignore_ament_install']
[0.438s] Level 1:colcon.colcon_core.package_identification:_identify(src/cam_stream) by extension 'ignore'
[0.438s] Level 1:colcon.colcon_core.package_identification:_identify(src/cam_stream) by extension 'ignore_ament_install'
[0.438s] Level 1:colcon.colcon_core.package_identification:_identify(src/cam_stream) by extensions ['colcon_pkg']
[0.438s] Level 1:colcon.colcon_core.package_identification:_identify(src/cam_stream) by extension 'colcon_pkg'
[0.438s] Level 1:colcon.colcon_core.package_identification:_identify(src/cam_stream) by extensions ['colcon_meta']
[0.438s] Level 1:colcon.colcon_core.package_identification:_identify(src/cam_stream) by extension 'colcon_meta'
[0.438s] Level 1:colcon.colcon_core.package_identification:_identify(src/cam_stream) by extensions ['ros']
[0.439s] Level 1:colcon.colcon_core.package_identification:_identify(src/cam_stream) by extension 'ros'
[0.442s] DEBUG:colcon.colcon_core.package_identification:Package 'src/cam_stream' with type 'ros.ament_python' and name 'cam_stream'
[0.442s] Level 1:colcon.colcon_core.package_identification:_identify(src/rosboard) by extensions ['ignore', 'ignore_ament_install']
[0.442s] Level 1:colcon.colcon_core.package_identification:_identify(src/rosboard) by extension 'ignore'
[0.443s] Level 1:colcon.colcon_core.package_identification:_identify(src/rosboard) by extension 'ignore_ament_install'
[0.443s] Level 1:colcon.colcon_core.package_identification:_identify(src/rosboard) by extensions ['colcon_pkg']
[0.443s] Level 1:colcon.colcon_core.package_identification:_identify(src/rosboard) by extension 'colcon_pkg'
[0.443s] Level 1:colcon.colcon_core.package_identification:_identify(src/rosboard) by extensions ['colcon_meta']
[0.443s] Level 1:colcon.colcon_core.package_identification:_identify(src/rosboard) by extension 'colcon_meta'
[0.443s] Level 1:colcon.colcon_core.package_identification:_identify(src/rosboard) by extensions ['ros']
[0.443s] Level 1:colcon.colcon_core.package_identification:_identify(src/rosboard) by extension 'ros'
[0.446s] DEBUG:colcon.colcon_core.package_identification:Package 'src/rosboard' with type 'ros.ament_python' and name 'rosboard'
[0.447s] Level 1:colcon.colcon_core.package_discovery:discover_packages(recursive) using defaults
[0.447s] Level 1:colcon.colcon_core.package_discovery:discover_packages(ignore) discover
[0.447s] Level 1:colcon.colcon_core.package_discovery:discover_packages(ignore) using defaults
[0.447s] Level 1:colcon.colcon_core.package_discovery:discover_packages(path) discover
[0.447s] Level 1:colcon.colcon_core.package_discovery:discover_packages(path) using defaults
[0.478s] Level 1:colcon.colcon_core.package_discovery:discover_packages(prefix_path) check parameters
[0.478s] Level 1:colcon.colcon_core.package_discovery:discover_packages(prefix_path) discover
[0.482s] DEBUG:colcon.colcon_installed_package_information.package_discovery:Found 2 installed packages in /home/sarten-imusa-420/Documents/ROS/ros2_camera_ws/install
[0.484s] DEBUG:colcon.colcon_installed_package_information.package_discovery:Found 284 installed packages in /opt/ros/humble
[0.486s] Level 1:colcon.colcon_core.package_discovery:discover_packages(prefix_path) using defaults
[0.566s] Level 5:colcon.colcon_core.verb:set package 'cam_stream' build argument 'cmake_args' from command line to 'None'
[0.566s] Level 5:colcon.colcon_core.verb:set package 'cam_stream' build argument 'cmake_target' from command line to 'None'
[0.566s] Level 5:colcon.colcon_core.verb:set package 'cam_stream' build argument 'cmake_target_skip_unavailable' from command line to 'False'
[0.566s] Level 5:colcon.colcon_core.verb:set package 'cam_stream' build argument 'cmake_clean_cache' from command line to 'False'
[0.566s] Level 5:colcon.colcon_core.verb:set package 'cam_stream' build argument 'cmake_clean_first' from command line to 'False'
[0.567s] Level 5:colcon.colcon_core.verb:set package 'cam_stream' build argument 'cmake_force_configure' from command line to 'False'
[0.567s] Level 5:colcon.colcon_core.verb:set package 'cam_stream' build argument 'ament_cmake_args' from command line to 'None'
[0.567s] Level 5:colcon.colcon_core.verb:set package 'cam_stream' build argument 'catkin_cmake_args' from command line to 'None'
[0.567s] Level 5:colcon.colcon_core.verb:set package 'cam_stream' build argument 'catkin_skip_building_tests' from command line to 'False'
[0.567s] DEBUG:colcon.colcon_core.verb:Building package 'cam_stream' with the following arguments: {'ament_cmake_args': None, 'build_base': '/home/sarten-imusa-420/Documents/ROS/ros2_camera_ws/build/cam_stream', 'catkin_cmake_args': None, 'catkin_skip_building_tests': False, 'cmake_args': None, 'cmake_clean_cache': False, 'cmake_clean_first': False, 'cmake_force_configure': False, 'cmake_target': None, 'cmake_target_skip_unavailable': False, 'install_base': '/home/sarten-imusa-420/Documents/ROS/ros2_camera_ws/install/cam_stream', 'merge_install': False, 'path': '/home/sarten-imusa-420/Documents/ROS/ros2_camera_ws/src/cam_stream', 'symlink_install': False, 'test_result_base': None}
[0.568s] Level 5:colcon.colcon_core.verb:set package 'rosboard' build argument 'cmake_args' from command line to 'None'
[0.568s] Level 5:colcon.colcon_core.verb:set package 'rosboard' build argument 'cmake_target' from command line to 'None'
[0.568s] Level 5:colcon.colcon_core.verb:set package 'rosboard' build argument 'cmake_target_skip_unavailable' from command line to 'False'
[0.568s] Level 5:colcon.colcon_core.verb:set package 'rosboard' build argument 'cmake_clean_cache' from command line to 'False'
[0.568s] Level 5:colcon.colcon_core.verb:set package 'rosboard' build argument 'cmake_clean_first' from command line to 'False'
[0.568s] Level 5:colcon.colcon_core.verb:set package 'rosboard' build argument 'cmake_force_configure' from command line to 'False'
[0.568s] Level 5:colcon.colcon_core.verb:set package 'rosboard' build argument 'ament_cmake_args' from command line to 'None'
[0.568s] Level 5:colcon.colcon_core.verb:set package 'rosboard' build argument 'catkin_cmake_args' from command line to 'None'
[0.568s] Level 5:colcon.colcon_core.verb:set package 'rosboard' build argument 'catkin_skip_building_tests' from command line to 'False'
[0.568s] DEBUG:colcon.colcon_core.verb:Building package 'rosboard' with the following arguments: {'ament_cmake_args': None, 'build_base': '/home/sarten-imusa-420/Documents/ROS/ros2_camera_ws/build/rosboard', 'catkin_cmake_args': None, 'catkin_skip_building_tests': False, 'cmake_args': None, 'cmake_clean_cache': False, 'cmake_clean_first': False, 'cmake_force_configure': False, 'cmake_target': None, 'cmake_target_skip_unavailable': False, 'install_base': '/home/sarten-imusa-420/Documents/ROS/ros2_camera_ws/install/rosboard', 'merge_install': False, 'path': '/home/sarten-imusa-420/Documents/ROS/ros2_camera_ws/src/rosboard', 'symlink_install': False, 'test_result_base': None}
[0.569s] INFO:colcon.colcon_core.executor:Executing jobs using 'parallel' executor
[0.573s] DEBUG:colcon.colcon_parallel_executor.executor.parallel:run_until_complete
[0.573s] INFO:colcon.colcon_ros.task.ament_python.build:Building ROS package in '/home/sarten-imusa-420/Documents/ROS/ros2_camera_ws/src/cam_stream' with build type 'ament_python'
[0.573s] Level 1:colcon.colcon_core.shell:create_environment_hook('cam_stream', 'ament_prefix_path')
[0.580s] INFO:colcon.colcon_core.plugin_system:Skipping extension 'colcon_core.shell.bat': Not used on non-Windows systems
[0.580s] INFO:colcon.colcon_core.shell:Creating environment hook '/home/sarten-imusa-420/Documents/ROS/ros2_camera_ws/install/cam_stream/share/cam_stream/hook/ament_prefix_path.ps1'
[0.581s] INFO:colcon.colcon_core.shell:Creating environment descriptor '/home/sarten-imusa-420/Documents/ROS/ros2_camera_ws/install/cam_stream/share/cam_stream/hook/ament_prefix_path.dsv'
[0.582s] INFO:colcon.colcon_core.shell:Creating environment hook '/home/sarten-imusa-420/Documents/ROS/ros2_camera_ws/install/cam_stream/share/cam_stream/hook/ament_prefix_path.sh'
[0.584s] INFO:colcon.colcon_core.shell:Skip shell extension 'powershell' for command environment: Not usable outside of PowerShell
[0.584s] DEBUG:colcon.colcon_core.shell:Skip shell extension 'dsv' for command environment
[0.590s] INFO:colcon.colcon_ros.task.ament_python.build:Building ROS package in '/home/sarten-imusa-420/Documents/ROS/ros2_camera_ws/src/rosboard' with build type 'ament_python'
[0.590s] Level 1:colcon.colcon_core.shell:create_environment_hook('rosboard', 'ament_prefix_path')
[0.591s] INFO:colcon.colcon_core.shell:Creating environment hook '/home/sarten-imusa-420/Documents/ROS/ros2_camera_ws/install/rosboard/share/rosboard/hook/ament_prefix_path.ps1'
[0.592s] INFO:colcon.colcon_core.shell:Creating environment descriptor '/home/sarten-imusa-420/Documents/ROS/ros2_camera_ws/install/rosboard/share/rosboard/hook/ament_prefix_path.dsv'
[0.593s] INFO:colcon.colcon_core.shell:Creating environment hook '/home/sarten-imusa-420/Documents/ROS/ros2_camera_ws/install/rosboard/share/rosboard/hook/ament_prefix_path.sh'
[0.595s] INFO:colcon.colcon_core.shell:Skip shell extension 'powershell' for command environment: Not usable outside of PowerShell
[0.595s] DEBUG:colcon.colcon_core.shell:Skip shell extension 'dsv' for command environment
[0.913s] INFO:colcon.colcon_core.task.python.build:Building Python package in '/home/sarten-imusa-420/Documents/ROS/ros2_camera_ws/src/cam_stream'
[0.915s] INFO:colcon.colcon_core.shell:Skip shell extension 'powershell' for command environment: Not usable outside of PowerShell
[0.915s] DEBUG:colcon.colcon_core.shell:Skip shell extension 'dsv' for command environment
[1.271s] WARNING:colcon.colcon_ros.task.ament_python.build:Package 'rosboard' doesn't explicitly install a marker in the package index (colcon-ros currently does it implicitly but that fallback will be removed in the future)
[1.272s] INFO:colcon.colcon_core.task.python.build:Building Python package in '/home/sarten-imusa-420/Documents/ROS/ros2_camera_ws/src/rosboard'
[1.275s] INFO:colcon.colcon_core.shell:Skip shell extension 'powershell' for command environment: Not usable outside of PowerShell
[1.276s] DEBUG:colcon.colcon_core.shell:Skip shell extension 'dsv' for command environment
[1.759s] DEBUG:colcon.colcon_core.event_handler.log_command:Invoking command in '/home/sarten-imusa-420/Documents/ROS/ros2_camera_ws/src/cam_stream': PYTHONPATH=/home/sarten-imusa-420/Documents/ROS/ros2_camera_ws/build/cam_stream/prefix_override:/home/sarten-imusa-420/Documents/ROS/ros2_camera_ws/install/cam_stream/lib/python3.10/site-packages:${PYTHONPATH} /usr/bin/python3 setup.py egg_info --egg-base ../../build/cam_stream build --build-base /home/sarten-imusa-420/Documents/ROS/ros2_camera_ws/build/cam_stream/build install --record /home/sarten-imusa-420/Documents/ROS/ros2_camera_ws/build/cam_stream/install.log --single-version-externally-managed
[1.764s] DEBUG:colcon.colcon_core.event_handler.log_command:Invoking command in '/home/sarten-imusa-420/Documents/ROS/ros2_camera_ws/src/rosboard': PYTHONPATH=/home/sarten-imusa-420/Documents/ROS/ros2_camera_ws/build/rosboard/prefix_override:/home/sarten-imusa-420/Documents/ROS/ros2_camera_ws/install/rosboard/lib/python3.10/site-packages:${PYTHONPATH} /usr/bin/python3 setup.py egg_info --egg-base ../../build/rosboard build --build-base /home/sarten-imusa-420/Documents/ROS/ros2_camera_ws/build/rosboard/build install --record /home/sarten-imusa-420/Documents/ROS/ros2_camera_ws/build/rosboard/install.log --single-version-externally-managed
[2.134s] DEBUG:colcon.colcon_core.event_handler.log_command:Invoked command in '/home/sarten-imusa-420/Documents/ROS/ros2_camera_ws/src/cam_stream' returned '0': PYTHONPATH=/home/sarten-imusa-420/Documents/ROS/ros2_camera_ws/build/cam_stream/prefix_override:/home/sarten-imusa-420/Documents/ROS/ros2_camera_ws/install/cam_stream/lib/python3.10/site-packages:${PYTHONPATH} /usr/bin/python3 setup.py egg_info --egg-base ../../build/cam_stream build --build-base /home/sarten-imusa-420/Documents/ROS/ros2_camera_ws/build/cam_stream/build install --record /home/sarten-imusa-420/Documents/ROS/ros2_camera_ws/build/cam_stream/install.log --single-version-externally-managed
[2.146s] Level 1:colcon.colcon_core.environment:checking '/home/sarten-imusa-420/Documents/ROS/ros2_camera_ws/install/cam_stream' for CMake module files
[2.148s] Level 1:colcon.colcon_core.environment:checking '/home/sarten-imusa-420/Documents/ROS/ros2_camera_ws/install/cam_stream' for CMake config files
[2.150s] Level 1:colcon.colcon_core.environment:checking '/home/sarten-imusa-420/Documents/ROS/ros2_camera_ws/install/cam_stream/lib'
[2.150s] Level 1:colcon.colcon_core.environment:checking '/home/sarten-imusa-420/Documents/ROS/ros2_camera_ws/install/cam_stream/bin'
[2.151s] Level 1:colcon.colcon_core.environment:checking '/home/sarten-imusa-420/Documents/ROS/ros2_camera_ws/install/cam_stream/lib/pkgconfig/cam_stream.pc'
[2.151s] Level 1:colcon.colcon_core.environment:checking '/home/sarten-imusa-420/Documents/ROS/ros2_camera_ws/install/cam_stream/lib/python3.10/site-packages'
[2.151s] Level 1:colcon.colcon_core.shell:create_environment_hook('cam_stream', 'pythonpath')
[2.154s] INFO:colcon.colcon_core.shell:Creating environment hook '/home/sarten-imusa-420/Documents/ROS/ros2_camera_ws/install/cam_stream/share/cam_stream/hook/pythonpath.ps1'
[2.155s] INFO:colcon.colcon_core.shell:Creating environment descriptor '/home/sarten-imusa-420/Documents/ROS/ros2_camera_ws/install/cam_stream/share/cam_stream/hook/pythonpath.dsv'
[2.156s] INFO:colcon.colcon_core.shell:Creating environment hook '/home/sarten-imusa-420/Documents/ROS/ros2_camera_ws/install/cam_stream/share/cam_stream/hook/pythonpath.sh'
[2.157s] Level 1:colcon.colcon_core.environment:checking '/home/sarten-imusa-420/Documents/ROS/ros2_camera_ws/install/cam_stream/bin'
[2.157s] Level 1:colcon.colcon_core.environment:create_environment_scripts_only(cam_stream)
[2.161s] INFO:colcon.colcon_core.shell:Creating package script '/home/sarten-imusa-420/Documents/ROS/ros2_camera_ws/install/cam_stream/share/cam_stream/package.ps1'
[2.163s] INFO:colcon.colcon_core.shell:Creating package descriptor '/home/sarten-imusa-420/Documents/ROS/ros2_camera_ws/install/cam_stream/share/cam_stream/package.dsv'
[2.164s] INFO:colcon.colcon_core.shell:Creating package script '/home/sarten-imusa-420/Documents/ROS/ros2_camera_ws/install/cam_stream/share/cam_stream/package.sh'
[2.166s] INFO:colcon.colcon_core.shell:Creating package script '/home/sarten-imusa-420/Documents/ROS/ros2_camera_ws/install/cam_stream/share/cam_stream/package.bash'
[2.168s] INFO:colcon.colcon_core.shell:Creating package script '/home/sarten-imusa-420/Documents/ROS/ros2_camera_ws/install/cam_stream/share/cam_stream/package.zsh'
[2.170s] Level 1:colcon.colcon_core.environment:create_file_with_runtime_dependencies(/home/sarten-imusa-420/Documents/ROS/ros2_camera_ws/install/cam_stream/share/colcon-core/packages/cam_stream)
[2.198s] Level 1:colcon.colcon_core.environment:checking '/home/sarten-imusa-420/Documents/ROS/ros2_camera_ws/install/rosboard' for CMake module files
[2.199s] DEBUG:colcon.colcon_core.event_handler.log_command:Invoked command in '/home/sarten-imusa-420/Documents/ROS/ros2_camera_ws/src/rosboard' returned '0': PYTHONPATH=/home/sarten-imusa-420/Documents/ROS/ros2_camera_ws/build/rosboard/prefix_override:/home/sarten-imusa-420/Documents/ROS/ros2_camera_ws/install/rosboard/lib/python3.10/site-packages:${PYTHONPATH} /usr/bin/python3 setup.py egg_info --egg-base ../../build/rosboard build --build-base /home/sarten-imusa-420/Documents/ROS/ros2_camera_ws/build/rosboard/build install --record /home/sarten-imusa-420/Documents/ROS/ros2_camera_ws/build/rosboard/install.log --single-version-externally-managed
[2.204s] Level 1:colcon.colcon_core.environment:checking '/home/sarten-imusa-420/Documents/ROS/ros2_camera_ws/install/rosboard' for CMake config files
[2.212s] Level 1:colcon.colcon_core.environment:checking '/home/sarten-imusa-420/Documents/ROS/ros2_camera_ws/install/rosboard/lib'
[2.213s] Level 1:colcon.colcon_core.environment:checking '/home/sarten-imusa-420/Documents/ROS/ros2_camera_ws/install/rosboard/bin'
[2.213s] Level 1:colcon.colcon_core.environment:checking '/home/sarten-imusa-420/Documents/ROS/ros2_camera_ws/install/rosboard/lib/pkgconfig/rosboard.pc'
[2.213s] Level 1:colcon.colcon_core.environment:checking '/home/sarten-imusa-420/Documents/ROS/ros2_camera_ws/install/rosboard/lib/python3.10/site-packages'
[2.213s] Level 1:colcon.colcon_core.shell:create_environment_hook('rosboard', 'pythonpath')
[2.215s] INFO:colcon.colcon_core.shell:Creating environment hook '/home/sarten-imusa-420/Documents/ROS/ros2_camera_ws/install/rosboard/share/rosboard/hook/pythonpath.ps1'
[2.216s] INFO:colcon.colcon_core.shell:Creating environment descriptor '/home/sarten-imusa-420/Documents/ROS/ros2_camera_ws/install/rosboard/share/rosboard/hook/pythonpath.dsv'
[2.216s] INFO:colcon.colcon_core.shell:Creating environment hook '/home/sarten-imusa-420/Documents/ROS/ros2_camera_ws/install/rosboard/share/rosboard/hook/pythonpath.sh'
[2.217s] Level 1:colcon.colcon_core.environment:checking '/home/sarten-imusa-420/Documents/ROS/ros2_camera_ws/install/rosboard/bin'
[2.217s] Level 1:colcon.colcon_core.environment:create_environment_scripts_only(rosboard)
[2.220s] INFO:colcon.colcon_core.shell:Creating package script '/home/sarten-imusa-420/Documents/ROS/ros2_camera_ws/install/rosboard/share/rosboard/package.ps1'
[2.221s] INFO:colcon.colcon_core.shell:Creating package descriptor '/home/sarten-imusa-420/Documents/ROS/ros2_camera_ws/install/rosboard/share/rosboard/package.dsv'
[2.221s] INFO:colcon.colcon_core.shell:Creating package script '/home/sarten-imusa-420/Documents/ROS/ros2_camera_ws/install/rosboard/share/rosboard/package.sh'
[2.222s] INFO:colcon.colcon_core.shell:Creating package script '/home/sarten-imusa-420/Documents/ROS/ros2_camera_ws/install/rosboard/share/rosboard/package.bash'
[2.222s] INFO:colcon.colcon_core.shell:Creating package script '/home/sarten-imusa-420/Documents/ROS/ros2_camera_ws/install/rosboard/share/rosboard/package.zsh'
[2.223s] Level 1:colcon.colcon_core.environment:create_file_with_runtime_dependencies(/home/sarten-imusa-420/Documents/ROS/ros2_camera_ws/install/rosboard/share/colcon-core/packages/rosboard)
[2.223s] DEBUG:colcon.colcon_parallel_executor.executor.parallel:closing loop
[2.224s] DEBUG:colcon.colcon_parallel_executor.executor.parallel:loop closed
[2.224s] DEBUG:colcon.colcon_parallel_executor.executor.parallel:run_until_complete finished with '0'
[2.224s] DEBUG:colcon.colcon_core.event_reactor:joining thread
[2.238s] INFO:colcon.colcon_core.plugin_system:Skipping extension 'colcon_notification.desktop_notification.terminal_notifier': Not used on non-Darwin systems
[2.239s] INFO:colcon.colcon_core.plugin_system:Skipping extension 'colcon_notification.desktop_notification.win32': Not used on non-Windows systems
[2.239s] INFO:colcon.colcon_notification.desktop_notification:Sending desktop notification using 'notify2'
[2.279s] DEBUG:colcon.colcon_core.event_reactor:joined thread
[2.282s] INFO:colcon.colcon_core.shell:Creating prefix script '/home/sarten-imusa-420/Documents/ROS/ros2_camera_ws/install/local_setup.ps1'
[2.283s] INFO:colcon.colcon_core.shell:Creating prefix util module '/home/sarten-imusa-420/Documents/ROS/ros2_camera_ws/install/_local_setup_util_ps1.py'
[2.285s] INFO:colcon.colcon_core.shell:Creating prefix chain script '/home/sarten-imusa-420/Documents/ROS/ros2_camera_ws/install/setup.ps1'
[2.288s] INFO:colcon.colcon_core.shell:Creating prefix script '/home/sarten-imusa-420/Documents/ROS/ros2_camera_ws/install/local_setup.sh'
[2.288s] INFO:colcon.colcon_core.shell:Creating prefix util module '/home/sarten-imusa-420/Documents/ROS/ros2_camera_ws/install/_local_setup_util_sh.py'
[2.289s] INFO:colcon.colcon_core.shell:Creating prefix chain script '/home/sarten-imusa-420/Documents/ROS/ros2_camera_ws/install/setup.sh'
[2.291s] INFO:colcon.colcon_core.shell:Creating prefix script '/home/sarten-imusa-420/Documents/ROS/ros2_camera_ws/install/local_setup.bash'
[2.292s] INFO:colcon.colcon_core.shell:Creating prefix chain script '/home/sarten-imusa-420/Documents/ROS/ros2_camera_ws/install/setup.bash'
[2.294s] INFO:colcon.colcon_core.shell:Creating prefix script '/home/sarten-imusa-420/Documents/ROS/ros2_camera_ws/install/local_setup.zsh'
[2.295s] INFO:colcon.colcon_core.shell:Creating prefix chain script '/home/sarten-imusa-420/Documents/ROS/ros2_camera_ws/install/setup.zsh'
