[1.072s] Invoking command in '/home/sarten-imusa-420/Documents/ROS/ros2_camera_ws/src/cam_stream': PYTHONPATH=/home/sarten-imusa-420/Documents/ROS/ros2_camera_ws/build/cam_stream/prefix_override:/home/sarten-imusa-420/Documents/ROS/ros2_camera_ws/install/cam_stream/lib/python3.10/site-packages:${PYTHONPATH} /usr/bin/python3 setup.py egg_info --egg-base ../../build/cam_stream build --build-base /home/sarten-imusa-420/Documents/ROS/ros2_camera_ws/build/cam_stream/build install --record /home/sarten-imusa-420/Documents/ROS/ros2_camera_ws/build/cam_stream/install.log --single-version-externally-managed
[1.456s] running egg_info
[1.458s] writing ../../build/cam_stream/cam_stream.egg-info/PKG-INFO
[1.458s] writing dependency_links to ../../build/cam_stream/cam_stream.egg-info/dependency_links.txt
[1.458s] writing entry points to ../../build/cam_stream/cam_stream.egg-info/entry_points.txt
[1.458s] writing requirements to ../../build/cam_stream/cam_stream.egg-info/requires.txt
[1.458s] writing top-level names to ../../build/cam_stream/cam_stream.egg-info/top_level.txt
[1.462s] reading manifest file '../../build/cam_stream/cam_stream.egg-info/SOURCES.txt'
[1.467s] writing manifest file '../../build/cam_stream/cam_stream.egg-info/SOURCES.txt'
[1.467s] running build
[1.468s] running build_py
[1.468s] copying cam_stream/driver_node.py -> /home/sarten-imusa-420/Documents/ROS/ros2_camera_ws/build/cam_stream/build/lib/cam_stream
[1.468s] running install
[1.468s] /usr/lib/python3/dist-packages/setuptools/command/install.py:34: SetuptoolsDeprecationWarning: setup.py install is deprecated. Use build and pip and other standards-based tools.
[1.468s]   warnings.warn(
[1.468s] running install_lib
[1.470s] copying /home/sarten-imusa-420/Documents/ROS/ros2_camera_ws/build/cam_stream/build/lib/cam_stream/driver_node.py -> /home/sarten-imusa-420/Documents/ROS/ros2_camera_ws/install/cam_stream/lib/python3.10/site-packages/cam_stream
[1.471s] byte-compiling /home/sarten-imusa-420/Documents/ROS/ros2_camera_ws/install/cam_stream/lib/python3.10/site-packages/cam_stream/driver_node.py to driver_node.cpython-310.pyc
[1.472s] running install_data
[1.473s] running install_egg_info
[1.476s] removing '/home/sarten-imusa-420/Documents/ROS/ros2_camera_ws/install/cam_stream/lib/python3.10/site-packages/cam_stream-0.0.0-py3.10.egg-info' (and everything under it)
[1.477s] Copying ../../build/cam_stream/cam_stream.egg-info to /home/sarten-imusa-420/Documents/ROS/ros2_camera_ws/install/cam_stream/lib/python3.10/site-packages/cam_stream-0.0.0-py3.10.egg-info
[1.478s] running install_scripts
[1.512s] Installing driver_node script to /home/sarten-imusa-420/Documents/ROS/ros2_camera_ws/install/cam_stream/lib/cam_stream
[1.513s] writing list of installed files to '/home/sarten-imusa-420/Documents/ROS/ros2_camera_ws/build/cam_stream/install.log'
[1.576s] Invoked command in '/home/sarten-imusa-420/Documents/ROS/ros2_camera_ws/src/cam_stream' returned '0': PYTHONPATH=/home/sarten-imusa-420/Documents/ROS/ros2_camera_ws/build/cam_stream/prefix_override:/home/sarten-imusa-420/Documents/ROS/ros2_camera_ws/install/cam_stream/lib/python3.10/site-packages:${PYTHONPATH} /usr/bin/python3 setup.py egg_info --egg-base ../../build/cam_stream build --build-base /home/sarten-imusa-420/Documents/ROS/ros2_camera_ws/build/cam_stream/build install --record /home/sarten-imusa-420/Documents/ROS/ros2_camera_ws/build/cam_stream/install.log --single-version-externally-managed
